{"D:\\MyWork\\vue3-cli-ts\\lib\\SchemaForm.tsx": {"path":"D:\\MyWork\\vue3-cli-ts\\lib\\SchemaForm.tsx","statementMap":{"0":{"start":{"line":1,"column":0},"end":{"line":1,"column":null}},"1":{"start":{"line":3,"column":0},"end":{"line":3,"column":null}},"2":{"start":{"line":4,"column":0},"end":{"line":4,"column":null}},"3":{"start":{"line":5,"column":0},"end":{"line":30,"column":null}},"4":{"start":{"line":21,"column":20},"end":{"line":23,"column":null}},"5":{"start":{"line":24,"column":4},"end":{"line":24,"column":null}},"6":{"start":{"line":26,"column":4},"end":{"line":28,"column":null}},"7":{"start":{"line":27,"column":6},"end":{"line":27,"column":null}}},"fnMap":{"0":{"name":"(anonymous_1)","decl":{"start":{"line":20,"column":2},"end":{"line":20,"column":7}},"loc":{"start":{"line":20,"column":37},"end":{"line":29,"column":null}}},"1":{"name":"(anonymous_2)","decl":{"start":{"line":26,"column":11},"end":{"line":26,"column":16}},"loc":{"start":{"line":26,"column":16},"end":{"line":28,"column":5}}}},"branchMap":{},"s":{"0":1,"1":1,"2":1,"3":1,"4":1,"5":1,"6":1,"7":1},"f":{"0":1,"1":1},"b":{}}
,"D:\\MyWork\\vue3-cli-ts\\lib\\SchemaFormItems.tsx": {"path":"D:\\MyWork\\vue3-cli-ts\\lib\\SchemaFormItems.tsx","statementMap":{"0":{"start":{"line":1,"column":0},"end":{"line":1,"column":null}},"1":{"start":{"line":2,"column":0},"end":{"line":2,"column":null}},"2":{"start":{"line":3,"column":0},"end":{"line":3,"column":null}},"3":{"start":{"line":4,"column":0},"end":{"line":4,"column":null}},"4":{"start":{"line":5,"column":0},"end":{"line":5,"column":null}},"5":{"start":{"line":6,"column":0},"end":{"line":6,"column":null}},"6":{"start":{"line":7,"column":0},"end":{"line":7,"column":null}},"7":{"start":{"line":9,"column":0},"end":{"line":42,"column":null}},"8":{"start":{"line":13,"column":31},"end":{"line":16,"column":6}},"9":{"start":{"line":14,"column":44},"end":{"line":14,"column":49}},"10":{"start":{"line":15,"column":6},"end":{"line":15,"column":null}},"11":{"start":{"line":17,"column":4},"end":{"line":40,"column":null}},"12":{"start":{"line":18,"column":25},"end":{"line":18,"column":30}},"13":{"start":{"line":19,"column":30},"end":{"line":19,"column":54}},"14":{"start":{"line":21,"column":19},"end":{"line":21,"column":31}},"15":{"start":{"line":25,"column":10},"end":{"line":25,"column":null}},"16":{"start":{"line":26,"column":10},"end":{"line":26,"column":null}},"17":{"start":{"line":28,"column":10},"end":{"line":28,"column":null}},"18":{"start":{"line":29,"column":10},"end":{"line":29,"column":null}},"19":{"start":{"line":31,"column":10},"end":{"line":31,"column":null}},"20":{"start":{"line":32,"column":10},"end":{"line":32,"column":null}},"21":{"start":{"line":34,"column":10},"end":{"line":34,"column":null}},"22":{"start":{"line":35,"column":10},"end":{"line":35,"column":null}},"23":{"start":{"line":37,"column":10},"end":{"line":37,"column":null}},"24":{"start":{"line":39,"column":6},"end":{"line":39,"column":null}}},"fnMap":{"0":{"name":"(anonymous_1)","decl":{"start":{"line":12,"column":2},"end":{"line":12,"column":7}},"loc":{"start":{"line":12,"column":37},"end":{"line":41,"column":null}}},"1":{"name":"(anonymous_2)","decl":{"start":{"line":13,"column":40},"end":{"line":13,"column":45}},"loc":{"start":{"line":13,"column":45},"end":{"line":16,"column":5}}},"2":{"name":"(anonymous_3)","decl":{"start":{"line":17,"column":11},"end":{"line":17,"column":16}},"loc":{"start":{"line":17,"column":16},"end":{"line":40,"column":5}}}},"branchMap":{"0":{"loc":{"start":{"line":24,"column":8},"end":{"line":26,"column":null}},"type":"switch","locations":[{"start":{"line":24,"column":8},"end":{"line":26,"column":null}},{"start":{"line":27,"column":8},"end":{"line":29,"column":null}},{"start":{"line":30,"column":8},"end":{"line":32,"column":null}},{"start":{"line":33,"column":8},"end":{"line":35,"column":null}},{"start":{"line":36,"column":8},"end":{"line":37,"column":null}}]}},"s":{"0":1,"1":1,"2":1,"3":1,"4":1,"5":1,"6":1,"7":1,"8":1,"9":1,"10":1,"11":1,"12":1,"13":1,"14":1,"15":0,"16":0,"17":1,"18":1,"19":0,"20":0,"21":0,"22":0,"23":0,"24":1},"f":{"0":1,"1":1,"2":1},"b":{"0":[0,1,0,0,0]}}
,"D:\\MyWork\\vue3-cli-ts\\lib\\context.ts": {"path":"D:\\MyWork\\vue3-cli-ts\\lib\\context.ts","statementMap":{"0":{"start":{"line":2,"column":0},"end":{"line":2,"column":null}},"1":{"start":{"line":3,"column":13},"end":{"line":3,"column":null}},"2":{"start":{"line":7,"column":4},"end":{"line":7,"column":32}},"3":{"start":{"line":9,"column":4},"end":{"line":9,"column":null}},"4":{"start":{"line":11,"column":2},"end":{"line":11,"column":null}},"5":{"start":{"line":5,"column":0},"end":{"line":5,"column":16}}},"fnMap":{"0":{"name":"useVJSFContext","decl":{"start":{"line":5,"column":16},"end":{"line":5,"column":30}},"loc":{"start":{"line":5,"column":30},"end":{"line":12,"column":null}}}},"branchMap":{},"s":{"0":1,"1":1,"2":0,"3":0,"4":0,"5":1},"f":{"0":0},"b":{}}
,"D:\\MyWork\\vue3-cli-ts\\lib\\index.ts": {"path":"D:\\MyWork\\vue3-cli-ts\\lib\\index.ts","statementMap":{"0":{"start":{"line":1,"column":0},"end":{"line":1,"column":null}},"1":{"start":{"line":2,"column":0},"end":{"line":2,"column":7}},"2":{"start":{"line":4,"column":9},"end":{"line":2,"column":null}},"3":{"start":{"line":3,"column":0},"end":{"line":3,"column":null}}},"fnMap":{},"branchMap":{},"s":{"0":1,"1":1,"2":1,"3":1},"f":{},"b":{}}
,"D:\\MyWork\\vue3-cli-ts\\lib\\types.ts": {"path":"D:\\MyWork\\vue3-cli-ts\\lib\\types.ts","statementMap":{"0":{"start":{"line":1,"column":0},"end":{"line":1,"column":null}},"1":{"start":{"line":3,"column":0},"end":{"line":3,"column":null}},"2":{"start":{"line":4,"column":2},"end":{"line":4,"column":null}},"3":{"start":{"line":5,"column":2},"end":{"line":5,"column":null}},"4":{"start":{"line":6,"column":2},"end":{"line":6,"column":null}},"5":{"start":{"line":7,"column":2},"end":{"line":7,"column":null}},"6":{"start":{"line":8,"column":2},"end":{"line":8,"column":null}},"7":{"start":{"line":9,"column":2},"end":{"line":9,"column":null}},"8":{"start":{"line":49,"column":13},"end":{"line":65,"column":11}},"9":{"start":{"line":67,"column":13},"end":{"line":69,"column":null}}},"fnMap":{"0":{"name":"(anonymous_0)","decl":{"start":{"line":3,"column":0},"end":{"line":3,"column":12}},"loc":{"start":{"line":3,"column":23},"end":{"line":10,"column":1}}}},"branchMap":{"0":{"loc":{"start":{"line":3,"column":12},"end":{"line":3,"column":null}},"type":"binary-expr","locations":[{"start":{"line":3,"column":12},"end":{"line":3,"column":23}},{"start":{"line":3,"column":12},"end":{"line":3,"column":null}}]}},"s":{"0":1,"1":1,"2":1,"3":1,"4":1,"5":1,"6":1,"7":1,"8":1,"9":1},"f":{"0":1},"b":{"0":[1,1]}}
,"D:\\MyWork\\vue3-cli-ts\\lib\\utils.ts": {"path":"D:\\MyWork\\vue3-cli-ts\\lib\\utils.ts","statementMap":{"0":{"start":{"line":1,"column":0},"end":{"line":1,"column":null}},"1":{"start":{"line":5,"column":0},"end":{"line":5,"column":null}},"2":{"start":{"line":6,"column":0},"end":{"line":6,"column":null}},"3":{"start":{"line":7,"column":0},"end":{"line":7,"column":null}},"4":{"start":{"line":10,"column":2},"end":{"line":10,"column":null}},"5":{"start":{"line":9,"column":0},"end":{"line":9,"column":16}},"6":{"start":{"line":14,"column":2},"end":{"line":14,"column":null}},"7":{"start":{"line":13,"column":0},"end":{"line":13,"column":16}},"8":{"start":{"line":22,"column":2},"end":{"line":22,"column":null}},"9":{"start":{"line":17,"column":0},"end":{"line":17,"column":16}},"10":{"start":{"line":29,"column":24},"end":{"line":29,"column":33}},"11":{"start":{"line":31,"column":16},"end":{"line":31,"column":54}},"12":{"start":{"line":32,"column":2},"end":{"line":35,"column":null}},"13":{"start":{"line":30,"column":0},"end":{"line":30,"column":16}},"14":{"start":{"line":42,"column":4},"end":{"line":42,"column":null}},"15":{"start":{"line":44,"column":27},"end":{"line":44,"column":76}},"16":{"start":{"line":45,"column":4},"end":{"line":45,"column":null}},"17":{"start":{"line":47,"column":4},"end":{"line":52,"column":null}},"18":{"start":{"line":50,"column":8},"end":{"line":50,"column":60}},"19":{"start":{"line":55,"column":4},"end":{"line":55,"column":null}},"20":{"start":{"line":40,"column":0},"end":{"line":40,"column":16}},"21":{"start":{"line":65,"column":4},"end":{"line":65,"column":null}},"22":{"start":{"line":67,"column":23},"end":{"line":67,"column":66}},"23":{"start":{"line":72,"column":6},"end":{"line":76,"column":null}},"24":{"start":{"line":78,"column":6},"end":{"line":78,"column":null}},"25":{"start":{"line":79,"column":55},"end":{"line":79,"column":69}},"26":{"start":{"line":80,"column":6},"end":{"line":80,"column":null}},"27":{"start":{"line":84,"column":4},"end":{"line":85,"column":49}},"28":{"start":{"line":88,"column":4},"end":{"line":92,"column":null}},"29":{"start":{"line":94,"column":2},"end":{"line":94,"column":null}},"30":{"start":{"line":59,"column":0},"end":{"line":59,"column":16}},"31":{"start":{"line":97,"column":13},"end":{"line":97,"column":null}},"32":{"start":{"line":105,"column":2},"end":{"line":108,"column":null}},"33":{"start":{"line":110,"column":2},"end":{"line":133,"column":null}},"34":{"start":{"line":113,"column":6},"end":{"line":113,"column":null}},"35":{"start":{"line":118,"column":6},"end":{"line":122,"column":null}},"36":{"start":{"line":124,"column":6},"end":{"line":124,"column":null}},"37":{"start":{"line":126,"column":6},"end":{"line":126,"column":null}},"38":{"start":{"line":130,"column":5},"end":{"line":130,"column":null}},"39":{"start":{"line":132,"column":5},"end":{"line":132,"column":null}},"40":{"start":{"line":135,"column":2},"end":{"line":135,"column":null}},"41":{"start":{"line":99,"column":0},"end":{"line":99,"column":16}},"42":{"start":{"line":153,"column":21},"end":{"line":153,"column":66}},"43":{"start":{"line":155,"column":35},"end":{"line":155,"column":41}},"44":{"start":{"line":157,"column":2},"end":{"line":161,"column":null}},"45":{"start":{"line":165,"column":18},"end":{"line":165,"column":22}},"46":{"start":{"line":168,"column":4},"end":{"line":168,"column":null}},"47":{"start":{"line":170,"column":4},"end":{"line":170,"column":null}},"48":{"start":{"line":172,"column":18},"end":{"line":172,"column":51}},"49":{"start":{"line":174,"column":4},"end":{"line":174,"column":null}},"50":{"start":{"line":178,"column":4},"end":{"line":178,"column":null}},"51":{"start":{"line":180,"column":2},"end":{"line":180,"column":null}},"52":{"start":{"line":164,"column":0},"end":{"line":164,"column":16}},"53":{"start":{"line":189,"column":49},"end":{"line":189,"column":55}},"54":{"start":{"line":191,"column":4},"end":{"line":194,"column":null}},"55":{"start":{"line":196,"column":4},"end":{"line":199,"column":null}},"56":{"start":{"line":201,"column":2},"end":{"line":206,"column":null}},"57":{"start":{"line":218,"column":6},"end":{"line":218,"column":null}},"58":{"start":{"line":225,"column":6},"end":{"line":225,"column":null}},"59":{"start":{"line":228,"column":6},"end":{"line":228,"column":18}},"60":{"start":{"line":230,"column":6},"end":{"line":230,"column":null}},"61":{"start":{"line":232,"column":6},"end":{"line":238,"column":null}},"62":{"start":{"line":240,"column":4},"end":{"line":245,"column":null}},"63":{"start":{"line":247,"column":2},"end":{"line":247,"column":null}},"64":{"start":{"line":252,"column":4},"end":{"line":252,"column":null}},"65":{"start":{"line":254,"column":19},"end":{"line":256,"column":26}},"66":{"start":{"line":257,"column":2},"end":{"line":257,"column":null}},"67":{"start":{"line":268,"column":40},"end":{"line":271,"column":null}},"68":{"start":{"line":273,"column":2},"end":{"line":273,"column":null}},"69":{"start":{"line":276,"column":4},"end":{"line":276,"column":null}},"70":{"start":{"line":278,"column":4},"end":{"line":278,"column":null}},"71":{"start":{"line":281,"column":24},"end":{"line":284,"column":null}},"72":{"start":{"line":282,"column":4},"end":{"line":284,"column":17}},"73":{"start":{"line":286,"column":2},"end":{"line":292,"column":null}},"74":{"start":{"line":302,"column":26},"end":{"line":318,"column":4}},"75":{"start":{"line":304,"column":6},"end":{"line":304,"column":null}},"76":{"start":{"line":306,"column":57},"end":{"line":306,"column":77}},"77":{"start":{"line":308,"column":30},"end":{"line":313,"column":null}},"78":{"start":{"line":315,"column":25},"end":{"line":315,"column":64}},"79":{"start":{"line":316,"column":6},"end":{"line":316,"column":null}},"80":{"start":{"line":320,"column":4},"end":{"line":322,"column":null}},"81":{"start":{"line":323,"column":4},"end":{"line":323,"column":null}},"82":{"start":{"line":326,"column":20},"end":{"line":326,"column":38}},"83":{"start":{"line":328,"column":4},"end":{"line":328,"column":24}},"84":{"start":{"line":329,"column":26},"end":{"line":329,"column":74}},"85":{"start":{"line":330,"column":2},"end":{"line":334,"column":null}},"86":{"start":{"line":343,"column":14},"end":{"line":343,"column":37}},"87":{"start":{"line":344,"column":2},"end":{"line":364,"column":null}},"88":{"start":{"line":345,"column":17},"end":{"line":345,"column":38}},"89":{"start":{"line":346,"column":14},"end":{"line":346,"column":23}},"90":{"start":{"line":348,"column":6},"end":{"line":348,"column":null}},"91":{"start":{"line":359,"column":6},"end":{"line":359,"column":null}},"92":{"start":{"line":361,"column":6},"end":{"line":361,"column":null}},"93":{"start":{"line":363,"column":4},"end":{"line":363,"column":null}},"94":{"start":{"line":342,"column":0},"end":{"line":342,"column":16}},"95":{"start":{"line":377,"column":19},"end":{"line":377,"column":25}},"96":{"start":{"line":380,"column":4},"end":{"line":380,"column":null}},"97":{"start":{"line":384,"column":4},"end":{"line":384,"column":null}},"98":{"start":{"line":388,"column":4},"end":{"line":388,"column":null}},"99":{"start":{"line":391,"column":17},"end":{"line":391,"column":21}},"100":{"start":{"line":393,"column":4},"end":{"line":393,"column":null}},"101":{"start":{"line":393,"column":28},"end":{"line":393,"column":43}},"102":{"start":{"line":396,"column":2},"end":{"line":396,"column":null}},"103":{"start":{"line":376,"column":0},"end":{"line":376,"column":16}},"104":{"start":{"line":425,"column":25},"end":{"line":441,"column":1}},"105":{"start":{"line":427,"column":4},"end":{"line":427,"column":null}},"106":{"start":{"line":429,"column":4},"end":{"line":429,"column":null}},"107":{"start":{"line":431,"column":4},"end":{"line":431,"column":null}},"108":{"start":{"line":433,"column":4},"end":{"line":433,"column":null}},"109":{"start":{"line":435,"column":4},"end":{"line":435,"column":null}},"110":{"start":{"line":437,"column":4},"end":{"line":437,"column":null}},"111":{"start":{"line":440,"column":2},"end":{"line":440,"column":null}},"112":{"start":{"line":425,"column":13},"end":{"line":425,"column":25}},"113":{"start":{"line":444,"column":2},"end":{"line":446,"column":null}},"114":{"start":{"line":443,"column":0},"end":{"line":443,"column":16}},"115":{"start":{"line":451,"column":17},"end":{"line":451,"column":52}},"116":{"start":{"line":452,"column":21},"end":{"line":452,"column":49}},"117":{"start":{"line":454,"column":4},"end":{"line":454,"column":null}},"118":{"start":{"line":456,"column":4},"end":{"line":456,"column":null}},"119":{"start":{"line":456,"column":44},"end":{"line":456,"column":66}},"120":{"start":{"line":458,"column":2},"end":{"line":458,"column":null}},"121":{"start":{"line":450,"column":0},"end":{"line":450,"column":16}},"122":{"start":{"line":463,"column":4},"end":{"line":463,"column":null}},"123":{"start":{"line":465,"column":2},"end":{"line":465,"column":null}},"124":{"start":{"line":461,"column":0},"end":{"line":461,"column":16}},"125":{"start":{"line":474,"column":15},"end":{"line":474,"column":16}},"126":{"start":{"line":475,"column":19},"end":{"line":475,"column":29}},"127":{"start":{"line":487,"column":28},"end":{"line":491,"column":null}},"128":{"start":{"line":488,"column":60},"end":{"line":490,"column":10}},"129":{"start":{"line":498,"column":36},"end":{"line":498,"column":42}},"130":{"start":{"line":501,"column":10},"end":{"line":501,"column":null}},"131":{"start":{"line":504,"column":10},"end":{"line":504,"column":null}},"132":{"start":{"line":507,"column":8},"end":{"line":507,"column":null}},"133":{"start":{"line":509,"column":8},"end":{"line":509,"column":null}},"134":{"start":{"line":511,"column":8},"end":{"line":511,"column":null}},"135":{"start":{"line":516,"column":6},"end":{"line":516,"column":null}},"136":{"start":{"line":519,"column":8},"end":{"line":519,"column":null}},"137":{"start":{"line":522,"column":6},"end":{"line":522,"column":null}},"138":{"start":{"line":525,"column":2},"end":{"line":525,"column":null}},"139":{"start":{"line":469,"column":0},"end":{"line":469,"column":16}},"140":{"start":{"line":531,"column":6},"end":{"line":531,"column":null}},"141":{"start":{"line":533,"column":4},"end":{"line":538,"column":null}},"142":{"start":{"line":535,"column":8},"end":{"line":535,"column":null}},"143":{"start":{"line":537,"column":6},"end":{"line":537,"column":null}},"144":{"start":{"line":540,"column":16},"end":{"line":540,"column":43}},"145":{"start":{"line":541,"column":4},"end":{"line":547,"column":null}},"146":{"start":{"line":542,"column":6},"end":{"line":545,"column":null}},"147":{"start":{"line":546,"column":6},"end":{"line":546,"column":null}},"148":{"start":{"line":549,"column":4},"end":{"line":549,"column":null}},"149":{"start":{"line":528,"column":0},"end":{"line":528,"column":16}},"150":{"start":{"line":560,"column":4},"end":{"line":560,"column":null}},"151":{"start":{"line":563,"column":19},"end":{"line":563,"column":34}},"152":{"start":{"line":574,"column":4},"end":{"line":574,"column":null}},"153":{"start":{"line":577,"column":4},"end":{"line":577,"column":null}},"154":{"start":{"line":580,"column":4},"end":{"line":580,"column":null}},"155":{"start":{"line":582,"column":2},"end":{"line":582,"column":null}},"156":{"start":{"line":553,"column":0},"end":{"line":553,"column":16}}},"fnMap":{"0":{"name":"isObject","decl":{"start":{"line":9,"column":16},"end":{"line":9,"column":24}},"loc":{"start":{"line":9,"column":35},"end":{"line":11,"column":null}}},"1":{"name":"isEmptyObject","decl":{"start":{"line":13,"column":16},"end":{"line":13,"column":29}},"loc":{"start":{"line":13,"column":40},"end":{"line":15,"column":null}}},"2":{"name":"hasOwnProperty","decl":{"start":{"line":17,"column":16},"end":{"line":17,"column":30}},"loc":{"start":{"line":17,"column":52},"end":{"line":23,"column":null}}},"3":{"name":"validateData","decl":{"start":{"line":30,"column":16},"end":{"line":30,"column":28}},"loc":{"start":{"line":30,"column":51},"end":{"line":36,"column":null}}},"4":{"name":"resolveSchema","decl":{"start":{"line":40,"column":16},"end":{"line":40,"column":29}},"loc":{"start":{"line":40,"column":76},"end":{"line":57,"column":null}}},"5":{"name":"(anonymous_6)","decl":{"start":{"line":49,"column":31},"end":{"line":49,"column":45}},"loc":{"start":{"line":50,"column":8},"end":{"line":50,"column":60}}},"6":{"name":"retrieveSchema","decl":{"start":{"line":59,"column":16},"end":{"line":59,"column":30}},"loc":{"start":{"line":62,"column":20},"end":{"line":95,"column":null}}},"7":{"name":"stubExistingAdditionalProperties","decl":{"start":{"line":99,"column":16},"end":{"line":99,"column":48}},"loc":{"start":{"line":102,"column":20},"end":{"line":136,"column":null}}},"8":{"name":"(anonymous_9)","decl":{"start":{"line":110,"column":33},"end":{"line":110,"column":36}},"loc":{"start":{"line":110,"column":40},"end":{"line":133,"column":3}}},"9":{"name":"resolveReference","decl":{"start":{"line":151,"column":9},"end":{"line":151,"column":25}},"loc":{"start":{"line":151,"column":69},"end":{"line":162,"column":null}}},"10":{"name":"findSchemaDefinition","decl":{"start":{"line":164,"column":16},"end":{"line":164,"column":36}},"loc":{"start":{"line":164,"column":66},"end":{"line":181,"column":null}}},"11":{"name":"resolveDependencies","decl":{"start":{"line":183,"column":9},"end":{"line":183,"column":28}},"loc":{"start":{"line":186,"column":15},"end":{"line":207,"column":null}}},"12":{"name":"processDependencies","decl":{"start":{"line":208,"column":9},"end":{"line":208,"column":28}},"loc":{"start":{"line":212,"column":15},"end":{"line":248,"column":null}}},"13":{"name":"withDependentProperties","decl":{"start":{"line":250,"column":9},"end":{"line":250,"column":32}},"loc":{"start":{"line":250,"column":71},"end":{"line":258,"column":null}}},"14":{"name":"withDependentSchema","decl":{"start":{"line":260,"column":9},"end":{"line":260,"column":28}},"loc":{"start":{"line":265,"column":22},"end":{"line":293,"column":null}}},"15":{"name":"(anonymous_16)","decl":{"start":{"line":281,"column":35},"end":{"line":281,"column":44}},"loc":{"start":{"line":282,"column":4},"end":{"line":284,"column":17}}},"16":{"name":"withExactlyOneSubschema","decl":{"start":{"line":295,"column":9},"end":{"line":295,"column":32}},"loc":{"start":{"line":300,"column":12},"end":{"line":335,"column":null}}},"17":{"name":"(anonymous_18)","decl":{"start":{"line":302,"column":40},"end":{"line":302,"column":54}},"loc":{"start":{"line":302,"column":58},"end":{"line":318,"column":3}}},"18":{"name":"mergeSchemas","decl":{"start":{"line":342,"column":16},"end":{"line":342,"column":28}},"loc":{"start":{"line":342,"column":49},"end":{"line":365,"column":null}}},"19":{"name":"(anonymous_20)","decl":{"start":{"line":344,"column":34},"end":{"line":344,"column":35}},"loc":{"start":{"line":344,"column":47},"end":{"line":364,"column":3}}},"20":{"name":"getSchemaType","decl":{"start":{"line":376,"column":16},"end":{"line":376,"column":29}},"loc":{"start":{"line":376,"column":44},"end":{"line":421,"column":null}}},"21":{"name":"(anonymous_22)","decl":{"start":{"line":393,"column":19},"end":{"line":393,"column":23}},"loc":{"start":{"line":393,"column":28},"end":{"line":393,"column":43}}},"22":{"name":"guessType","decl":{"start":{"line":425,"column":34},"end":{"line":425,"column":43}},"loc":{"start":{"line":425,"column":54},"end":{"line":441,"column":1}}},"23":{"name":"isConstant","decl":{"start":{"line":443,"column":16},"end":{"line":443,"column":26}},"loc":{"start":{"line":443,"column":41},"end":{"line":448,"column":null}}},"24":{"name":"isSelect","decl":{"start":{"line":450,"column":16},"end":{"line":450,"column":24}},"loc":{"start":{"line":450,"column":62},"end":{"line":459,"column":null}}},"25":{"name":"(anonymous_26)","decl":{"start":{"line":456,"column":29},"end":{"line":456,"column":39}},"loc":{"start":{"line":456,"column":44},"end":{"line":456,"column":66}}},"26":{"name":"isMultiSelect","decl":{"start":{"line":461,"column":16},"end":{"line":461,"column":29}},"loc":{"start":{"line":461,"column":69},"end":{"line":466,"column":null}}},"27":{"name":"getMatchingOption","decl":{"start":{"line":469,"column":16},"end":{"line":469,"column":33}},"loc":{"start":{"line":472,"column":49},"end":{"line":526,"column":null}}},"28":{"name":"(anonymous_29)","decl":{"start":{"line":488,"column":51},"end":{"line":488,"column":54}},"loc":{"start":{"line":488,"column":60},"end":{"line":490,"column":10}}},"29":{"name":"mergeDefaultsWithFormData","decl":{"start":{"line":528,"column":16},"end":{"line":528,"column":41}},"loc":{"start":{"line":528,"column":70},"end":{"line":551,"column":null}}},"30":{"name":"(anonymous_31)","decl":{"start":{"line":533,"column":24},"end":{"line":533,"column":25}},"loc":{"start":{"line":533,"column":39},"end":{"line":538,"column":5}}},"31":{"name":"(anonymous_32)","decl":{"start":{"line":541,"column":40},"end":{"line":541,"column":41}},"loc":{"start":{"line":541,"column":53},"end":{"line":547,"column":5}}},"32":{"name":"getDefaultFormState","decl":{"start":{"line":553,"column":16},"end":{"line":553,"column":35}},"loc":{"start":{"line":555,"column":15},"end":{"line":583,"column":null}}}},"branchMap":{"0":{"loc":{"start":{"line":10,"column":9},"end":{"line":10,"column":77}},"type":"binary-expr","locations":[{"start":{"line":10,"column":9},"end":{"line":10,"column":34}},{"start":{"line":10,"column":38},"end":{"line":10,"column":52}},{"start":{"line":10,"column":56},"end":{"line":10,"column":77}}]},"1":{"loc":{"start":{"line":14,"column":9},"end":{"line":14,"column":59}},"type":"binary-expr","locations":[{"start":{"line":14,"column":9},"end":{"line":14,"column":24}},{"start":{"line":14,"column":28},"end":{"line":14,"column":59}}]},"2":{"loc":{"start":{"line":40,"column":46},"end":{"line":40,"column":61}},"type":"default-arg","locations":[{"start":{"line":40,"column":59},"end":{"line":40,"column":61}}]},"3":{"loc":{"start":{"line":40,"column":63},"end":{"line":40,"column":76}},"type":"default-arg","locations":[{"start":{"line":40,"column":74},"end":{"line":40,"column":76}}]},"4":{"loc":{"start":{"line":46,"column":13},"end":{"line":46,"column":75}},"type":"binary-expr","locations":[{"start":{"line":46,"column":13},"end":{"line":46,"column":44}},{"start":{"line":46,"column":48},"end":{"line":46,"column":75}}]},"5":{"loc":{"start":{"line":61,"column":2},"end":{"line":61,"column":17}},"type":"default-arg","locations":[{"start":{"line":61,"column":15},"end":{"line":61,"column":17}}]},"6":{"loc":{"start":{"line":62,"column":2},"end":{"line":62,"column":20}},"type":"default-arg","locations":[{"start":{"line":62,"column":18},"end":{"line":62,"column":20}}]},"7":{"loc":{"start":{"line":84,"column":4},"end":{"line":85,"column":49}},"type":"binary-expr","locations":[{"start":{"line":84,"column":4},"end":{"line":84,"column":57}},{"start":{"line":85,"column":4},"end":{"line":85,"column":49}}]},"8":{"loc":{"start":{"line":101,"column":2},"end":{"line":101,"column":25}},"type":"default-arg","locations":[{"start":{"line":101,"column":23},"end":{"line":101,"column":25}}]},"9":{"loc":{"start":{"line":102,"column":2},"end":{"line":102,"column":20}},"type":"default-arg","locations":[{"start":{"line":102,"column":18},"end":{"line":102,"column":20}}]},"10":{"loc":{"start":{"line":164,"column":51},"end":{"line":164,"column":66}},"type":"default-arg","locations":[{"start":{"line":164,"column":64},"end":{"line":164,"column":66}}]},"11":{"loc":{"start":{"line":189,"column":8},"end":{"line":189,"column":25}},"type":"default-arg","locations":[{"start":{"line":189,"column":23},"end":{"line":189,"column":25}}]},"12":{"loc":{"start":{"line":222,"column":6},"end":{"line":223,"column":51}},"type":"binary-expr","locations":[{"start":{"line":222,"column":6},"end":{"line":222,"column":31}},{"start":{"line":223,"column":6},"end":{"line":223,"column":51}}]},"13":{"loc":{"start":{"line":254,"column":19},"end":{"line":256,"column":26}},"type":"cond-expr","locations":[{"start":{"line":255,"column":6},"end":{"line":255,"column":72}},{"start":{"line":256,"column":6},"end":{"line":256,"column":26}}]},"14":{"loc":{"start":{"line":282,"column":4},"end":{"line":284,"column":17}},"type":"cond-expr","locations":[{"start":{"line":283,"column":8},"end":{"line":283,"column":57}},{"start":{"line":284,"column":8},"end":{"line":284,"column":17}}]},"15":{"loc":{"start":{"line":316,"column":13},"end":{"line":316,"column":43}},"type":"binary-expr","locations":[{"start":{"line":316,"column":13},"end":{"line":316,"column":20}},{"start":{"line":316,"column":24},"end":{"line":316,"column":43}}]},"16":{"loc":{"start":{"line":345,"column":17},"end":{"line":345,"column":38}},"type":"cond-expr","locations":[{"start":{"line":345,"column":24},"end":{"line":345,"column":33}},{"start":{"line":345,"column":36},"end":{"line":345,"column":38}}]},"17":{"loc":{"start":{"line":347,"column":8},"end":{"line":347,"column":60}},"type":"binary-expr","locations":[{"start":{"line":347,"column":8},"end":{"line":347,"column":12}},{"start":{"line":347,"column":16},"end":{"line":347,"column":41}},{"start":{"line":347,"column":45},"end":{"line":347,"column":60}}]},"18":{"loc":{"start":{"line":350,"column":6},"end":{"line":355,"column":26}},"type":"binary-expr","locations":[{"start":{"line":350,"column":6},"end":{"line":350,"column":10}},{"start":{"line":351,"column":6},"end":{"line":351,"column":10}},{"start":{"line":352,"column":7},"end":{"line":352,"column":39}},{"start":{"line":352,"column":43},"end":{"line":352,"column":75}},{"start":{"line":353,"column":6},"end":{"line":353,"column":24}},{"start":{"line":354,"column":6},"end":{"line":354,"column":25}},{"start":{"line":355,"column":6},"end":{"line":355,"column":26}}]},"19":{"loc":{"start":{"line":379,"column":6},"end":{"line":379,"column":27}},"type":"binary-expr","locations":[{"start":{"line":379,"column":6},"end":{"line":379,"column":11}},{"start":{"line":379,"column":15},"end":{"line":379,"column":27}}]},"20":{"loc":{"start":{"line":383,"column":6},"end":{"line":383,"column":26}},"type":"binary-expr","locations":[{"start":{"line":383,"column":6},"end":{"line":383,"column":11}},{"start":{"line":383,"column":15},"end":{"line":383,"column":26}}]},"21":{"loc":{"start":{"line":387,"column":6},"end":{"line":387,"column":65}},"type":"binary-expr","locations":[{"start":{"line":387,"column":6},"end":{"line":387,"column":11}},{"start":{"line":387,"column":16},"end":{"line":387,"column":33}},{"start":{"line":387,"column":37},"end":{"line":387,"column":64}}]},"22":{"loc":{"start":{"line":392,"column":6},"end":{"line":392,"column":64}},"type":"binary-expr","locations":[{"start":{"line":392,"column":6},"end":{"line":392,"column":24}},{"start":{"line":392,"column":28},"end":{"line":392,"column":42}},{"start":{"line":392,"column":46},"end":{"line":392,"column":64}}]},"23":{"loc":{"start":{"line":445,"column":5},"end":{"line":446,"column":34}},"type":"binary-expr","locations":[{"start":{"line":445,"column":5},"end":{"line":445,"column":31}},{"start":{"line":445,"column":35},"end":{"line":445,"column":59}},{"start":{"line":446,"column":4},"end":{"line":446,"column":34}}]},"24":{"loc":{"start":{"line":450,"column":39},"end":{"line":450,"column":62}},"type":"default-arg","locations":[{"start":{"line":450,"column":60},"end":{"line":450,"column":62}}]},"25":{"loc":{"start":{"line":452,"column":21},"end":{"line":452,"column":49}},"type":"binary-expr","locations":[{"start":{"line":452,"column":21},"end":{"line":452,"column":33}},{"start":{"line":452,"column":37},"end":{"line":452,"column":49}}]},"26":{"loc":{"start":{"line":461,"column":46},"end":{"line":461,"column":69}},"type":"default-arg","locations":[{"start":{"line":461,"column":67},"end":{"line":461,"column":69}}]},"27":{"loc":{"start":{"line":462,"column":6},"end":{"line":462,"column":42}},"type":"binary-expr","locations":[{"start":{"line":462,"column":6},"end":{"line":462,"column":25}},{"start":{"line":462,"column":29},"end":{"line":462,"column":42}}]},"28":{"loc":{"start":{"line":543,"column":8},"end":{"line":543,"column":37}},"type":"cond-expr","locations":[{"start":{"line":543,"column":19},"end":{"line":543,"column":32}},{"start":{"line":543,"column":35},"end":{"line":543,"column":37}}]},"29":{"loc":{"start":{"line":576,"column":6},"end":{"line":576,"column":51}},"type":"binary-expr","locations":[{"start":{"line":576,"column":6},"end":{"line":576,"column":24}},{"start":{"line":576,"column":28},"end":{"line":576,"column":51}}]},"30":{"loc":{"start":{"line":579,"column":6},"end":{"line":579,"column":61}},"type":"binary-expr","locations":[{"start":{"line":579,"column":6},"end":{"line":579,"column":20}},{"start":{"line":579,"column":24},"end":{"line":579,"column":42}},{"start":{"line":579,"column":46},"end":{"line":579,"column":61}}]},"31":{"loc":{"start":{"line":582,"column":9},"end":{"line":582,"column":29}},"type":"binary-expr","locations":[{"start":{"line":582,"column":9},"end":{"line":582,"column":17}},{"start":{"line":582,"column":21},"end":{"line":582,"column":29}}]}},"s":{"0":1,"1":1,"2":1,"3":1,"4":1,"5":1,"6":0,"7":1,"8":3,"9":1,"10":1,"11":0,"12":0,"13":1,"14":0,"15":0,"16":0,"17":0,"18":0,"19":1,"20":1,"21":0,"22":1,"23":0,"24":0,"25":0,"26":0,"27":1,"28":0,"29":1,"30":1,"31":1,"32":0,"33":0,"34":0,"35":0,"36":0,"37":0,"38":0,"39":0,"40":0,"41":1,"42":0,"43":0,"44":0,"45":0,"46":0,"47":0,"48":0,"49":0,"50":0,"51":0,"52":1,"53":0,"54":0,"55":0,"56":0,"57":0,"58":0,"59":0,"60":0,"61":0,"62":0,"63":0,"64":0,"65":0,"66":0,"67":0,"68":0,"69":0,"70":0,"71":0,"72":0,"73":0,"74":0,"75":0,"76":0,"77":0,"78":0,"79":0,"80":0,"81":0,"82":0,"83":0,"84":0,"85":0,"86":0,"87":0,"88":0,"89":0,"90":0,"91":0,"92":0,"93":0,"94":1,"95":0,"96":0,"97":0,"98":0,"99":0,"100":0,"101":0,"102":0,"103":1,"104":1,"105":0,"106":0,"107":0,"108":0,"109":0,"110":0,"111":0,"112":1,"113":0,"114":1,"115":0,"116":0,"117":0,"118":0,"119":0,"120":0,"121":1,"122":0,"123":0,"124":1,"125":0,"126":0,"127":0,"128":0,"129":0,"130":0,"131":0,"132":0,"133":0,"134":0,"135":0,"136":0,"137":0,"138":0,"139":1,"140":0,"141":0,"142":0,"143":0,"144":0,"145":0,"146":0,"147":0,"148":0,"149":1,"150":0,"151":0,"152":0,"153":0,"154":0,"155":0,"156":1},"f":{"0":1,"1":0,"2":3,"3":0,"4":1,"5":0,"6":1,"7":0,"8":0,"9":0,"10":0,"11":0,"12":0,"13":0,"14":0,"15":0,"16":0,"17":0,"18":0,"19":0,"20":0,"21":0,"22":0,"23":0,"24":0,"25":0,"26":0,"27":0,"28":0,"29":0,"30":0,"31":0,"32":0},"b":{"0":[1,1,1],"1":[0,0],"2":[0],"3":[0],"4":[1,0],"5":[0],"6":[0],"7":[1,0],"8":[0],"9":[0],"10":[0],"11":[0],"12":[0,0],"13":[0,0],"14":[0,0],"15":[0,0],"16":[0,0],"17":[0,0,0],"18":[0,0,0,0,0,0,0],"19":[0,0],"20":[0,0],"21":[0,0,0],"22":[0,0,0],"23":[0,0,0],"24":[0],"25":[0,0],"26":[0],"27":[0,0],"28":[0,0],"29":[0,0],"30":[0,0,0],"31":[0,0]}}
,"D:\\MyWork\\vue3-cli-ts\\lib\\fields\\ArrayField.tsx": {"path":"D:\\MyWork\\vue3-cli-ts\\lib\\fields\\ArrayField.tsx","statementMap":{"0":{"start":{"line":1,"column":0},"end":{"line":1,"column":null}},"1":{"start":{"line":2,"column":0},"end":{"line":2,"column":null}},"2":{"start":{"line":3,"column":0},"end":{"line":3,"column":null}},"3":{"start":{"line":4,"column":0},"end":{"line":4,"column":null}},"4":{"start":{"line":5,"column":0},"end":{"line":5,"column":null}},"5":{"start":{"line":24,"column":18},"end":{"line":46,"column":2}},"6":{"start":{"line":49,"column":25},"end":{"line":109,"column":2}},"7":{"start":{"line":74,"column":23},"end":{"line":74,"column":34}},"8":{"start":{"line":76,"column":22},"end":{"line":76,"column":41}},"9":{"start":{"line":76,"column":28},"end":{"line":76,"column":41}},"10":{"start":{"line":78,"column":25},"end":{"line":78,"column":47}},"11":{"start":{"line":78,"column":31},"end":{"line":78,"column":47}},"12":{"start":{"line":80,"column":21},"end":{"line":80,"column":39}},"13":{"start":{"line":80,"column":27},"end":{"line":80,"column":39}},"14":{"start":{"line":82,"column":23},"end":{"line":82,"column":43}},"15":{"start":{"line":82,"column":29},"end":{"line":82,"column":43}},"16":{"start":{"line":84,"column":4},"end":{"line":107,"column":null}},"17":{"start":{"line":85,"column":22},"end":{"line":85,"column":38}},"18":{"start":{"line":86,"column":6},"end":{"line":103,"column":null}},"19":{"start":{"line":111,"column":0},"end":{"line":208,"column":null}},"20":{"start":{"line":115,"column":20},"end":{"line":115,"column":36}},"21":{"start":{"line":117,"column":34},"end":{"line":122,"column":5}},"22":{"start":{"line":118,"column":24},"end":{"line":118,"column":29}},"23":{"start":{"line":119,"column":18},"end":{"line":119,"column":51}},"24":{"start":{"line":120,"column":6},"end":{"line":120,"column":null}},"25":{"start":{"line":121,"column":6},"end":{"line":121,"column":null}},"26":{"start":{"line":123,"column":19},"end":{"line":127,"column":5}},"27":{"start":{"line":124,"column":19},"end":{"line":124,"column":52}},"28":{"start":{"line":125,"column":6},"end":{"line":125,"column":null}},"29":{"start":{"line":126,"column":6},"end":{"line":126,"column":null}},"30":{"start":{"line":128,"column":21},"end":{"line":132,"column":5}},"31":{"start":{"line":129,"column":19},"end":{"line":129,"column":52}},"32":{"start":{"line":130,"column":6},"end":{"line":130,"column":null}},"33":{"start":{"line":131,"column":6},"end":{"line":131,"column":null}},"34":{"start":{"line":133,"column":17},"end":{"line":139,"column":5}},"35":{"start":{"line":134,"column":19},"end":{"line":134,"column":52}},"36":{"start":{"line":135,"column":6},"end":{"line":135,"column":30}},"37":{"start":{"line":135,"column":23},"end":{"line":135,"column":30}},"38":{"start":{"line":136,"column":19},"end":{"line":136,"column":40}},"39":{"start":{"line":137,"column":6},"end":{"line":137,"column":null}},"40":{"start":{"line":138,"column":6},"end":{"line":138,"column":null}},"41":{"start":{"line":140,"column":19},"end":{"line":146,"column":5}},"42":{"start":{"line":141,"column":19},"end":{"line":141,"column":52}},"43":{"start":{"line":142,"column":6},"end":{"line":142,"column":44}},"44":{"start":{"line":142,"column":37},"end":{"line":142,"column":44}},"45":{"start":{"line":143,"column":19},"end":{"line":143,"column":40}},"46":{"start":{"line":144,"column":6},"end":{"line":144,"column":null}},"47":{"start":{"line":145,"column":6},"end":{"line":145,"column":null}},"48":{"start":{"line":147,"column":4},"end":{"line":206,"column":null}},"49":{"start":{"line":148,"column":44},"end":{"line":148,"column":49}},"50":{"start":{"line":149,"column":30},"end":{"line":149,"column":53}},"51":{"start":{"line":151,"column":26},"end":{"line":151,"column":53}},"52":{"start":{"line":153,"column":23},"end":{"line":153,"column":65}},"53":{"start":{"line":155,"column":32},"end":{"line":155,"column":51}},"54":{"start":{"line":156,"column":20},"end":{"line":156,"column":53}},"55":{"start":{"line":157,"column":8},"end":{"line":168,"column":null}},"56":{"start":{"line":158,"column":10},"end":{"line":158,"column":null}},"57":{"start":{"line":159,"column":10},"end":{"line":165,"column":null}},"58":{"start":{"line":165,"column":36},"end":{"line":165,"column":67}},"59":{"start":{"line":171,"column":20},"end":{"line":171,"column":53}},"60":{"start":{"line":172,"column":8},"end":{"line":190,"column":null}},"61":{"start":{"line":173,"column":10},"end":{"line":186,"column":null}},"62":{"start":{"line":176,"column":27},"end":{"line":176,"column":39}},"63":{"start":{"line":177,"column":30},"end":{"line":177,"column":52}},"64":{"start":{"line":178,"column":26},"end":{"line":178,"column":44}},"65":{"start":{"line":179,"column":28},"end":{"line":179,"column":48}},"66":{"start":{"line":180,"column":26},"end":{"line":186,"column":null}},"67":{"start":{"line":186,"column":38},"end":{"line":186,"column":69}},"68":{"start":{"line":193,"column":29},"end":{"line":193,"column":54}},"69":{"start":{"line":194,"column":24},"end":{"line":197,"column":11}},"70":{"start":{"line":194,"column":53},"end":{"line":197,"column":10}},"71":{"start":{"line":198,"column":8},"end":{"line":202,"column":null}}},"fnMap":{"0":{"name":"(anonymous_1)","decl":{"start":{"line":73,"column":2},"end":{"line":73,"column":7}},"loc":{"start":{"line":73,"column":24},"end":{"line":108,"column":null}}},"1":{"name":"(anonymous_2)","decl":{"start":{"line":76,"column":22},"end":{"line":76,"column":28}},"loc":{"start":{"line":76,"column":28},"end":{"line":76,"column":41}}},"2":{"name":"(anonymous_3)","decl":{"start":{"line":78,"column":25},"end":{"line":78,"column":31}},"loc":{"start":{"line":78,"column":31},"end":{"line":78,"column":47}}},"3":{"name":"(anonymous_4)","decl":{"start":{"line":80,"column":21},"end":{"line":80,"column":27}},"loc":{"start":{"line":80,"column":27},"end":{"line":80,"column":39}}},"4":{"name":"(anonymous_5)","decl":{"start":{"line":82,"column":23},"end":{"line":82,"column":29}},"loc":{"start":{"line":82,"column":29},"end":{"line":82,"column":43}}},"5":{"name":"(anonymous_6)","decl":{"start":{"line":84,"column":11},"end":{"line":84,"column":16}},"loc":{"start":{"line":84,"column":16},"end":{"line":107,"column":5}}},"6":{"name":"(anonymous_7)","decl":{"start":{"line":114,"column":2},"end":{"line":114,"column":7}},"loc":{"start":{"line":114,"column":13},"end":{"line":207,"column":null}}},"7":{"name":"(anonymous_8)","decl":{"start":{"line":117,"column":34},"end":{"line":117,"column":35}},"loc":{"start":{"line":117,"column":60},"end":{"line":122,"column":5}}},"8":{"name":"(anonymous_9)","decl":{"start":{"line":123,"column":19},"end":{"line":123,"column":29}},"loc":{"start":{"line":123,"column":33},"end":{"line":127,"column":5}}},"9":{"name":"(anonymous_10)","decl":{"start":{"line":128,"column":21},"end":{"line":128,"column":22}},"loc":{"start":{"line":128,"column":51},"end":{"line":132,"column":5}}},"10":{"name":"(anonymous_11)","decl":{"start":{"line":133,"column":17},"end":{"line":133,"column":18}},"loc":{"start":{"line":133,"column":47},"end":{"line":139,"column":5}}},"11":{"name":"(anonymous_12)","decl":{"start":{"line":140,"column":19},"end":{"line":140,"column":20}},"loc":{"start":{"line":140,"column":49},"end":{"line":146,"column":5}}},"12":{"name":"(anonymous_13)","decl":{"start":{"line":147,"column":11},"end":{"line":147,"column":16}},"loc":{"start":{"line":147,"column":16},"end":{"line":206,"column":5}}},"13":{"name":"(anonymous_14)","decl":{"start":{"line":157,"column":25},"end":{"line":157,"column":26}},"loc":{"start":{"line":157,"column":54},"end":{"line":168,"column":9}}},"14":{"name":"(anonymous_15)","decl":{"start":{"line":165,"column":25},"end":{"line":165,"column":31}},"loc":{"start":{"line":165,"column":36},"end":{"line":165,"column":67}}},"15":{"name":"(anonymous_16)","decl":{"start":{"line":172,"column":23},"end":{"line":172,"column":24}},"loc":{"start":{"line":172,"column":49},"end":{"line":190,"column":9}}},"16":{"name":"(anonymous_17)","decl":{"start":{"line":176,"column":21},"end":{"line":176,"column":27}},"loc":{"start":{"line":176,"column":27},"end":{"line":176,"column":39}}},"17":{"name":"(anonymous_18)","decl":{"start":{"line":177,"column":24},"end":{"line":177,"column":30}},"loc":{"start":{"line":177,"column":30},"end":{"line":177,"column":52}}},"18":{"name":"(anonymous_19)","decl":{"start":{"line":178,"column":20},"end":{"line":178,"column":26}},"loc":{"start":{"line":178,"column":26},"end":{"line":178,"column":44}}},"19":{"name":"(anonymous_20)","decl":{"start":{"line":179,"column":22},"end":{"line":179,"column":28}},"loc":{"start":{"line":179,"column":28},"end":{"line":179,"column":48}}},"20":{"name":"(anonymous_21)","decl":{"start":{"line":180,"column":26},"end":{"line":180,"column":null}},"loc":{"start":{"line":180,"column":26},"end":{"line":186,"column":null}}},"21":{"name":"(anonymous_22)","decl":{"start":{"line":186,"column":27},"end":{"line":186,"column":33}},"loc":{"start":{"line":186,"column":38},"end":{"line":186,"column":69}}},"22":{"name":"(anonymous_23)","decl":{"start":{"line":194,"column":41},"end":{"line":194,"column":47}},"loc":{"start":{"line":194,"column":53},"end":{"line":197,"column":10}}}},"branchMap":{"0":{"loc":{"start":{"line":103,"column":18},"end":{"line":103,"column":50}},"type":"binary-expr","locations":[{"start":{"line":103,"column":18},"end":{"line":103,"column":31}},{"start":{"line":103,"column":35},"end":{"line":103,"column":50}}]},"1":{"loc":{"start":{"line":119,"column":18},"end":{"line":119,"column":51}},"type":"cond-expr","locations":[{"start":{"line":119,"column":41},"end":{"line":119,"column":46}},{"start":{"line":119,"column":49},"end":{"line":119,"column":51}}]},"2":{"loc":{"start":{"line":124,"column":19},"end":{"line":124,"column":52}},"type":"cond-expr","locations":[{"start":{"line":124,"column":42},"end":{"line":124,"column":47}},{"start":{"line":124,"column":50},"end":{"line":124,"column":52}}]},"3":{"loc":{"start":{"line":129,"column":19},"end":{"line":129,"column":52}},"type":"cond-expr","locations":[{"start":{"line":129,"column":42},"end":{"line":129,"column":47}},{"start":{"line":129,"column":50},"end":{"line":129,"column":52}}]},"4":{"loc":{"start":{"line":134,"column":19},"end":{"line":134,"column":52}},"type":"cond-expr","locations":[{"start":{"line":134,"column":42},"end":{"line":134,"column":47}},{"start":{"line":134,"column":50},"end":{"line":134,"column":52}}]},"5":{"loc":{"start":{"line":135,"column":6},"end":{"line":135,"column":30}},"type":"if","locations":[{"start":{"line":135,"column":6},"end":{"line":135,"column":30}}]},"6":{"loc":{"start":{"line":141,"column":19},"end":{"line":141,"column":52}},"type":"cond-expr","locations":[{"start":{"line":141,"column":42},"end":{"line":141,"column":47}},{"start":{"line":141,"column":50},"end":{"line":141,"column":52}}]},"7":{"loc":{"start":{"line":142,"column":6},"end":{"line":142,"column":44}},"type":"if","locations":[{"start":{"line":142,"column":6},"end":{"line":142,"column":44}}]},"8":{"loc":{"start":{"line":153,"column":23},"end":{"line":153,"column":65}},"type":"binary-expr","locations":[{"start":{"line":153,"column":23},"end":{"line":153,"column":35}},{"start":{"line":153,"column":40},"end":{"line":153,"column":65}}]},"9":{"loc":{"start":{"line":156,"column":20},"end":{"line":156,"column":53}},"type":"cond-expr","locations":[{"start":{"line":156,"column":43},"end":{"line":156,"column":48}},{"start":{"line":156,"column":51},"end":{"line":156,"column":53}}]},"10":{"loc":{"start":{"line":171,"column":20},"end":{"line":171,"column":53}},"type":"cond-expr","locations":[{"start":{"line":171,"column":43},"end":{"line":171,"column":48}},{"start":{"line":171,"column":51},"end":{"line":171,"column":53}}]}},"s":{"0":1,"1":1,"2":1,"3":1,"4":1,"5":1,"6":1,"7":0,"8":0,"9":0,"10":0,"11":0,"12":0,"13":0,"14":0,"15":0,"16":0,"17":0,"18":0,"19":1,"20":0,"21":0,"22":0,"23":0,"24":0,"25":0,"26":0,"27":0,"28":0,"29":0,"30":0,"31":0,"32":0,"33":0,"34":0,"35":0,"36":0,"37":0,"38":0,"39":0,"40":0,"41":0,"42":0,"43":0,"44":0,"45":0,"46":0,"47":0,"48":0,"49":0,"50":0,"51":0,"52":0,"53":0,"54":0,"55":0,"56":0,"57":0,"58":0,"59":0,"60":0,"61":0,"62":0,"63":0,"64":0,"65":0,"66":0,"67":0,"68":0,"69":0,"70":0,"71":0},"f":{"0":0,"1":0,"2":0,"3":0,"4":0,"5":0,"6":0,"7":0,"8":0,"9":0,"10":0,"11":0,"12":0,"13":0,"14":0,"15":0,"16":0,"17":0,"18":0,"19":0,"20":0,"21":0,"22":0},"b":{"0":[0,0],"1":[0,0],"2":[0,0],"3":[0,0],"4":[0,0],"5":[0],"6":[0,0],"7":[0],"8":[0,0],"9":[0,0],"10":[0,0]}}
,"D:\\MyWork\\vue3-cli-ts\\lib\\fields\\NumberField.vue": {"path":"D:\\MyWork\\vue3-cli-ts\\lib\\fields\\NumberField.vue","statementMap":{"0":{"start":{"line":3,"column":0},"end":{"line":5,"column":3}},"1":{"start":{"line":6,"column":12},"end":{"line":6,"column":26}},"2":{"start":{"line":7,"column":14},"end":{"line":7,"column":33}},"3":{"start":{"line":8,"column":0},"end":{"line":35,"column":3}},"4":{"start":{"line":12,"column":19},"end":{"line":12,"column":28}},"5":{"start":{"line":13,"column":4},"end":{"line":13,"column":15}},"6":{"start":{"line":14,"column":16},"end":{"line":14,"column":23}},"7":{"start":{"line":15,"column":23},"end":{"line":24,"column":5}},"8":{"start":{"line":16,"column":18},"end":{"line":16,"column":32}},"9":{"start":{"line":17,"column":16},"end":{"line":17,"column":29}},"10":{"start":{"line":18,"column":6},"end":{"line":23,"column":7}},"11":{"start":{"line":19,"column":8},"end":{"line":19,"column":34}},"12":{"start":{"line":21,"column":8},"end":{"line":21,"column":59}},"13":{"start":{"line":22,"column":8},"end":{"line":22,"column":28}},"14":{"start":{"line":25,"column":23},"end":{"line":28,"column":5}},"15":{"start":{"line":29,"column":4},"end":{"line":32,"column":7}},"16":{"start":{"line":33,"column":4},"end":{"line":33,"column":24}},"17":{"start":{"line":37,"column":0},"end":{"line":37,"column":62}},"18":{"start":{"line":38,"column":0},"end":{"line":38,"column":24}},"19":{"start":{"line":39,"column":12},"end":{"line":39,"column":26}},"20":{"start":{"line":40,"column":17},"end":{"line":40,"column":26}},"21":{"start":{"line":42,"column":4},"end":{"line":46,"column":58}},"22":{"start":{"line":48,"column":0},"end":{"line":48,"column":24}},"23":{"start":{"line":49,"column":1},"end":{"line":49,"column":48}}},"fnMap":{"0":{"name":"(anonymous_0)","decl":{"start":{"line":11,"column":9},"end":{"line":11,"column":10}},"loc":{"start":{"line":11,"column":32},"end":{"line":34,"column":3}},"line":11},"1":{"name":"(anonymous_1)","decl":{"start":{"line":15,"column":23},"end":{"line":15,"column":24}},"loc":{"start":{"line":15,"column":36},"end":{"line":24,"column":5}},"line":15},"2":{"name":"render","decl":{"start":{"line":41,"column":9},"end":{"line":41,"column":15}},"loc":{"start":{"line":41,"column":63},"end":{"line":47,"column":1}},"line":41}},"branchMap":{"0":{"loc":{"start":{"line":18,"column":6},"end":{"line":23,"column":7}},"type":"if","locations":[{"start":{"line":18,"column":6},"end":{"line":23,"column":7}},{"start":{"line":20,"column":13},"end":{"line":23,"column":7}}],"line":18}},"s":{"0":1,"1":1,"2":1,"3":1,"4":1,"5":1,"6":1,"7":1,"8":1,"9":1,"10":1,"11":0,"12":1,"13":1,"14":1,"15":1,"16":1,"17":1,"18":1,"19":1,"20":1,"21":1,"22":1,"23":1},"f":{"0":1,"1":1,"2":1},"b":{"0":[0,1]},"inputSourceMap":{"0":"{","1":"\"","2":"v","3":"e","4":"r","5":"s","6":"i","7":"o","8":"n","9":"\"","10":":","11":"3","12":",","13":"\"","14":"s","15":"o","16":"u","17":"r","18":"c","19":"e","20":"s","21":"\"","22":":","23":"[","24":"\"","25":"D","26":":","27":"/","28":"M","29":"y","30":"W","31":"o","32":"r","33":"k","34":"/","35":"v","36":"u","37":"e","38":"3","39":"-","40":"c","41":"l","42":"i","43":"-","44":"t","45":"s","46":"/","47":"l","48":"i","49":"b","50":"/","51":"f","52":"i","53":"e","54":"l","55":"d","56":"s","57":"/","58":"N","59":"u","60":"m","61":"b","62":"e","63":"r","64":"F","65":"i","66":"e","67":"l","68":"d","69":".","70":"v","71":"u","72":"e","73":"\"","74":"]","75":",","76":"\"","77":"n","78":"a","79":"m","80":"e","81":"s","82":"\"","83":":","84":"[","85":"]","86":",","87":"\"","88":"m","89":"a","90":"p","91":"p","92":"i","93":"n","94":"g","95":"s","96":"\"","97":":","98":"\"","99":";","100":";","101":";","102":";","103":";","104":";","105":"A","106":"A","107":"K","108":"A","109":";","110":";","111":";","112":";","113":";","114":";","115":";","116":";","117":"I","118":"A","119":"E","120":"A","121":",","122":"I","123":"A","124":"A","125":"M","126":",","127":"Y","128":"A","129":"A","130":"Y","131":",","132":"G","133":"A","134":"A","135":"G","136":",","137":"U","138":"A","139":"A","140":"C","141":",","142":"C","143":"A","144":"A","145":"M","146":";","147":"M","148":"A","149":"C","150":"1","151":"B","152":",","153":"I","154":"A","155":"A","156":"M","157":",","158":"K","159":"A","160":"A","161":"K","162":",","163":"G","164":"A","165":"A","166":"G","167":",","168":"C","169":"A","170":"A","171":"C","172":",","173":"C","174":"A","175":"A","176":"C","177":",","178":"M","179":"A","180":"A","181":"M","182":",","183":"C","184":"A","185":"A","186":"C","187":",","188":"K","189":"A","190":"A","191":"K","192":";","193":"M","194":"A","195":"C","196":"5","197":"B","198":",","199":"I","200":"A","201":"A","202":"M","203":",","204":"G","205":"A","206":"A","207":"G","208":",","209":"G","210":"A","211":"A","212":"G","213":",","214":"M","215":"A","216":"A","217":"M","218":",","219":"C","220":"A","221":"A","222":"C","223":",","224":"K","225":"A","226":"A","227":"K","228":",","229":"C","230":"A","231":"A","232":"C","233":";","234":"M","235":"A","236":"C","237":"z","238":"B","239":",","240":"I","241":"A","242":"A","243":"I","244":",","245":"M","246":"A","247":"A","248":"M","249":",","250":"C","251":"A","252":"A","253":"C","254":",","255":"K","256":"A","257":"A","258":"K","259":",","260":"C","261":"A","262":"A","263":"C","264":",","265":"G","266":"A","267":"A","268":"G","269":",","270":"C","271":"A","272":"A","273":"C","274":",","275":"E","276":"A","277":"A","278":"E","279":";","280":"Q","281":"A","282":"C","283":"r","284":"B","285":",","286":"K","287":"A","288":"A","289":"K","290":",","291":"C","292":"A","293":"A","294":"C","295":",","296":"Q","297":"A","298":"A","299":"Q","300":",","301":"C","302":"A","303":"A","304":"C","305":",","306":"S","307":"A","308":"A","309":"S","310":",","311":"C","312":"A","313":"A","314":"C","315":";","316":"O","317":"A","318":"C","319":"1","320":"B","321":",","322":"M","323":"A","324":"A","325":"M","326":";","327":"Q","328":"A","329":"C","330":"L","331":",","332":"O","333":"A","334":"A","335":"O","336":",","337":"C","338":"A","339":"A","340":"C","341":",","342":"G","343":"A","344":"A","345":"G","346":",","347":"C","348":"A","349":"A","350":"C","351":",","352":"G","353":"A","354":"A","355":"G","356":",","357":"E","358":"A","359":"A","360":"E","361":",","362":"M","363":"A","364":"A","365":"M","366":",","367":"C","368":"A","369":"A","370":"C","371":",","372":"K","373":"A","374":"A","375":"K","376":",","377":"C","378":"A","379":"A","380":"C","381":",","382":"G","383":"A","384":"A","385":"G","386":",","387":"C","388":"A","389":"A","390":"C","391":",","392":"E","393":"A","394":"A","395":"E","396":",","397":"a","398":"A","399":"A","400":"a","401":",","402":"C","403":"A","404":"A","405":"C","406":";","407":"Q","408":"A","409":"C","410":"l","411":"D","412":",","413":"K","414":"A","415":"A","416":"K","417":",","418":"C","419":"A","420":"A","421":"C","422":",","423":"Q","424":"A","425":"A","426":"Q","427":",","428":"C","429":"A","430":"A","431":"C","432":",","433":"G","434":"A","435":"A","436":"G","437":",","438":"C","439":"A","440":"A","441":"C","442":";","443":";","444":"I","445":"A","446":"E","447":"v","448":"B","449":",","450":"C","451":"A","452":"A","453":"C","454":"\"","455":",","456":"\"","457":"f","458":"i","459":"l","460":"e","461":"\"","462":":","463":"\"","464":"D","465":":","466":"\\","467":"\\","468":"M","469":"y","470":"W","471":"o","472":"r","473":"k","474":"\\","475":"\\","476":"v","477":"u","478":"e","479":"3","480":"-","481":"c","482":"l","483":"i","484":"-","485":"t","486":"s","487":"\\","488":"\\","489":"l","490":"i","491":"b","492":"\\","493":"\\","494":"f","495":"i","496":"e","497":"l","498":"d","499":"s","500":"\\","501":"\\","502":"N","503":"u","504":"m","505":"b","506":"e","507":"r","508":"F","509":"i","510":"e","511":"l","512":"d","513":".","514":"v","515":"u","516":"e","517":"\"","518":",","519":"\"","520":"s","521":"o","522":"u","523":"r","524":"c","525":"e","526":"s","527":"C","528":"o","529":"n","530":"t","531":"e","532":"n","533":"t","534":"\"","535":":","536":"[","537":"\"","538":"<","539":"t","540":"e","541":"m","542":"p","543":"l","544":"a","545":"t","546":"e","547":">","548":"\\","549":"n","550":" ","551":" ","552":"<","553":"i","554":"n","555":"p","556":"u","557":"t","558":" ","559":"t","560":"y","561":"p","562":"e","563":"=","564":"\\","565":"\"","566":"n","567":"u","568":"m","569":"b","570":"e","571":"r","572":"\\","573":"\"","574":" ","575":":","576":"v","577":"a","578":"l","579":"u","580":"e","581":"=","582":"\\","583":"\"","584":"p","585":"r","586":"o","587":"p","588":"s","589":".","590":"v","591":"a","592":"l","593":"u","594":"e","595":"\\","596":"\"","597":" ","598":"@","599":"i","600":"n","601":"p","602":"u","603":"t","604":"=","605":"\\","606":"\"","607":"h","608":"a","609":"n","610":"d","611":"l","612":"e","613":"C","614":"h","615":"a","616":"n","617":"g","618":"e","619":"\\","620":"\"","621":" ","622":"/","623":">","624":"\\","625":"n","626":"<","627":"/","628":"t","629":"e","630":"m","631":"p","632":"l","633":"a","634":"t","635":"e","636":">","637":"\\","638":"n","639":"<","640":"s","641":"c","642":"r","643":"i","644":"p","645":"t","646":" ","647":"l","648":"a","649":"n","650":"g","651":"=","652":"\\","653":"\"","654":"t","655":"s","656":"\\","657":"\"","658":" ","659":"s","660":"e","661":"t","662":"u","663":"p","664":">","665":"\\","666":"n","667":"i","668":"m","669":"p","670":"o","671":"r","672":"t","673":" ","674":"{","675":" ","676":"r","677":"e","678":"f","679":" ","680":"}","681":" ","682":"f","683":"r","684":"o","685":"m","686":" ","687":"\\","688":"\"","689":"v","690":"u","691":"e","692":"\\","693":"\"","694":";","695":"\\","696":"n","697":"i","698":"m","699":"p","700":"o","701":"r","702":"t","703":" ","704":"{","705":" ","706":"S","707":"c","708":"h","709":"e","710":"m","711":"a","712":",","713":" ","714":"F","715":"i","716":"l","717":"e","718":"d","719":"P","720":"r","721":"o","722":"p","723":"s","724":"D","725":"e","726":"f","727":"i","728":"n","729":"e","730":" ","731":"}","732":" ","733":"f","734":"r","735":"o","736":"m","737":" ","738":"\\","739":"\"","740":".","741":".","742":"/","743":"t","744":"y","745":"p","746":"e","747":"s","748":"\\","749":"\"","750":";","751":"\\","752":"n","753":"c","754":"o","755":"n","756":"s","757":"t","758":" ","759":"p","760":"r","761":"o","762":"p","763":"s","764":" ","765":"=","766":" ","767":"d","768":"e","769":"f","770":"i","771":"n","772":"e","773":"P","774":"r","775":"o","776":"p","777":"s","778":"(","779":"F","780":"i","781":"l","782":"e","783":"d","784":"P","785":"r","786":"o","787":"p","788":"s","789":"D","790":"e","791":"f","792":"i","793":"n","794":"e","795":")","796":";","797":"\\","798":"n","799":"c","800":"o","801":"n","802":"s","803":"t","804":" ","805":"h","806":"a","807":"n","808":"d","809":"l","810":"e","811":"C","812":"h","813":"a","814":"n","815":"g","816":"e","817":" ","818":"=","819":" ","820":"(","821":"e","822":":","823":" ","824":"a","825":"n","826":"y","827":")","828":" ","829":"=","830":">","831":" ","832":"{","833":"\\","834":"n","835":" ","836":" ","837":"c","838":"o","839":"n","840":"s","841":"t","842":" ","843":"v","844":"a","845":"l","846":"u","847":"e","848":" ","849":"=","850":" ","851":"e","852":".","853":"t","854":"a","855":"r","856":"g","857":"e","858":"t","859":".","860":"v","861":"a","862":"l","863":"u","864":"e","865":";","866":"\\","867":"n","868":" ","869":" ","870":"c","871":"o","872":"n","873":"s","874":"t","875":" ","876":"n","877":"u","878":"m","879":" ","880":"=","881":" ","882":"N","883":"u","884":"m","885":"b","886":"e","887":"r","888":"(","889":"v","890":"a","891":"l","892":"u","893":"e","894":")","895":";","896":"\\","897":"n","898":" ","899":" ","900":"i","901":"f","902":" ","903":"(","904":"N","905":"u","906":"m","907":"b","908":"e","909":"r","910":".","911":"i","912":"s","913":"N","914":"a","915":"N","916":"(","917":"n","918":"u","919":"m","920":")","921":")","922":" ","923":"{","924":"\\","925":"n","926":" ","927":" ","928":" ","929":" ","930":"p","931":"r","932":"o","933":"p","934":"s","935":".","936":"o","937":"n","938":"C","939":"h","940":"a","941":"n","942":"g","943":"e","944":"(","945":"u","946":"n","947":"d","948":"e","949":"f","950":"i","951":"n","952":"e","953":"d","954":")","955":";","956":"\\","957":"n","958":" ","959":" ","960":"}","961":" ","962":"e","963":"l","964":"s","965":"e","966":" ","967":"{","968":"\\","969":"n","970":" ","971":" ","972":" ","973":" ","974":"c","975":"o","976":"n","977":"s","978":"o","979":"l","980":"e","981":".","982":"l","983":"o","984":"g","985":"(","986":"n","987":"u","988":"m","989":",","990":" ","991":"N","992":"u","993":"m","994":"b","995":"e","996":"r","997":".","998":"i","999":"s","1000":"N","1001":"a","1002":"N","1003":"(","1004":"n","1005":"u","1006":"m","1007":")","1008":",","1009":" ","1010":"\\","1011":"\"","1012":"N","1013":"u","1014":"m","1015":"b","1016":"e","1017":"r","1018":"F","1019":"i","1020":"e","1021":"l","1022":"d","1023":"\\","1024":"\"","1025":")","1026":";","1027":"\\","1028":"n","1029":" ","1030":" ","1031":" ","1032":" ","1033":"p","1034":"r","1035":"o","1036":"p","1037":"s","1038":".","1039":"o","1040":"n","1041":"C","1042":"h","1043":"a","1044":"n","1045":"g","1046":"e","1047":"(","1048":"n","1049":"u","1050":"m","1051":")","1052":";","1053":"\\","1054":"n","1055":" ","1056":" ","1057":"}","1058":"\\","1059":"n","1060":"}","1061":";","1062":"\\","1063":"n","1064":"<","1065":"/","1066":"s","1067":"c","1068":"r","1069":"i","1070":"p","1071":"t","1072":">","1073":"\\","1074":"n","1075":"\"","1076":"]","1077":"}"},"_coverageSchema":"1a1c01bbd47fc00a2c39e90264f33305004495a9","hash":"5271ce6f8663370b80d6e4e34fd948c8722ae8da"}
,"D:\\MyWork\\vue3-cli-ts\\lib\\fields\\ObjectField.tsx": {"path":"D:\\MyWork\\vue3-cli-ts\\lib\\fields\\ObjectField.tsx","statementMap":{"0":{"start":{"line":1,"column":0},"end":{"line":1,"column":null}},"1":{"start":{"line":3,"column":0},"end":{"line":3,"column":null}},"2":{"start":{"line":4,"column":0},"end":{"line":4,"column":null}},"3":{"start":{"line":5,"column":0},"end":{"line":5,"column":null}},"4":{"start":{"line":7,"column":0},"end":{"line":38,"column":null}},"5":{"start":{"line":11,"column":20},"end":{"line":11,"column":36}},"6":{"start":{"line":12,"column":36},"end":{"line":20,"column":5}},"7":{"start":{"line":13,"column":25},"end":{"line":13,"column":65}},"8":{"start":{"line":15,"column":8},"end":{"line":15,"column":null}},"9":{"start":{"line":17,"column":8},"end":{"line":17,"column":null}},"10":{"start":{"line":19,"column":6},"end":{"line":19,"column":null}},"11":{"start":{"line":22,"column":4},"end":{"line":36,"column":null}},"12":{"start":{"line":23,"column":44},"end":{"line":23,"column":49}},"13":{"start":{"line":24,"column":34},"end":{"line":24,"column":41}},"14":{"start":{"line":25,"column":25},"end":{"line":25,"column":48}},"15":{"start":{"line":26,"column":28},"end":{"line":26,"column":56}},"16":{"start":{"line":27,"column":6},"end":{"line":35,"column":null}},"17":{"start":{"line":27,"column":66},"end":{"line":33,"column":null}},"18":{"start":{"line":33,"column":32},"end":{"line":33,"column":61}}},"fnMap":{"0":{"name":"(anonymous_0)","decl":{"start":{"line":10,"column":2},"end":{"line":10,"column":7}},"loc":{"start":{"line":10,"column":13},"end":{"line":37,"column":null}}},"1":{"name":"(anonymous_1)","decl":{"start":{"line":12,"column":36},"end":{"line":12,"column":37}},"loc":{"start":{"line":12,"column":60},"end":{"line":20,"column":5}}},"2":{"name":"(anonymous_2)","decl":{"start":{"line":22,"column":11},"end":{"line":22,"column":16}},"loc":{"start":{"line":22,"column":16},"end":{"line":36,"column":5}}},"3":{"name":"(anonymous_3)","decl":{"start":{"line":27,"column":41},"end":{"line":27,"column":42}},"loc":{"start":{"line":27,"column":66},"end":{"line":33,"column":null}}},"4":{"name":"(anonymous_4)","decl":{"start":{"line":33,"column":21},"end":{"line":33,"column":27}},"loc":{"start":{"line":33,"column":32},"end":{"line":33,"column":61}}}},"branchMap":{"0":{"loc":{"start":{"line":13,"column":25},"end":{"line":13,"column":65}},"type":"cond-expr","locations":[{"start":{"line":13,"column":49},"end":{"line":13,"column":60}},{"start":{"line":13,"column":63},"end":{"line":13,"column":65}}]},"1":{"loc":{"start":{"line":25,"column":25},"end":{"line":25,"column":48}},"type":"binary-expr","locations":[{"start":{"line":25,"column":25},"end":{"line":25,"column":42}},{"start":{"line":25,"column":46},"end":{"line":25,"column":48}}]},"2":{"loc":{"start":{"line":26,"column":28},"end":{"line":26,"column":56}},"type":"cond-expr","locations":[{"start":{"line":26,"column":46},"end":{"line":26,"column":51}},{"start":{"line":26,"column":54},"end":{"line":26,"column":56}}]}},"s":{"0":1,"1":1,"2":1,"3":1,"4":1,"5":0,"6":0,"7":0,"8":0,"9":0,"10":0,"11":0,"12":0,"13":0,"14":0,"15":0,"16":0,"17":0,"18":0},"f":{"0":0,"1":0,"2":0,"3":0,"4":0},"b":{"0":[0,0],"1":[0,0],"2":[0,0]}}
,"D:\\MyWork\\vue3-cli-ts\\lib\\fields\\StringField.vue": {"path":"D:\\MyWork\\vue3-cli-ts\\lib\\fields\\StringField.vue","statementMap":{"0":{"start":{"line":3,"column":0},"end":{"line":5,"column":3}},"1":{"start":{"line":6,"column":12},"end":{"line":6,"column":26}},"2":{"start":{"line":7,"column":14},"end":{"line":7,"column":33}},"3":{"start":{"line":8,"column":0},"end":{"line":29,"column":3}},"4":{"start":{"line":12,"column":19},"end":{"line":12,"column":28}},"5":{"start":{"line":13,"column":4},"end":{"line":13,"column":15}},"6":{"start":{"line":14,"column":16},"end":{"line":14,"column":23}},"7":{"start":{"line":15,"column":23},"end":{"line":18,"column":5}},"8":{"start":{"line":16,"column":6},"end":{"line":16,"column":36}},"9":{"start":{"line":17,"column":6},"end":{"line":17,"column":37}},"10":{"start":{"line":19,"column":23},"end":{"line":22,"column":5}},"11":{"start":{"line":23,"column":4},"end":{"line":26,"column":7}},"12":{"start":{"line":27,"column":4},"end":{"line":27,"column":24}},"13":{"start":{"line":31,"column":0},"end":{"line":31,"column":62}},"14":{"start":{"line":32,"column":0},"end":{"line":32,"column":24}},"15":{"start":{"line":33,"column":12},"end":{"line":33,"column":26}},"16":{"start":{"line":34,"column":17},"end":{"line":34,"column":26}},"17":{"start":{"line":36,"column":4},"end":{"line":40,"column":58}},"18":{"start":{"line":42,"column":0},"end":{"line":42,"column":24}},"19":{"start":{"line":43,"column":1},"end":{"line":43,"column":48}}},"fnMap":{"0":{"name":"(anonymous_0)","decl":{"start":{"line":11,"column":9},"end":{"line":11,"column":10}},"loc":{"start":{"line":11,"column":32},"end":{"line":28,"column":3}},"line":11},"1":{"name":"(anonymous_1)","decl":{"start":{"line":15,"column":23},"end":{"line":15,"column":24}},"loc":{"start":{"line":15,"column":36},"end":{"line":18,"column":5}},"line":15},"2":{"name":"render","decl":{"start":{"line":35,"column":9},"end":{"line":35,"column":15}},"loc":{"start":{"line":35,"column":63},"end":{"line":41,"column":1}},"line":35}},"branchMap":{},"s":{"0":1,"1":1,"2":1,"3":1,"4":0,"5":0,"6":0,"7":0,"8":0,"9":0,"10":0,"11":0,"12":0,"13":1,"14":1,"15":1,"16":1,"17":0,"18":1,"19":1},"f":{"0":0,"1":0,"2":0},"b":{},"inputSourceMap":{"0":"{","1":"\"","2":"v","3":"e","4":"r","5":"s","6":"i","7":"o","8":"n","9":"\"","10":":","11":"3","12":",","13":"\"","14":"s","15":"o","16":"u","17":"r","18":"c","19":"e","20":"s","21":"\"","22":":","23":"[","24":"\"","25":"D","26":":","27":"/","28":"M","29":"y","30":"W","31":"o","32":"r","33":"k","34":"/","35":"v","36":"u","37":"e","38":"3","39":"-","40":"c","41":"l","42":"i","43":"-","44":"t","45":"s","46":"/","47":"l","48":"i","49":"b","50":"/","51":"f","52":"i","53":"e","54":"l","55":"d","56":"s","57":"/","58":"S","59":"t","60":"r","61":"i","62":"n","63":"g","64":"F","65":"i","66":"e","67":"l","68":"d","69":".","70":"v","71":"u","72":"e","73":"\"","74":"]","75":",","76":"\"","77":"n","78":"a","79":"m","80":"e","81":"s","82":"\"","83":":","84":"[","85":"]","86":",","87":"\"","88":"m","89":"a","90":"p","91":"p","92":"i","93":"n","94":"g","95":"s","96":"\"","97":":","98":"\"","99":";","100":";","101":";","102":";","103":";","104":";","105":"A","106":"A","107":"K","108":"A","109":";","110":";","111":";","112":";","113":";","114":";","115":";","116":";","117":"I","118":"A","119":"E","120":"A","121":",","122":"I","123":"A","124":"A","125":"M","126":",","127":"Y","128":"A","129":"A","130":"Y","131":",","132":"G","133":"A","134":"A","135":"G","136":",","137":"U","138":"A","139":"A","140":"C","141":",","142":"C","143":"A","144":"A","145":"M","146":";","147":"M","148":"A","149":"C","150":"1","151":"B","152":",","153":"O","154":"A","155":"A","156":"O","157":",","158":"C","159":"A","160":"A","161":"C","162":",","163":"G","164":"A","165":"A","166":"G","167":",","168":"C","169":"A","170":"A","171":"C","172":",","173":"C","174":"A","175":"A","176":"C","177":",","178":"E","179":"A","180":"A","181":"E","182":",","183":"a","184":"A","185":"A","186":"a","187":",","188":"C","189":"A","190":"A","191":"C","192":";","193":"M","194":"A","195":"C","196":"7","197":"B","198":",","199":"K","200":"A","201":"A","202":"K","203":",","204":"C","205":"A","206":"A","207":"C","208":",","209":"Q","210":"A","211":"A","212":"Q","213":",","214":"C","215":"A","216":"A","217":"C","218":",","219":"C","220":"A","221":"A","222":"C","223":",","224":"C","225":"A","226":"A","227":"C","228":",","229":"M","230":"A","231":"A","232":"M","233":",","234":"C","235":"A","236":"A","237":"C","238":",","239":"K","240":"A","241":"A","242":"K","243":",","244":"C","245":"A","246":"A","247":"C","248":";","249":"I","250":"A","251":"C","252":"h","253":"C","254":",","255":"C","256":"A","257":"A","258":"C","259":"\"","260":",","261":"\"","262":"f","263":"i","264":"l","265":"e","266":"\"","267":":","268":"\"","269":"D","270":":","271":"\\","272":"\\","273":"M","274":"y","275":"W","276":"o","277":"r","278":"k","279":"\\","280":"\\","281":"v","282":"u","283":"e","284":"3","285":"-","286":"c","287":"l","288":"i","289":"-","290":"t","291":"s","292":"\\","293":"\\","294":"l","295":"i","296":"b","297":"\\","298":"\\","299":"f","300":"i","301":"e","302":"l","303":"d","304":"s","305":"\\","306":"\\","307":"S","308":"t","309":"r","310":"i","311":"n","312":"g","313":"F","314":"i","315":"e","316":"l","317":"d","318":".","319":"v","320":"u","321":"e","322":"\"","323":",","324":"\"","325":"s","326":"o","327":"u","328":"r","329":"c","330":"e","331":"s","332":"C","333":"o","334":"n","335":"t","336":"e","337":"n","338":"t","339":"\"","340":":","341":"[","342":"\"","343":"<","344":"t","345":"e","346":"m","347":"p","348":"l","349":"a","350":"t","351":"e","352":">","353":"\\","354":"n","355":" ","356":" ","357":"<","358":"i","359":"n","360":"p","361":"u","362":"t","363":" ","364":"t","365":"y","366":"p","367":"e","368":"=","369":"\\","370":"\"","371":"t","372":"e","373":"x","374":"t","375":"\\","376":"\"","377":" ","378":":","379":"v","380":"a","381":"l","382":"u","383":"e","384":"=","385":"\\","386":"\"","387":"p","388":"r","389":"o","390":"p","391":"s","392":".","393":"v","394":"a","395":"l","396":"u","397":"e","398":"\\","399":"\"","400":" ","401":"@","402":"i","403":"n","404":"p","405":"u","406":"t","407":"=","408":"\\","409":"\"","410":"h","411":"a","412":"n","413":"d","414":"l","415":"e","416":"C","417":"h","418":"a","419":"n","420":"g","421":"e","422":"\\","423":"\"","424":" ","425":"/","426":">","427":"\\","428":"n","429":"<","430":"/","431":"t","432":"e","433":"m","434":"p","435":"l","436":"a","437":"t","438":"e","439":">","440":"\\","441":"n","442":"<","443":"s","444":"c","445":"r","446":"i","447":"p","448":"t","449":" ","450":"l","451":"a","452":"n","453":"g","454":"=","455":"\\","456":"\"","457":"t","458":"s","459":"\\","460":"\"","461":" ","462":"s","463":"e","464":"t","465":"u","466":"p","467":" ","468":"n","469":"a","470":"m","471":"e","472":"=","473":"\\","474":"\"","475":"S","476":"t","477":"r","478":"i","479":"n","480":"g","481":"F","482":"e","483":"i","484":"l","485":"d","486":"\\","487":"\"","488":">","489":"\\","490":"n","491":"i","492":"m","493":"p","494":"o","495":"r","496":"t","497":" ","498":"{","499":" ","500":"r","501":"e","502":"f","503":",","504":" ","505":"P","506":"r","507":"o","508":"p","509":"T","510":"y","511":"p","512":"e","513":" ","514":"}","515":" ","516":"f","517":"r","518":"o","519":"m","520":" ","521":"\\","522":"\"","523":"v","524":"u","525":"e","526":"\\","527":"\"","528":";","529":"\\","530":"n","531":"i","532":"m","533":"p","534":"o","535":"r","536":"t","537":" ","538":"{","539":" ","540":"S","541":"c","542":"h","543":"e","544":"m","545":"a","546":",","547":" ","548":"F","549":"i","550":"l","551":"e","552":"d","553":"P","554":"r","555":"o","556":"p","557":"s","558":"D","559":"e","560":"f","561":"i","562":"n","563":"e","564":" ","565":"}","566":" ","567":"f","568":"r","569":"o","570":"m","571":" ","572":"\\","573":"\"","574":".","575":".","576":"/","577":"t","578":"y","579":"p","580":"e","581":"s","582":"\\","583":"\"","584":";","585":"\\","586":"n","587":"c","588":"o","589":"n","590":"s","591":"t","592":" ","593":"p","594":"r","595":"o","596":"p","597":"s","598":" ","599":"=","600":" ","601":"d","602":"e","603":"f","604":"i","605":"n","606":"e","607":"P","608":"r","609":"o","610":"p","611":"s","612":"(","613":"F","614":"i","615":"l","616":"e","617":"d","618":"P","619":"r","620":"o","621":"p","622":"s","623":"D","624":"e","625":"f","626":"i","627":"n","628":"e","629":")","630":";","631":"\\","632":"n","633":"c","634":"o","635":"n","636":"s","637":"t","638":" ","639":"h","640":"a","641":"n","642":"d","643":"l","644":"e","645":"C","646":"h","647":"a","648":"n","649":"g","650":"e","651":" ","652":"=","653":" ","654":"(","655":"e","656":":","657":" ","658":"a","659":"n","660":"y","661":")","662":" ","663":"=","664":">","665":" ","666":"{","667":"\\","668":"n","669":" ","670":" ","671":"c","672":"o","673":"n","674":"s","675":"o","676":"l","677":"e","678":".","679":"l","680":"o","681":"g","682":"(","683":"e","684":",","685":" ","686":"\\","687":"\"","688":"S","689":"t","690":"r","691":"i","692":"n","693":"g","694":"F","695":"i","696":"e","697":"l","698":"d","699":"\\","700":"\"","701":")","702":";","703":"\\","704":"n","705":" ","706":" ","707":"p","708":"r","709":"o","710":"p","711":"s","712":".","713":"o","714":"n","715":"C","716":"h","717":"a","718":"n","719":"g","720":"e","721":"(","722":"e","723":".","724":"t","725":"a","726":"r","727":"g","728":"e","729":"t","730":".","731":"v","732":"a","733":"l","734":"u","735":"e","736":")","737":";","738":"\\","739":"n","740":"}","741":";","742":"\\","743":"n","744":"<","745":"/","746":"s","747":"c","748":"r","749":"i","750":"p","751":"t","752":">","753":"\\","754":"n","755":"\"","756":"]","757":"}"},"_coverageSchema":"1a1c01bbd47fc00a2c39e90264f33305004495a9","hash":"e1695d0a7440a6c755cd9103cee6d255f4d29b69"}
,"D:\\MyWork\\vue3-cli-ts\\lib\\widgets\\Selection.tsx": {"path":"D:\\MyWork\\vue3-cli-ts\\lib\\widgets\\Selection.tsx","statementMap":{"0":{"start":{"line":1,"column":0},"end":{"line":1,"column":null}},"1":{"start":{"line":3,"column":0},"end":{"line":46,"column":null}},"2":{"start":{"line":20,"column":28},"end":{"line":20,"column":44}},"3":{"start":{"line":21,"column":4},"end":{"line":25,"column":null}},"4":{"start":{"line":23,"column":8},"end":{"line":23,"column":null}},"5":{"start":{"line":26,"column":4},"end":{"line":33,"column":null}},"6":{"start":{"line":27,"column":12},"end":{"line":27,"column":23}},"7":{"start":{"line":30,"column":10},"end":{"line":30,"column":null}},"8":{"start":{"line":34,"column":4},"end":{"line":44,"column":null}},"9":{"start":{"line":35,"column":26},"end":{"line":35,"column":31}},"10":{"start":{"line":37,"column":6},"end":{"line":38,"column":null}},"11":{"start":{"line":38,"column":41},"end":{"line":38,"column":null}},"12":{"start":{"line":39,"column":26},"end":{"line":40,"column":null}}},"fnMap":{"0":{"name":"(anonymous_0)","decl":{"start":{"line":19,"column":2},"end":{"line":19,"column":7}},"loc":{"start":{"line":19,"column":13},"end":{"line":45,"column":null}}},"1":{"name":"(anonymous_1)","decl":{"start":{"line":21,"column":28},"end":{"line":21,"column":32}},"loc":{"start":{"line":21,"column":36},"end":{"line":25,"column":5}}},"2":{"name":"(anonymous_2)","decl":{"start":{"line":27,"column":6},"end":{"line":27,"column":12}},"loc":{"start":{"line":27,"column":12},"end":{"line":27,"column":23}}},"3":{"name":"(anonymous_3)","decl":{"start":{"line":28,"column":7},"end":{"line":28,"column":11}},"loc":{"start":{"line":28,"column":15},"end":{"line":32,"column":7}}},"4":{"name":"(anonymous_4)","decl":{"start":{"line":34,"column":11},"end":{"line":34,"column":16}},"loc":{"start":{"line":34,"column":16},"end":{"line":44,"column":5}}},"5":{"name":"(anonymous_5)","decl":{"start":{"line":38,"column":30},"end":{"line":38,"column":41}},"loc":{"start":{"line":38,"column":41},"end":{"line":38,"column":null}}},"6":{"name":"(anonymous_6)","decl":{"start":{"line":39,"column":24},"end":{"line":39,"column":26}},"loc":{"start":{"line":39,"column":26},"end":{"line":40,"column":null}}}},"branchMap":{},"s":{"0":1,"1":1,"2":0,"3":0,"4":0,"5":0,"6":0,"7":0,"8":0,"9":0,"10":0,"11":0,"12":0},"f":{"0":0,"1":0,"2":0,"3":0,"4":0,"5":0,"6":0},"b":{}}
}
