{"/Users/houyuanzhen/Hou_Work/vue3-cli-ts/lib/SchemaForm.tsx": {"path":"/Users/houyuanzhen/Hou_Work/vue3-cli-ts/lib/SchemaForm.tsx","statementMap":{"0":{"start":{"line":1,"column":0},"end":{"line":1,"column":null}},"1":{"start":{"line":3,"column":0},"end":{"line":3,"column":null}},"2":{"start":{"line":4,"column":0},"end":{"line":4,"column":null}},"3":{"start":{"line":5,"column":0},"end":{"line":30,"column":null}},"4":{"start":{"line":21,"column":20},"end":{"line":23,"column":null}},"5":{"start":{"line":24,"column":4},"end":{"line":24,"column":null}},"6":{"start":{"line":26,"column":4},"end":{"line":28,"column":null}},"7":{"start":{"line":27,"column":6},"end":{"line":27,"column":null}}},"fnMap":{"0":{"name":"(anonymous_1)","decl":{"start":{"line":20,"column":2},"end":{"line":20,"column":7}},"loc":{"start":{"line":20,"column":37},"end":{"line":29,"column":null}}},"1":{"name":"(anonymous_2)","decl":{"start":{"line":26,"column":11},"end":{"line":26,"column":16}},"loc":{"start":{"line":26,"column":16},"end":{"line":28,"column":5}}}},"branchMap":{},"s":{"0":3,"1":3,"2":3,"3":3,"4":11,"5":11,"6":11,"7":11},"f":{"0":11,"1":11},"b":{}}
,"/Users/houyuanzhen/Hou_Work/vue3-cli-ts/lib/SchemaFormItems.tsx": {"path":"/Users/houyuanzhen/Hou_Work/vue3-cli-ts/lib/SchemaFormItems.tsx","statementMap":{"0":{"start":{"line":1,"column":0},"end":{"line":1,"column":null}},"1":{"start":{"line":2,"column":0},"end":{"line":2,"column":null}},"2":{"start":{"line":3,"column":0},"end":{"line":3,"column":null}},"3":{"start":{"line":4,"column":0},"end":{"line":4,"column":null}},"4":{"start":{"line":5,"column":0},"end":{"line":5,"column":null}},"5":{"start":{"line":6,"column":0},"end":{"line":6,"column":null}},"6":{"start":{"line":7,"column":0},"end":{"line":7,"column":null}},"7":{"start":{"line":9,"column":0},"end":{"line":42,"column":null}},"8":{"start":{"line":13,"column":31},"end":{"line":16,"column":6}},"9":{"start":{"line":14,"column":44},"end":{"line":14,"column":49}},"10":{"start":{"line":15,"column":6},"end":{"line":15,"column":null}},"11":{"start":{"line":17,"column":4},"end":{"line":40,"column":null}},"12":{"start":{"line":18,"column":25},"end":{"line":18,"column":30}},"13":{"start":{"line":19,"column":30},"end":{"line":19,"column":54}},"14":{"start":{"line":21,"column":19},"end":{"line":21,"column":31}},"15":{"start":{"line":25,"column":10},"end":{"line":25,"column":null}},"16":{"start":{"line":26,"column":10},"end":{"line":26,"column":null}},"17":{"start":{"line":28,"column":10},"end":{"line":28,"column":null}},"18":{"start":{"line":29,"column":10},"end":{"line":29,"column":null}},"19":{"start":{"line":31,"column":10},"end":{"line":31,"column":null}},"20":{"start":{"line":32,"column":10},"end":{"line":32,"column":null}},"21":{"start":{"line":34,"column":10},"end":{"line":34,"column":null}},"22":{"start":{"line":35,"column":10},"end":{"line":35,"column":null}},"23":{"start":{"line":37,"column":10},"end":{"line":37,"column":null}},"24":{"start":{"line":39,"column":6},"end":{"line":39,"column":null}}},"fnMap":{"0":{"name":"(anonymous_1)","decl":{"start":{"line":12,"column":2},"end":{"line":12,"column":7}},"loc":{"start":{"line":12,"column":37},"end":{"line":41,"column":null}}},"1":{"name":"(anonymous_2)","decl":{"start":{"line":13,"column":40},"end":{"line":13,"column":45}},"loc":{"start":{"line":13,"column":45},"end":{"line":16,"column":5}}},"2":{"name":"(anonymous_3)","decl":{"start":{"line":17,"column":11},"end":{"line":17,"column":16}},"loc":{"start":{"line":17,"column":16},"end":{"line":40,"column":5}}}},"branchMap":{"0":{"loc":{"start":{"line":24,"column":8},"end":{"line":26,"column":null}},"type":"switch","locations":[{"start":{"line":24,"column":8},"end":{"line":26,"column":null}},{"start":{"line":27,"column":8},"end":{"line":29,"column":null}},{"start":{"line":30,"column":8},"end":{"line":32,"column":null}},{"start":{"line":33,"column":8},"end":{"line":35,"column":null}},{"start":{"line":36,"column":8},"end":{"line":37,"column":null}}]}},"s":{"0":3,"1":3,"2":3,"3":3,"4":3,"5":3,"6":3,"7":3,"8":27,"9":34,"10":34,"11":27,"12":37,"13":37,"14":37,"15":14,"16":14,"17":13,"18":13,"19":7,"20":7,"21":3,"22":3,"23":0,"24":37},"f":{"0":27,"1":34,"2":37},"b":{"0":[14,13,7,3,0]}}
,"/Users/houyuanzhen/Hou_Work/vue3-cli-ts/lib/context.ts": {"path":"/Users/houyuanzhen/Hou_Work/vue3-cli-ts/lib/context.ts","statementMap":{"0":{"start":{"line":2,"column":0},"end":{"line":2,"column":null}},"1":{"start":{"line":3,"column":13},"end":{"line":3,"column":null}},"2":{"start":{"line":7,"column":4},"end":{"line":7,"column":32}},"3":{"start":{"line":9,"column":4},"end":{"line":9,"column":null}},"4":{"start":{"line":11,"column":2},"end":{"line":11,"column":null}},"5":{"start":{"line":5,"column":0},"end":{"line":5,"column":16}}},"fnMap":{"0":{"name":"useVJSFContext","decl":{"start":{"line":5,"column":16},"end":{"line":5,"column":30}},"loc":{"start":{"line":5,"column":30},"end":{"line":12,"column":null}}}},"branchMap":{},"s":{"0":3,"1":3,"2":10,"3":0,"4":10,"5":3},"f":{"0":10},"b":{}}
,"/Users/houyuanzhen/Hou_Work/vue3-cli-ts/lib/index.ts": {"path":"/Users/houyuanzhen/Hou_Work/vue3-cli-ts/lib/index.ts","statementMap":{"0":{"start":{"line":1,"column":0},"end":{"line":1,"column":null}},"1":{"start":{"line":2,"column":0},"end":{"line":2,"column":7}},"2":{"start":{"line":7,"column":9},"end":{"line":2,"column":null}},"3":{"start":{"line":3,"column":0},"end":{"line":3,"column":7}},"4":{"start":{"line":7,"column":22},"end":{"line":3,"column":null}},"5":{"start":{"line":4,"column":0},"end":{"line":4,"column":7}},"6":{"start":{"line":7,"column":35},"end":{"line":4,"column":null}},"7":{"start":{"line":5,"column":0},"end":{"line":5,"column":7}},"8":{"start":{"line":7,"column":47},"end":{"line":5,"column":null}},"9":{"start":{"line":6,"column":0},"end":{"line":6,"column":null}}},"fnMap":{},"branchMap":{},"s":{"0":3,"1":3,"2":3,"3":3,"4":3,"5":3,"6":3,"7":3,"8":3,"9":3},"f":{},"b":{}}
,"/Users/houyuanzhen/Hou_Work/vue3-cli-ts/lib/types.ts": {"path":"/Users/houyuanzhen/Hou_Work/vue3-cli-ts/lib/types.ts","statementMap":{"0":{"start":{"line":1,"column":0},"end":{"line":1,"column":null}},"1":{"start":{"line":3,"column":0},"end":{"line":3,"column":null}},"2":{"start":{"line":4,"column":2},"end":{"line":4,"column":null}},"3":{"start":{"line":5,"column":2},"end":{"line":5,"column":null}},"4":{"start":{"line":6,"column":2},"end":{"line":6,"column":null}},"5":{"start":{"line":7,"column":2},"end":{"line":7,"column":null}},"6":{"start":{"line":8,"column":2},"end":{"line":8,"column":null}},"7":{"start":{"line":9,"column":2},"end":{"line":9,"column":null}},"8":{"start":{"line":49,"column":13},"end":{"line":65,"column":11}},"9":{"start":{"line":67,"column":13},"end":{"line":69,"column":null}}},"fnMap":{"0":{"name":"(anonymous_0)","decl":{"start":{"line":3,"column":0},"end":{"line":3,"column":12}},"loc":{"start":{"line":3,"column":23},"end":{"line":10,"column":1}}}},"branchMap":{"0":{"loc":{"start":{"line":3,"column":12},"end":{"line":3,"column":null}},"type":"binary-expr","locations":[{"start":{"line":3,"column":12},"end":{"line":3,"column":23}},{"start":{"line":3,"column":12},"end":{"line":3,"column":null}}]}},"s":{"0":3,"1":3,"2":3,"3":3,"4":3,"5":3,"6":3,"7":3,"8":3,"9":3},"f":{"0":3},"b":{"0":[3,3]}}
,"/Users/houyuanzhen/Hou_Work/vue3-cli-ts/lib/utils.ts": {"path":"/Users/houyuanzhen/Hou_Work/vue3-cli-ts/lib/utils.ts","statementMap":{"0":{"start":{"line":1,"column":0},"end":{"line":1,"column":null}},"1":{"start":{"line":5,"column":0},"end":{"line":5,"column":null}},"2":{"start":{"line":6,"column":0},"end":{"line":6,"column":null}},"3":{"start":{"line":7,"column":0},"end":{"line":7,"column":null}},"4":{"start":{"line":10,"column":2},"end":{"line":10,"column":null}},"5":{"start":{"line":9,"column":0},"end":{"line":9,"column":16}},"6":{"start":{"line":14,"column":2},"end":{"line":14,"column":null}},"7":{"start":{"line":13,"column":0},"end":{"line":13,"column":16}},"8":{"start":{"line":22,"column":2},"end":{"line":22,"column":null}},"9":{"start":{"line":17,"column":0},"end":{"line":17,"column":16}},"10":{"start":{"line":29,"column":24},"end":{"line":29,"column":33}},"11":{"start":{"line":31,"column":16},"end":{"line":31,"column":54}},"12":{"start":{"line":32,"column":2},"end":{"line":35,"column":null}},"13":{"start":{"line":30,"column":0},"end":{"line":30,"column":16}},"14":{"start":{"line":42,"column":4},"end":{"line":42,"column":null}},"15":{"start":{"line":44,"column":27},"end":{"line":44,"column":76}},"16":{"start":{"line":45,"column":4},"end":{"line":45,"column":null}},"17":{"start":{"line":47,"column":4},"end":{"line":52,"column":null}},"18":{"start":{"line":50,"column":8},"end":{"line":50,"column":60}},"19":{"start":{"line":55,"column":4},"end":{"line":55,"column":null}},"20":{"start":{"line":40,"column":0},"end":{"line":40,"column":16}},"21":{"start":{"line":65,"column":4},"end":{"line":65,"column":null}},"22":{"start":{"line":67,"column":23},"end":{"line":67,"column":66}},"23":{"start":{"line":72,"column":6},"end":{"line":76,"column":null}},"24":{"start":{"line":78,"column":6},"end":{"line":78,"column":null}},"25":{"start":{"line":79,"column":55},"end":{"line":79,"column":69}},"26":{"start":{"line":80,"column":6},"end":{"line":80,"column":null}},"27":{"start":{"line":84,"column":4},"end":{"line":85,"column":49}},"28":{"start":{"line":88,"column":4},"end":{"line":92,"column":null}},"29":{"start":{"line":94,"column":2},"end":{"line":94,"column":null}},"30":{"start":{"line":59,"column":0},"end":{"line":59,"column":16}},"31":{"start":{"line":97,"column":13},"end":{"line":97,"column":null}},"32":{"start":{"line":105,"column":2},"end":{"line":108,"column":null}},"33":{"start":{"line":110,"column":2},"end":{"line":133,"column":null}},"34":{"start":{"line":113,"column":6},"end":{"line":113,"column":null}},"35":{"start":{"line":118,"column":6},"end":{"line":122,"column":null}},"36":{"start":{"line":124,"column":6},"end":{"line":124,"column":null}},"37":{"start":{"line":126,"column":6},"end":{"line":126,"column":null}},"38":{"start":{"line":130,"column":5},"end":{"line":130,"column":null}},"39":{"start":{"line":132,"column":5},"end":{"line":132,"column":null}},"40":{"start":{"line":135,"column":2},"end":{"line":135,"column":null}},"41":{"start":{"line":99,"column":0},"end":{"line":99,"column":16}},"42":{"start":{"line":153,"column":21},"end":{"line":153,"column":66}},"43":{"start":{"line":155,"column":35},"end":{"line":155,"column":41}},"44":{"start":{"line":157,"column":2},"end":{"line":161,"column":null}},"45":{"start":{"line":165,"column":18},"end":{"line":165,"column":22}},"46":{"start":{"line":168,"column":4},"end":{"line":168,"column":null}},"47":{"start":{"line":170,"column":4},"end":{"line":170,"column":null}},"48":{"start":{"line":172,"column":18},"end":{"line":172,"column":51}},"49":{"start":{"line":174,"column":4},"end":{"line":174,"column":null}},"50":{"start":{"line":178,"column":4},"end":{"line":178,"column":null}},"51":{"start":{"line":180,"column":2},"end":{"line":180,"column":null}},"52":{"start":{"line":164,"column":0},"end":{"line":164,"column":16}},"53":{"start":{"line":189,"column":49},"end":{"line":189,"column":55}},"54":{"start":{"line":191,"column":4},"end":{"line":194,"column":null}},"55":{"start":{"line":196,"column":4},"end":{"line":199,"column":null}},"56":{"start":{"line":201,"column":2},"end":{"line":206,"column":null}},"57":{"start":{"line":218,"column":6},"end":{"line":218,"column":null}},"58":{"start":{"line":225,"column":6},"end":{"line":225,"column":null}},"59":{"start":{"line":228,"column":6},"end":{"line":228,"column":18}},"60":{"start":{"line":230,"column":6},"end":{"line":230,"column":null}},"61":{"start":{"line":232,"column":6},"end":{"line":238,"column":null}},"62":{"start":{"line":240,"column":4},"end":{"line":245,"column":null}},"63":{"start":{"line":247,"column":2},"end":{"line":247,"column":null}},"64":{"start":{"line":252,"column":4},"end":{"line":252,"column":null}},"65":{"start":{"line":254,"column":19},"end":{"line":256,"column":26}},"66":{"start":{"line":257,"column":2},"end":{"line":257,"column":null}},"67":{"start":{"line":268,"column":40},"end":{"line":271,"column":null}},"68":{"start":{"line":273,"column":2},"end":{"line":273,"column":null}},"69":{"start":{"line":276,"column":4},"end":{"line":276,"column":null}},"70":{"start":{"line":278,"column":4},"end":{"line":278,"column":null}},"71":{"start":{"line":281,"column":24},"end":{"line":284,"column":null}},"72":{"start":{"line":282,"column":4},"end":{"line":284,"column":17}},"73":{"start":{"line":286,"column":2},"end":{"line":292,"column":null}},"74":{"start":{"line":302,"column":26},"end":{"line":318,"column":4}},"75":{"start":{"line":304,"column":6},"end":{"line":304,"column":null}},"76":{"start":{"line":306,"column":57},"end":{"line":306,"column":77}},"77":{"start":{"line":308,"column":30},"end":{"line":313,"column":null}},"78":{"start":{"line":315,"column":25},"end":{"line":315,"column":64}},"79":{"start":{"line":316,"column":6},"end":{"line":316,"column":null}},"80":{"start":{"line":320,"column":4},"end":{"line":322,"column":null}},"81":{"start":{"line":323,"column":4},"end":{"line":323,"column":null}},"82":{"start":{"line":326,"column":20},"end":{"line":326,"column":38}},"83":{"start":{"line":328,"column":4},"end":{"line":328,"column":24}},"84":{"start":{"line":329,"column":26},"end":{"line":329,"column":74}},"85":{"start":{"line":330,"column":2},"end":{"line":334,"column":null}},"86":{"start":{"line":343,"column":14},"end":{"line":343,"column":37}},"87":{"start":{"line":344,"column":2},"end":{"line":364,"column":null}},"88":{"start":{"line":345,"column":17},"end":{"line":345,"column":38}},"89":{"start":{"line":346,"column":14},"end":{"line":346,"column":23}},"90":{"start":{"line":348,"column":6},"end":{"line":348,"column":null}},"91":{"start":{"line":359,"column":6},"end":{"line":359,"column":null}},"92":{"start":{"line":361,"column":6},"end":{"line":361,"column":null}},"93":{"start":{"line":363,"column":4},"end":{"line":363,"column":null}},"94":{"start":{"line":342,"column":0},"end":{"line":342,"column":16}},"95":{"start":{"line":377,"column":19},"end":{"line":377,"column":25}},"96":{"start":{"line":380,"column":4},"end":{"line":380,"column":null}},"97":{"start":{"line":384,"column":4},"end":{"line":384,"column":null}},"98":{"start":{"line":388,"column":4},"end":{"line":388,"column":null}},"99":{"start":{"line":391,"column":17},"end":{"line":391,"column":21}},"100":{"start":{"line":393,"column":4},"end":{"line":393,"column":null}},"101":{"start":{"line":393,"column":28},"end":{"line":393,"column":43}},"102":{"start":{"line":396,"column":2},"end":{"line":396,"column":null}},"103":{"start":{"line":376,"column":0},"end":{"line":376,"column":16}},"104":{"start":{"line":425,"column":25},"end":{"line":441,"column":1}},"105":{"start":{"line":427,"column":4},"end":{"line":427,"column":null}},"106":{"start":{"line":429,"column":4},"end":{"line":429,"column":null}},"107":{"start":{"line":431,"column":4},"end":{"line":431,"column":null}},"108":{"start":{"line":433,"column":4},"end":{"line":433,"column":null}},"109":{"start":{"line":435,"column":4},"end":{"line":435,"column":null}},"110":{"start":{"line":437,"column":4},"end":{"line":437,"column":null}},"111":{"start":{"line":440,"column":2},"end":{"line":440,"column":null}},"112":{"start":{"line":425,"column":13},"end":{"line":425,"column":25}},"113":{"start":{"line":444,"column":2},"end":{"line":446,"column":null}},"114":{"start":{"line":443,"column":0},"end":{"line":443,"column":16}},"115":{"start":{"line":451,"column":17},"end":{"line":451,"column":52}},"116":{"start":{"line":452,"column":21},"end":{"line":452,"column":49}},"117":{"start":{"line":454,"column":4},"end":{"line":454,"column":null}},"118":{"start":{"line":456,"column":4},"end":{"line":456,"column":null}},"119":{"start":{"line":456,"column":44},"end":{"line":456,"column":66}},"120":{"start":{"line":458,"column":2},"end":{"line":458,"column":null}},"121":{"start":{"line":450,"column":0},"end":{"line":450,"column":16}},"122":{"start":{"line":463,"column":4},"end":{"line":463,"column":null}},"123":{"start":{"line":465,"column":2},"end":{"line":465,"column":null}},"124":{"start":{"line":461,"column":0},"end":{"line":461,"column":16}},"125":{"start":{"line":474,"column":15},"end":{"line":474,"column":16}},"126":{"start":{"line":475,"column":19},"end":{"line":475,"column":29}},"127":{"start":{"line":487,"column":28},"end":{"line":491,"column":null}},"128":{"start":{"line":488,"column":60},"end":{"line":490,"column":10}},"129":{"start":{"line":498,"column":36},"end":{"line":498,"column":42}},"130":{"start":{"line":501,"column":10},"end":{"line":501,"column":null}},"131":{"start":{"line":504,"column":10},"end":{"line":504,"column":null}},"132":{"start":{"line":507,"column":8},"end":{"line":507,"column":null}},"133":{"start":{"line":509,"column":8},"end":{"line":509,"column":null}},"134":{"start":{"line":511,"column":8},"end":{"line":511,"column":null}},"135":{"start":{"line":516,"column":6},"end":{"line":516,"column":null}},"136":{"start":{"line":519,"column":8},"end":{"line":519,"column":null}},"137":{"start":{"line":522,"column":6},"end":{"line":522,"column":null}},"138":{"start":{"line":525,"column":2},"end":{"line":525,"column":null}},"139":{"start":{"line":469,"column":0},"end":{"line":469,"column":16}},"140":{"start":{"line":531,"column":6},"end":{"line":531,"column":null}},"141":{"start":{"line":533,"column":4},"end":{"line":538,"column":null}},"142":{"start":{"line":535,"column":8},"end":{"line":535,"column":null}},"143":{"start":{"line":537,"column":6},"end":{"line":537,"column":null}},"144":{"start":{"line":540,"column":16},"end":{"line":540,"column":43}},"145":{"start":{"line":541,"column":4},"end":{"line":547,"column":null}},"146":{"start":{"line":542,"column":6},"end":{"line":545,"column":null}},"147":{"start":{"line":546,"column":6},"end":{"line":546,"column":null}},"148":{"start":{"line":549,"column":4},"end":{"line":549,"column":null}},"149":{"start":{"line":528,"column":0},"end":{"line":528,"column":16}},"150":{"start":{"line":560,"column":4},"end":{"line":560,"column":null}},"151":{"start":{"line":563,"column":19},"end":{"line":563,"column":34}},"152":{"start":{"line":574,"column":4},"end":{"line":574,"column":null}},"153":{"start":{"line":577,"column":4},"end":{"line":577,"column":null}},"154":{"start":{"line":580,"column":4},"end":{"line":580,"column":null}},"155":{"start":{"line":582,"column":2},"end":{"line":582,"column":null}},"156":{"start":{"line":553,"column":0},"end":{"line":553,"column":16}}},"fnMap":{"0":{"name":"isObject","decl":{"start":{"line":9,"column":16},"end":{"line":9,"column":24}},"loc":{"start":{"line":9,"column":35},"end":{"line":11,"column":null}}},"1":{"name":"isEmptyObject","decl":{"start":{"line":13,"column":16},"end":{"line":13,"column":29}},"loc":{"start":{"line":13,"column":40},"end":{"line":15,"column":null}}},"2":{"name":"hasOwnProperty","decl":{"start":{"line":17,"column":16},"end":{"line":17,"column":30}},"loc":{"start":{"line":17,"column":52},"end":{"line":23,"column":null}}},"3":{"name":"validateData","decl":{"start":{"line":30,"column":16},"end":{"line":30,"column":28}},"loc":{"start":{"line":30,"column":51},"end":{"line":36,"column":null}}},"4":{"name":"resolveSchema","decl":{"start":{"line":40,"column":16},"end":{"line":40,"column":29}},"loc":{"start":{"line":40,"column":76},"end":{"line":57,"column":null}}},"5":{"name":"(anonymous_6)","decl":{"start":{"line":49,"column":31},"end":{"line":49,"column":45}},"loc":{"start":{"line":50,"column":8},"end":{"line":50,"column":60}}},"6":{"name":"retrieveSchema","decl":{"start":{"line":59,"column":16},"end":{"line":59,"column":30}},"loc":{"start":{"line":62,"column":20},"end":{"line":95,"column":null}}},"7":{"name":"stubExistingAdditionalProperties","decl":{"start":{"line":99,"column":16},"end":{"line":99,"column":48}},"loc":{"start":{"line":102,"column":20},"end":{"line":136,"column":null}}},"8":{"name":"(anonymous_9)","decl":{"start":{"line":110,"column":33},"end":{"line":110,"column":36}},"loc":{"start":{"line":110,"column":40},"end":{"line":133,"column":3}}},"9":{"name":"resolveReference","decl":{"start":{"line":151,"column":9},"end":{"line":151,"column":25}},"loc":{"start":{"line":151,"column":69},"end":{"line":162,"column":null}}},"10":{"name":"findSchemaDefinition","decl":{"start":{"line":164,"column":16},"end":{"line":164,"column":36}},"loc":{"start":{"line":164,"column":66},"end":{"line":181,"column":null}}},"11":{"name":"resolveDependencies","decl":{"start":{"line":183,"column":9},"end":{"line":183,"column":28}},"loc":{"start":{"line":186,"column":15},"end":{"line":207,"column":null}}},"12":{"name":"processDependencies","decl":{"start":{"line":208,"column":9},"end":{"line":208,"column":28}},"loc":{"start":{"line":212,"column":15},"end":{"line":248,"column":null}}},"13":{"name":"withDependentProperties","decl":{"start":{"line":250,"column":9},"end":{"line":250,"column":32}},"loc":{"start":{"line":250,"column":71},"end":{"line":258,"column":null}}},"14":{"name":"withDependentSchema","decl":{"start":{"line":260,"column":9},"end":{"line":260,"column":28}},"loc":{"start":{"line":265,"column":22},"end":{"line":293,"column":null}}},"15":{"name":"(anonymous_16)","decl":{"start":{"line":281,"column":35},"end":{"line":281,"column":44}},"loc":{"start":{"line":282,"column":4},"end":{"line":284,"column":17}}},"16":{"name":"withExactlyOneSubschema","decl":{"start":{"line":295,"column":9},"end":{"line":295,"column":32}},"loc":{"start":{"line":300,"column":12},"end":{"line":335,"column":null}}},"17":{"name":"(anonymous_18)","decl":{"start":{"line":302,"column":40},"end":{"line":302,"column":54}},"loc":{"start":{"line":302,"column":58},"end":{"line":318,"column":3}}},"18":{"name":"mergeSchemas","decl":{"start":{"line":342,"column":16},"end":{"line":342,"column":28}},"loc":{"start":{"line":342,"column":49},"end":{"line":365,"column":null}}},"19":{"name":"(anonymous_20)","decl":{"start":{"line":344,"column":34},"end":{"line":344,"column":35}},"loc":{"start":{"line":344,"column":47},"end":{"line":364,"column":3}}},"20":{"name":"getSchemaType","decl":{"start":{"line":376,"column":16},"end":{"line":376,"column":29}},"loc":{"start":{"line":376,"column":44},"end":{"line":421,"column":null}}},"21":{"name":"(anonymous_22)","decl":{"start":{"line":393,"column":19},"end":{"line":393,"column":23}},"loc":{"start":{"line":393,"column":28},"end":{"line":393,"column":43}}},"22":{"name":"guessType","decl":{"start":{"line":425,"column":34},"end":{"line":425,"column":43}},"loc":{"start":{"line":425,"column":54},"end":{"line":441,"column":1}}},"23":{"name":"isConstant","decl":{"start":{"line":443,"column":16},"end":{"line":443,"column":26}},"loc":{"start":{"line":443,"column":41},"end":{"line":448,"column":null}}},"24":{"name":"isSelect","decl":{"start":{"line":450,"column":16},"end":{"line":450,"column":24}},"loc":{"start":{"line":450,"column":62},"end":{"line":459,"column":null}}},"25":{"name":"(anonymous_26)","decl":{"start":{"line":456,"column":29},"end":{"line":456,"column":39}},"loc":{"start":{"line":456,"column":44},"end":{"line":456,"column":66}}},"26":{"name":"isMultiSelect","decl":{"start":{"line":461,"column":16},"end":{"line":461,"column":29}},"loc":{"start":{"line":461,"column":69},"end":{"line":466,"column":null}}},"27":{"name":"getMatchingOption","decl":{"start":{"line":469,"column":16},"end":{"line":469,"column":33}},"loc":{"start":{"line":472,"column":49},"end":{"line":526,"column":null}}},"28":{"name":"(anonymous_29)","decl":{"start":{"line":488,"column":51},"end":{"line":488,"column":54}},"loc":{"start":{"line":488,"column":60},"end":{"line":490,"column":10}}},"29":{"name":"mergeDefaultsWithFormData","decl":{"start":{"line":528,"column":16},"end":{"line":528,"column":41}},"loc":{"start":{"line":528,"column":70},"end":{"line":551,"column":null}}},"30":{"name":"(anonymous_31)","decl":{"start":{"line":533,"column":24},"end":{"line":533,"column":25}},"loc":{"start":{"line":533,"column":39},"end":{"line":538,"column":5}}},"31":{"name":"(anonymous_32)","decl":{"start":{"line":541,"column":40},"end":{"line":541,"column":41}},"loc":{"start":{"line":541,"column":53},"end":{"line":547,"column":5}}},"32":{"name":"getDefaultFormState","decl":{"start":{"line":553,"column":16},"end":{"line":553,"column":35}},"loc":{"start":{"line":555,"column":15},"end":{"line":583,"column":null}}}},"branchMap":{"0":{"loc":{"start":{"line":10,"column":9},"end":{"line":10,"column":77}},"type":"binary-expr","locations":[{"start":{"line":10,"column":9},"end":{"line":10,"column":34}},{"start":{"line":10,"column":38},"end":{"line":10,"column":52}},{"start":{"line":10,"column":56},"end":{"line":10,"column":77}}]},"1":{"loc":{"start":{"line":14,"column":9},"end":{"line":14,"column":59}},"type":"binary-expr","locations":[{"start":{"line":14,"column":9},"end":{"line":14,"column":24}},{"start":{"line":14,"column":28},"end":{"line":14,"column":59}}]},"2":{"loc":{"start":{"line":40,"column":46},"end":{"line":40,"column":61}},"type":"default-arg","locations":[{"start":{"line":40,"column":59},"end":{"line":40,"column":61}}]},"3":{"loc":{"start":{"line":40,"column":63},"end":{"line":40,"column":76}},"type":"default-arg","locations":[{"start":{"line":40,"column":74},"end":{"line":40,"column":76}}]},"4":{"loc":{"start":{"line":46,"column":13},"end":{"line":46,"column":75}},"type":"binary-expr","locations":[{"start":{"line":46,"column":13},"end":{"line":46,"column":44}},{"start":{"line":46,"column":48},"end":{"line":46,"column":75}}]},"5":{"loc":{"start":{"line":61,"column":2},"end":{"line":61,"column":17}},"type":"default-arg","locations":[{"start":{"line":61,"column":15},"end":{"line":61,"column":17}}]},"6":{"loc":{"start":{"line":62,"column":2},"end":{"line":62,"column":20}},"type":"default-arg","locations":[{"start":{"line":62,"column":18},"end":{"line":62,"column":20}}]},"7":{"loc":{"start":{"line":84,"column":4},"end":{"line":85,"column":49}},"type":"binary-expr","locations":[{"start":{"line":84,"column":4},"end":{"line":84,"column":57}},{"start":{"line":85,"column":4},"end":{"line":85,"column":49}}]},"8":{"loc":{"start":{"line":101,"column":2},"end":{"line":101,"column":25}},"type":"default-arg","locations":[{"start":{"line":101,"column":23},"end":{"line":101,"column":25}}]},"9":{"loc":{"start":{"line":102,"column":2},"end":{"line":102,"column":20}},"type":"default-arg","locations":[{"start":{"line":102,"column":18},"end":{"line":102,"column":20}}]},"10":{"loc":{"start":{"line":164,"column":51},"end":{"line":164,"column":66}},"type":"default-arg","locations":[{"start":{"line":164,"column":64},"end":{"line":164,"column":66}}]},"11":{"loc":{"start":{"line":189,"column":8},"end":{"line":189,"column":25}},"type":"default-arg","locations":[{"start":{"line":189,"column":23},"end":{"line":189,"column":25}}]},"12":{"loc":{"start":{"line":222,"column":6},"end":{"line":223,"column":51}},"type":"binary-expr","locations":[{"start":{"line":222,"column":6},"end":{"line":222,"column":31}},{"start":{"line":223,"column":6},"end":{"line":223,"column":51}}]},"13":{"loc":{"start":{"line":254,"column":19},"end":{"line":256,"column":26}},"type":"cond-expr","locations":[{"start":{"line":255,"column":6},"end":{"line":255,"column":72}},{"start":{"line":256,"column":6},"end":{"line":256,"column":26}}]},"14":{"loc":{"start":{"line":282,"column":4},"end":{"line":284,"column":17}},"type":"cond-expr","locations":[{"start":{"line":283,"column":8},"end":{"line":283,"column":57}},{"start":{"line":284,"column":8},"end":{"line":284,"column":17}}]},"15":{"loc":{"start":{"line":316,"column":13},"end":{"line":316,"column":43}},"type":"binary-expr","locations":[{"start":{"line":316,"column":13},"end":{"line":316,"column":20}},{"start":{"line":316,"column":24},"end":{"line":316,"column":43}}]},"16":{"loc":{"start":{"line":345,"column":17},"end":{"line":345,"column":38}},"type":"cond-expr","locations":[{"start":{"line":345,"column":24},"end":{"line":345,"column":33}},{"start":{"line":345,"column":36},"end":{"line":345,"column":38}}]},"17":{"loc":{"start":{"line":347,"column":8},"end":{"line":347,"column":60}},"type":"binary-expr","locations":[{"start":{"line":347,"column":8},"end":{"line":347,"column":12}},{"start":{"line":347,"column":16},"end":{"line":347,"column":41}},{"start":{"line":347,"column":45},"end":{"line":347,"column":60}}]},"18":{"loc":{"start":{"line":350,"column":6},"end":{"line":355,"column":26}},"type":"binary-expr","locations":[{"start":{"line":350,"column":6},"end":{"line":350,"column":10}},{"start":{"line":351,"column":6},"end":{"line":351,"column":10}},{"start":{"line":352,"column":7},"end":{"line":352,"column":39}},{"start":{"line":352,"column":43},"end":{"line":352,"column":75}},{"start":{"line":353,"column":6},"end":{"line":353,"column":24}},{"start":{"line":354,"column":6},"end":{"line":354,"column":25}},{"start":{"line":355,"column":6},"end":{"line":355,"column":26}}]},"19":{"loc":{"start":{"line":379,"column":6},"end":{"line":379,"column":27}},"type":"binary-expr","locations":[{"start":{"line":379,"column":6},"end":{"line":379,"column":11}},{"start":{"line":379,"column":15},"end":{"line":379,"column":27}}]},"20":{"loc":{"start":{"line":383,"column":6},"end":{"line":383,"column":26}},"type":"binary-expr","locations":[{"start":{"line":383,"column":6},"end":{"line":383,"column":11}},{"start":{"line":383,"column":15},"end":{"line":383,"column":26}}]},"21":{"loc":{"start":{"line":387,"column":6},"end":{"line":387,"column":65}},"type":"binary-expr","locations":[{"start":{"line":387,"column":6},"end":{"line":387,"column":11}},{"start":{"line":387,"column":16},"end":{"line":387,"column":33}},{"start":{"line":387,"column":37},"end":{"line":387,"column":64}}]},"22":{"loc":{"start":{"line":392,"column":6},"end":{"line":392,"column":64}},"type":"binary-expr","locations":[{"start":{"line":392,"column":6},"end":{"line":392,"column":24}},{"start":{"line":392,"column":28},"end":{"line":392,"column":42}},{"start":{"line":392,"column":46},"end":{"line":392,"column":64}}]},"23":{"loc":{"start":{"line":445,"column":5},"end":{"line":446,"column":34}},"type":"binary-expr","locations":[{"start":{"line":445,"column":5},"end":{"line":445,"column":31}},{"start":{"line":445,"column":35},"end":{"line":445,"column":59}},{"start":{"line":446,"column":4},"end":{"line":446,"column":34}}]},"24":{"loc":{"start":{"line":450,"column":39},"end":{"line":450,"column":62}},"type":"default-arg","locations":[{"start":{"line":450,"column":60},"end":{"line":450,"column":62}}]},"25":{"loc":{"start":{"line":452,"column":21},"end":{"line":452,"column":49}},"type":"binary-expr","locations":[{"start":{"line":452,"column":21},"end":{"line":452,"column":33}},{"start":{"line":452,"column":37},"end":{"line":452,"column":49}}]},"26":{"loc":{"start":{"line":461,"column":46},"end":{"line":461,"column":69}},"type":"default-arg","locations":[{"start":{"line":461,"column":67},"end":{"line":461,"column":69}}]},"27":{"loc":{"start":{"line":462,"column":6},"end":{"line":462,"column":42}},"type":"binary-expr","locations":[{"start":{"line":462,"column":6},"end":{"line":462,"column":25}},{"start":{"line":462,"column":29},"end":{"line":462,"column":42}}]},"28":{"loc":{"start":{"line":543,"column":8},"end":{"line":543,"column":37}},"type":"cond-expr","locations":[{"start":{"line":543,"column":19},"end":{"line":543,"column":32}},{"start":{"line":543,"column":35},"end":{"line":543,"column":37}}]},"29":{"loc":{"start":{"line":576,"column":6},"end":{"line":576,"column":51}},"type":"binary-expr","locations":[{"start":{"line":576,"column":6},"end":{"line":576,"column":24}},{"start":{"line":576,"column":28},"end":{"line":576,"column":51}}]},"30":{"loc":{"start":{"line":579,"column":6},"end":{"line":579,"column":61}},"type":"binary-expr","locations":[{"start":{"line":579,"column":6},"end":{"line":579,"column":20}},{"start":{"line":579,"column":24},"end":{"line":579,"column":42}},{"start":{"line":579,"column":46},"end":{"line":579,"column":61}}]},"31":{"loc":{"start":{"line":582,"column":9},"end":{"line":582,"column":29}},"type":"binary-expr","locations":[{"start":{"line":582,"column":9},"end":{"line":582,"column":17}},{"start":{"line":582,"column":21},"end":{"line":582,"column":29}}]}},"s":{"0":3,"1":3,"2":3,"3":3,"4":50,"5":3,"6":0,"7":3,"8":102,"9":3,"10":3,"11":0,"12":0,"13":3,"14":0,"15":0,"16":0,"17":0,"18":0,"19":34,"20":3,"21":0,"22":34,"23":0,"24":0,"25":0,"26":0,"27":34,"28":0,"29":34,"30":3,"31":3,"32":0,"33":0,"34":0,"35":0,"36":0,"37":0,"38":0,"39":0,"40":0,"41":3,"42":0,"43":0,"44":0,"45":0,"46":0,"47":0,"48":0,"49":0,"50":0,"51":0,"52":3,"53":0,"54":0,"55":0,"56":0,"57":0,"58":0,"59":0,"60":0,"61":0,"62":0,"63":0,"64":0,"65":0,"66":0,"67":0,"68":0,"69":0,"70":0,"71":0,"72":0,"73":0,"74":0,"75":0,"76":0,"77":0,"78":0,"79":0,"80":0,"81":0,"82":0,"83":0,"84":0,"85":0,"86":0,"87":0,"88":0,"89":0,"90":0,"91":0,"92":0,"93":0,"94":3,"95":0,"96":0,"97":0,"98":0,"99":0,"100":0,"101":0,"102":0,"103":3,"104":3,"105":0,"106":0,"107":0,"108":0,"109":0,"110":0,"111":0,"112":3,"113":0,"114":3,"115":0,"116":0,"117":0,"118":0,"119":0,"120":0,"121":3,"122":0,"123":0,"124":3,"125":0,"126":0,"127":0,"128":0,"129":0,"130":0,"131":0,"132":0,"133":0,"134":0,"135":0,"136":0,"137":0,"138":0,"139":3,"140":0,"141":0,"142":0,"143":0,"144":0,"145":0,"146":0,"147":0,"148":0,"149":3,"150":0,"151":0,"152":0,"153":0,"154":0,"155":0,"156":3},"f":{"0":50,"1":0,"2":102,"3":0,"4":34,"5":0,"6":34,"7":0,"8":0,"9":0,"10":0,"11":0,"12":0,"13":0,"14":0,"15":0,"16":0,"17":0,"18":0,"19":0,"20":0,"21":0,"22":0,"23":0,"24":0,"25":0,"26":0,"27":0,"28":0,"29":0,"30":0,"31":0,"32":0},"b":{"0":[50,48,48],"1":[0,0],"2":[0],"3":[0],"4":[34,0],"5":[0],"6":[11],"7":[34,0],"8":[0],"9":[0],"10":[0],"11":[0],"12":[0,0],"13":[0,0],"14":[0,0],"15":[0,0],"16":[0,0],"17":[0,0,0],"18":[0,0,0,0,0,0,0],"19":[0,0],"20":[0,0],"21":[0,0,0],"22":[0,0,0],"23":[0,0,0],"24":[0],"25":[0,0],"26":[0],"27":[0,0],"28":[0,0],"29":[0,0],"30":[0,0,0],"31":[0,0]}}
,"/Users/houyuanzhen/Hou_Work/vue3-cli-ts/lib/fields/ArrayField.tsx": {"path":"/Users/houyuanzhen/Hou_Work/vue3-cli-ts/lib/fields/ArrayField.tsx","statementMap":{"0":{"start":{"line":1,"column":0},"end":{"line":1,"column":null}},"1":{"start":{"line":2,"column":0},"end":{"line":2,"column":null}},"2":{"start":{"line":3,"column":0},"end":{"line":3,"column":null}},"3":{"start":{"line":4,"column":0},"end":{"line":4,"column":null}},"4":{"start":{"line":5,"column":0},"end":{"line":5,"column":null}},"5":{"start":{"line":33,"column":18},"end":{"line":55,"column":2}},"6":{"start":{"line":58,"column":25},"end":{"line":118,"column":2}},"7":{"start":{"line":83,"column":23},"end":{"line":83,"column":34}},"8":{"start":{"line":85,"column":22},"end":{"line":85,"column":41}},"9":{"start":{"line":85,"column":28},"end":{"line":85,"column":41}},"10":{"start":{"line":87,"column":25},"end":{"line":87,"column":47}},"11":{"start":{"line":87,"column":31},"end":{"line":87,"column":47}},"12":{"start":{"line":89,"column":21},"end":{"line":89,"column":39}},"13":{"start":{"line":89,"column":27},"end":{"line":89,"column":39}},"14":{"start":{"line":91,"column":23},"end":{"line":91,"column":43}},"15":{"start":{"line":91,"column":29},"end":{"line":91,"column":43}},"16":{"start":{"line":93,"column":4},"end":{"line":116,"column":null}},"17":{"start":{"line":94,"column":22},"end":{"line":94,"column":38}},"18":{"start":{"line":95,"column":6},"end":{"line":112,"column":null}},"19":{"start":{"line":120,"column":0},"end":{"line":217,"column":null}},"20":{"start":{"line":124,"column":20},"end":{"line":124,"column":36}},"21":{"start":{"line":126,"column":34},"end":{"line":131,"column":5}},"22":{"start":{"line":127,"column":24},"end":{"line":127,"column":29}},"23":{"start":{"line":128,"column":18},"end":{"line":128,"column":51}},"24":{"start":{"line":129,"column":6},"end":{"line":129,"column":null}},"25":{"start":{"line":130,"column":6},"end":{"line":130,"column":null}},"26":{"start":{"line":132,"column":19},"end":{"line":136,"column":5}},"27":{"start":{"line":133,"column":19},"end":{"line":133,"column":52}},"28":{"start":{"line":134,"column":6},"end":{"line":134,"column":null}},"29":{"start":{"line":135,"column":6},"end":{"line":135,"column":null}},"30":{"start":{"line":137,"column":21},"end":{"line":141,"column":5}},"31":{"start":{"line":138,"column":19},"end":{"line":138,"column":52}},"32":{"start":{"line":139,"column":6},"end":{"line":139,"column":null}},"33":{"start":{"line":140,"column":6},"end":{"line":140,"column":null}},"34":{"start":{"line":142,"column":17},"end":{"line":148,"column":5}},"35":{"start":{"line":143,"column":19},"end":{"line":143,"column":52}},"36":{"start":{"line":144,"column":6},"end":{"line":144,"column":30}},"37":{"start":{"line":144,"column":23},"end":{"line":144,"column":30}},"38":{"start":{"line":145,"column":19},"end":{"line":145,"column":40}},"39":{"start":{"line":146,"column":6},"end":{"line":146,"column":null}},"40":{"start":{"line":147,"column":6},"end":{"line":147,"column":null}},"41":{"start":{"line":149,"column":19},"end":{"line":155,"column":5}},"42":{"start":{"line":150,"column":19},"end":{"line":150,"column":52}},"43":{"start":{"line":151,"column":6},"end":{"line":151,"column":44}},"44":{"start":{"line":151,"column":37},"end":{"line":151,"column":44}},"45":{"start":{"line":152,"column":19},"end":{"line":152,"column":40}},"46":{"start":{"line":153,"column":6},"end":{"line":153,"column":null}},"47":{"start":{"line":154,"column":6},"end":{"line":154,"column":null}},"48":{"start":{"line":156,"column":4},"end":{"line":215,"column":null}},"49":{"start":{"line":157,"column":44},"end":{"line":157,"column":49}},"50":{"start":{"line":158,"column":30},"end":{"line":158,"column":53}},"51":{"start":{"line":160,"column":26},"end":{"line":160,"column":53}},"52":{"start":{"line":162,"column":23},"end":{"line":162,"column":65}},"53":{"start":{"line":164,"column":32},"end":{"line":164,"column":51}},"54":{"start":{"line":165,"column":20},"end":{"line":165,"column":53}},"55":{"start":{"line":166,"column":8},"end":{"line":177,"column":null}},"56":{"start":{"line":167,"column":10},"end":{"line":167,"column":null}},"57":{"start":{"line":168,"column":10},"end":{"line":174,"column":null}},"58":{"start":{"line":174,"column":36},"end":{"line":174,"column":67}},"59":{"start":{"line":180,"column":20},"end":{"line":180,"column":53}},"60":{"start":{"line":181,"column":8},"end":{"line":199,"column":null}},"61":{"start":{"line":182,"column":10},"end":{"line":195,"column":null}},"62":{"start":{"line":185,"column":27},"end":{"line":185,"column":39}},"63":{"start":{"line":186,"column":30},"end":{"line":186,"column":52}},"64":{"start":{"line":187,"column":26},"end":{"line":187,"column":44}},"65":{"start":{"line":188,"column":28},"end":{"line":188,"column":48}},"66":{"start":{"line":189,"column":26},"end":{"line":195,"column":null}},"67":{"start":{"line":195,"column":38},"end":{"line":195,"column":69}},"68":{"start":{"line":202,"column":29},"end":{"line":202,"column":54}},"69":{"start":{"line":203,"column":24},"end":{"line":206,"column":11}},"70":{"start":{"line":203,"column":53},"end":{"line":206,"column":10}},"71":{"start":{"line":207,"column":8},"end":{"line":211,"column":null}}},"fnMap":{"0":{"name":"(anonymous_1)","decl":{"start":{"line":82,"column":2},"end":{"line":82,"column":7}},"loc":{"start":{"line":82,"column":24},"end":{"line":117,"column":null}}},"1":{"name":"(anonymous_2)","decl":{"start":{"line":85,"column":22},"end":{"line":85,"column":28}},"loc":{"start":{"line":85,"column":28},"end":{"line":85,"column":41}}},"2":{"name":"(anonymous_3)","decl":{"start":{"line":87,"column":25},"end":{"line":87,"column":31}},"loc":{"start":{"line":87,"column":31},"end":{"line":87,"column":47}}},"3":{"name":"(anonymous_4)","decl":{"start":{"line":89,"column":21},"end":{"line":89,"column":27}},"loc":{"start":{"line":89,"column":27},"end":{"line":89,"column":39}}},"4":{"name":"(anonymous_5)","decl":{"start":{"line":91,"column":23},"end":{"line":91,"column":29}},"loc":{"start":{"line":91,"column":29},"end":{"line":91,"column":43}}},"5":{"name":"(anonymous_6)","decl":{"start":{"line":93,"column":11},"end":{"line":93,"column":16}},"loc":{"start":{"line":93,"column":16},"end":{"line":116,"column":5}}},"6":{"name":"(anonymous_7)","decl":{"start":{"line":123,"column":2},"end":{"line":123,"column":7}},"loc":{"start":{"line":123,"column":13},"end":{"line":216,"column":null}}},"7":{"name":"(anonymous_8)","decl":{"start":{"line":126,"column":34},"end":{"line":126,"column":35}},"loc":{"start":{"line":126,"column":60},"end":{"line":131,"column":5}}},"8":{"name":"(anonymous_9)","decl":{"start":{"line":132,"column":19},"end":{"line":132,"column":29}},"loc":{"start":{"line":132,"column":33},"end":{"line":136,"column":5}}},"9":{"name":"(anonymous_10)","decl":{"start":{"line":137,"column":21},"end":{"line":137,"column":22}},"loc":{"start":{"line":137,"column":51},"end":{"line":141,"column":5}}},"10":{"name":"(anonymous_11)","decl":{"start":{"line":142,"column":17},"end":{"line":142,"column":18}},"loc":{"start":{"line":142,"column":47},"end":{"line":148,"column":5}}},"11":{"name":"(anonymous_12)","decl":{"start":{"line":149,"column":19},"end":{"line":149,"column":20}},"loc":{"start":{"line":149,"column":49},"end":{"line":155,"column":5}}},"12":{"name":"(anonymous_13)","decl":{"start":{"line":156,"column":11},"end":{"line":156,"column":16}},"loc":{"start":{"line":156,"column":16},"end":{"line":215,"column":5}}},"13":{"name":"(anonymous_14)","decl":{"start":{"line":166,"column":25},"end":{"line":166,"column":26}},"loc":{"start":{"line":166,"column":54},"end":{"line":177,"column":9}}},"14":{"name":"(anonymous_15)","decl":{"start":{"line":174,"column":25},"end":{"line":174,"column":31}},"loc":{"start":{"line":174,"column":36},"end":{"line":174,"column":67}}},"15":{"name":"(anonymous_16)","decl":{"start":{"line":181,"column":23},"end":{"line":181,"column":24}},"loc":{"start":{"line":181,"column":49},"end":{"line":199,"column":9}}},"16":{"name":"(anonymous_17)","decl":{"start":{"line":185,"column":21},"end":{"line":185,"column":27}},"loc":{"start":{"line":185,"column":27},"end":{"line":185,"column":39}}},"17":{"name":"(anonymous_18)","decl":{"start":{"line":186,"column":24},"end":{"line":186,"column":30}},"loc":{"start":{"line":186,"column":30},"end":{"line":186,"column":52}}},"18":{"name":"(anonymous_19)","decl":{"start":{"line":187,"column":20},"end":{"line":187,"column":26}},"loc":{"start":{"line":187,"column":26},"end":{"line":187,"column":44}}},"19":{"name":"(anonymous_20)","decl":{"start":{"line":188,"column":22},"end":{"line":188,"column":28}},"loc":{"start":{"line":188,"column":28},"end":{"line":188,"column":48}}},"20":{"name":"(anonymous_21)","decl":{"start":{"line":189,"column":26},"end":{"line":189,"column":null}},"loc":{"start":{"line":189,"column":26},"end":{"line":195,"column":null}}},"21":{"name":"(anonymous_22)","decl":{"start":{"line":195,"column":27},"end":{"line":195,"column":33}},"loc":{"start":{"line":195,"column":38},"end":{"line":195,"column":69}}},"22":{"name":"(anonymous_23)","decl":{"start":{"line":203,"column":41},"end":{"line":203,"column":47}},"loc":{"start":{"line":203,"column":53},"end":{"line":206,"column":10}}}},"branchMap":{"0":{"loc":{"start":{"line":112,"column":18},"end":{"line":112,"column":50}},"type":"binary-expr","locations":[{"start":{"line":112,"column":18},"end":{"line":112,"column":31}},{"start":{"line":112,"column":35},"end":{"line":112,"column":50}}]},"1":{"loc":{"start":{"line":128,"column":18},"end":{"line":128,"column":51}},"type":"cond-expr","locations":[{"start":{"line":128,"column":41},"end":{"line":128,"column":46}},{"start":{"line":128,"column":49},"end":{"line":128,"column":51}}]},"2":{"loc":{"start":{"line":133,"column":19},"end":{"line":133,"column":52}},"type":"cond-expr","locations":[{"start":{"line":133,"column":42},"end":{"line":133,"column":47}},{"start":{"line":133,"column":50},"end":{"line":133,"column":52}}]},"3":{"loc":{"start":{"line":138,"column":19},"end":{"line":138,"column":52}},"type":"cond-expr","locations":[{"start":{"line":138,"column":42},"end":{"line":138,"column":47}},{"start":{"line":138,"column":50},"end":{"line":138,"column":52}}]},"4":{"loc":{"start":{"line":143,"column":19},"end":{"line":143,"column":52}},"type":"cond-expr","locations":[{"start":{"line":143,"column":42},"end":{"line":143,"column":47}},{"start":{"line":143,"column":50},"end":{"line":143,"column":52}}]},"5":{"loc":{"start":{"line":144,"column":6},"end":{"line":144,"column":30}},"type":"if","locations":[{"start":{"line":144,"column":6},"end":{"line":144,"column":30}}]},"6":{"loc":{"start":{"line":150,"column":19},"end":{"line":150,"column":52}},"type":"cond-expr","locations":[{"start":{"line":150,"column":42},"end":{"line":150,"column":47}},{"start":{"line":150,"column":50},"end":{"line":150,"column":52}}]},"7":{"loc":{"start":{"line":151,"column":6},"end":{"line":151,"column":44}},"type":"if","locations":[{"start":{"line":151,"column":6},"end":{"line":151,"column":44}}]},"8":{"loc":{"start":{"line":162,"column":23},"end":{"line":162,"column":65}},"type":"binary-expr","locations":[{"start":{"line":162,"column":23},"end":{"line":162,"column":35}},{"start":{"line":162,"column":40},"end":{"line":162,"column":65}}]},"9":{"loc":{"start":{"line":165,"column":20},"end":{"line":165,"column":53}},"type":"cond-expr","locations":[{"start":{"line":165,"column":43},"end":{"line":165,"column":48}},{"start":{"line":165,"column":51},"end":{"line":165,"column":53}}]},"10":{"loc":{"start":{"line":180,"column":20},"end":{"line":180,"column":53}},"type":"cond-expr","locations":[{"start":{"line":180,"column":43},"end":{"line":180,"column":48}},{"start":{"line":180,"column":51},"end":{"line":180,"column":53}}]}},"s":{"0":3,"1":3,"2":3,"3":3,"4":3,"5":3,"6":3,"7":2,"8":2,"9":0,"10":2,"11":0,"12":2,"13":0,"14":2,"15":0,"16":2,"17":2,"18":2,"19":3,"20":3,"21":3,"22":0,"23":0,"24":0,"25":0,"26":3,"27":0,"28":0,"29":0,"30":3,"31":0,"32":0,"33":0,"34":3,"35":0,"36":0,"37":0,"38":0,"39":0,"40":0,"41":3,"42":0,"43":0,"44":0,"45":0,"46":0,"47":0,"48":3,"49":3,"50":3,"51":3,"52":3,"53":1,"54":1,"55":1,"56":2,"57":2,"58":0,"59":1,"60":1,"61":2,"62":0,"63":0,"64":0,"65":0,"66":2,"67":0,"68":1,"69":1,"70":3,"71":1},"f":{"0":2,"1":0,"2":0,"3":0,"4":0,"5":2,"6":3,"7":0,"8":0,"9":0,"10":0,"11":0,"12":3,"13":2,"14":0,"15":2,"16":0,"17":0,"18":0,"19":0,"20":2,"21":0,"22":3},"b":{"0":[2,2],"1":[0,0],"2":[0,0],"3":[0,0],"4":[0,0],"5":[0],"6":[0,0],"7":[0],"8":[3,3],"9":[1,0],"10":[1,0]}}
,"/Users/houyuanzhen/Hou_Work/vue3-cli-ts/lib/fields/NumberField.vue": {"path":"/Users/houyuanzhen/Hou_Work/vue3-cli-ts/lib/fields/NumberField.vue","statementMap":{"0":{"start":{"line":3,"column":0},"end":{"line":5,"column":3}},"1":{"start":{"line":6,"column":12},"end":{"line":6,"column":26}},"2":{"start":{"line":7,"column":14},"end":{"line":7,"column":33}},"3":{"start":{"line":8,"column":0},"end":{"line":34,"column":3}},"4":{"start":{"line":12,"column":19},"end":{"line":12,"column":28}},"5":{"start":{"line":13,"column":4},"end":{"line":13,"column":15}},"6":{"start":{"line":14,"column":16},"end":{"line":14,"column":23}},"7":{"start":{"line":15,"column":23},"end":{"line":23,"column":5}},"8":{"start":{"line":16,"column":18},"end":{"line":16,"column":32}},"9":{"start":{"line":17,"column":16},"end":{"line":17,"column":29}},"10":{"start":{"line":18,"column":6},"end":{"line":22,"column":7}},"11":{"start":{"line":19,"column":8},"end":{"line":19,"column":34}},"12":{"start":{"line":21,"column":8},"end":{"line":21,"column":28}},"13":{"start":{"line":24,"column":23},"end":{"line":27,"column":5}},"14":{"start":{"line":28,"column":4},"end":{"line":31,"column":7}},"15":{"start":{"line":32,"column":4},"end":{"line":32,"column":24}},"16":{"start":{"line":36,"column":0},"end":{"line":36,"column":62}},"17":{"start":{"line":37,"column":0},"end":{"line":37,"column":24}},"18":{"start":{"line":38,"column":12},"end":{"line":38,"column":26}},"19":{"start":{"line":39,"column":17},"end":{"line":39,"column":26}},"20":{"start":{"line":41,"column":4},"end":{"line":45,"column":58}},"21":{"start":{"line":47,"column":0},"end":{"line":47,"column":24}},"22":{"start":{"line":48,"column":1},"end":{"line":48,"column":48}}},"fnMap":{"0":{"name":"(anonymous_0)","decl":{"start":{"line":11,"column":9},"end":{"line":11,"column":10}},"loc":{"start":{"line":11,"column":32},"end":{"line":33,"column":3}},"line":11},"1":{"name":"(anonymous_1)","decl":{"start":{"line":15,"column":23},"end":{"line":15,"column":24}},"loc":{"start":{"line":15,"column":36},"end":{"line":23,"column":5}},"line":15},"2":{"name":"render","decl":{"start":{"line":40,"column":9},"end":{"line":40,"column":15}},"loc":{"start":{"line":40,"column":63},"end":{"line":46,"column":1}},"line":40}},"branchMap":{"0":{"loc":{"start":{"line":18,"column":6},"end":{"line":22,"column":7}},"type":"if","locations":[{"start":{"line":18,"column":6},"end":{"line":22,"column":7}},{"start":{"line":20,"column":13},"end":{"line":22,"column":7}}],"line":18}},"s":{"0":3,"1":3,"2":3,"3":3,"4":8,"5":8,"6":8,"7":8,"8":1,"9":1,"10":1,"11":0,"12":1,"13":8,"14":8,"15":8,"16":3,"17":3,"18":3,"19":3,"20":13,"21":3,"22":3},"f":{"0":8,"1":1,"2":13},"b":{"0":[0,1]},"inputSourceMap":{"0":"{","1":"\"","2":"v","3":"e","4":"r","5":"s","6":"i","7":"o","8":"n","9":"\"","10":":","11":"3","12":",","13":"\"","14":"s","15":"o","16":"u","17":"r","18":"c","19":"e","20":"s","21":"\"","22":":","23":"[","24":"\"","25":"/","26":"U","27":"s","28":"e","29":"r","30":"s","31":"/","32":"h","33":"o","34":"u","35":"y","36":"u","37":"a","38":"n","39":"z","40":"h","41":"e","42":"n","43":"/","44":"H","45":"o","46":"u","47":"_","48":"W","49":"o","50":"r","51":"k","52":"/","53":"v","54":"u","55":"e","56":"3","57":"-","58":"c","59":"l","60":"i","61":"-","62":"t","63":"s","64":"/","65":"l","66":"i","67":"b","68":"/","69":"f","70":"i","71":"e","72":"l","73":"d","74":"s","75":"/","76":"N","77":"u","78":"m","79":"b","80":"e","81":"r","82":"F","83":"i","84":"e","85":"l","86":"d","87":".","88":"v","89":"u","90":"e","91":"\"","92":"]","93":",","94":"\"","95":"n","96":"a","97":"m","98":"e","99":"s","100":"\"","101":":","102":"[","103":"]","104":",","105":"\"","106":"m","107":"a","108":"p","109":"p","110":"i","111":"n","112":"g","113":"s","114":"\"","115":":","116":"\"","117":";","118":";","119":";","120":";","121":";","122":";","123":"A","124":"A","125":"K","126":"A","127":";","128":";","129":";","130":";","131":";","132":";","133":";","134":";","135":"I","136":"A","137":"E","138":"A","139":",","140":"I","141":"A","142":"A","143":"M","144":",","145":"Y","146":"A","147":"A","148":"Y","149":",","150":"G","151":"A","152":"A","153":"G","154":",","155":"U","156":"A","157":"A","158":"C","159":",","160":"C","161":"A","162":"A","163":"M","164":";","165":"M","166":"A","167":"C","168":"1","169":"B","170":",","171":"I","172":"A","173":"A","174":"M","175":",","176":"K","177":"A","178":"A","179":"K","180":",","181":"G","182":"A","183":"A","184":"G","185":",","186":"C","187":"A","188":"A","189":"C","190":",","191":"C","192":"A","193":"A","194":"C","195":",","196":"M","197":"A","198":"A","199":"M","200":",","201":"C","202":"A","203":"A","204":"C","205":",","206":"K","207":"A","208":"A","209":"K","210":";","211":"M","212":"A","213":"C","214":"5","215":"B","216":",","217":"I","218":"A","219":"A","220":"M","221":",","222":"G","223":"A","224":"A","225":"G","226":",","227":"G","228":"A","229":"A","230":"G","231":",","232":"M","233":"A","234":"A","235":"M","236":",","237":"C","238":"A","239":"A","240":"C","241":",","242":"K","243":"A","244":"A","245":"K","246":",","247":"C","248":"A","249":"A","250":"C","251":";","252":"M","253":"A","254":"C","255":"z","256":"B","257":",","258":"I","259":"A","260":"A","261":"I","262":",","263":"M","264":"A","265":"A","266":"M","267":",","268":"C","269":"A","270":"A","271":"C","272":",","273":"K","274":"A","275":"A","276":"K","277":",","278":"C","279":"A","280":"A","281":"C","282":",","283":"G","284":"A","285":"A","286":"G","287":",","288":"C","289":"A","290":"A","291":"C","292":",","293":"E","294":"A","295":"A","296":"E","297":";","298":"Q","299":"A","300":"C","301":"r","302":"B","303":",","304":"K","305":"A","306":"A","307":"K","308":",","309":"C","310":"A","311":"A","312":"C","313":",","314":"Q","315":"A","316":"A","317":"Q","318":",","319":"C","320":"A","321":"A","322":"C","323":",","324":"S","325":"A","326":"A","327":"S","328":",","329":"C","330":"A","331":"A","332":"C","333":";","334":"O","335":"A","336":"C","337":"1","338":"B","339":",","340":"M","341":"A","342":"A","343":"M","344":";","345":"Q","346":"A","347":"C","348":"L","349":",","350":"K","351":"A","352":"A","353":"K","354":",","355":"C","356":"A","357":"A","358":"C","359":",","360":"Q","361":"A","362":"A","363":"Q","364":",","365":"C","366":"A","367":"A","368":"C","369":",","370":"G","371":"A","372":"A","373":"G","374":",","375":"C","376":"A","377":"A","378":"C","379":";","380":";","381":"I","382":"A","383":"E","384":"v","385":"B","386":",","387":"C","388":"A","389":"A","390":"C","391":"\"","392":",","393":"\"","394":"f","395":"i","396":"l","397":"e","398":"\"","399":":","400":"\"","401":"/","402":"U","403":"s","404":"e","405":"r","406":"s","407":"/","408":"h","409":"o","410":"u","411":"y","412":"u","413":"a","414":"n","415":"z","416":"h","417":"e","418":"n","419":"/","420":"H","421":"o","422":"u","423":"_","424":"W","425":"o","426":"r","427":"k","428":"/","429":"v","430":"u","431":"e","432":"3","433":"-","434":"c","435":"l","436":"i","437":"-","438":"t","439":"s","440":"/","441":"l","442":"i","443":"b","444":"/","445":"f","446":"i","447":"e","448":"l","449":"d","450":"s","451":"/","452":"N","453":"u","454":"m","455":"b","456":"e","457":"r","458":"F","459":"i","460":"e","461":"l","462":"d","463":".","464":"v","465":"u","466":"e","467":"\"","468":",","469":"\"","470":"s","471":"o","472":"u","473":"r","474":"c","475":"e","476":"s","477":"C","478":"o","479":"n","480":"t","481":"e","482":"n","483":"t","484":"\"","485":":","486":"[","487":"\"","488":"<","489":"t","490":"e","491":"m","492":"p","493":"l","494":"a","495":"t","496":"e","497":">","498":"\\","499":"n","500":" ","501":" ","502":"<","503":"i","504":"n","505":"p","506":"u","507":"t","508":" ","509":"t","510":"y","511":"p","512":"e","513":"=","514":"\\","515":"\"","516":"n","517":"u","518":"m","519":"b","520":"e","521":"r","522":"\\","523":"\"","524":" ","525":":","526":"v","527":"a","528":"l","529":"u","530":"e","531":"=","532":"\\","533":"\"","534":"p","535":"r","536":"o","537":"p","538":"s","539":".","540":"v","541":"a","542":"l","543":"u","544":"e","545":"\\","546":"\"","547":" ","548":"@","549":"i","550":"n","551":"p","552":"u","553":"t","554":"=","555":"\\","556":"\"","557":"h","558":"a","559":"n","560":"d","561":"l","562":"e","563":"C","564":"h","565":"a","566":"n","567":"g","568":"e","569":"\\","570":"\"","571":" ","572":"/","573":">","574":"\\","575":"n","576":"<","577":"/","578":"t","579":"e","580":"m","581":"p","582":"l","583":"a","584":"t","585":"e","586":">","587":"\\","588":"n","589":"<","590":"s","591":"c","592":"r","593":"i","594":"p","595":"t","596":" ","597":"l","598":"a","599":"n","600":"g","601":"=","602":"\\","603":"\"","604":"t","605":"s","606":"\\","607":"\"","608":" ","609":"s","610":"e","611":"t","612":"u","613":"p","614":">","615":"\\","616":"n","617":"i","618":"m","619":"p","620":"o","621":"r","622":"t","623":" ","624":"{","625":" ","626":"r","627":"e","628":"f","629":" ","630":"}","631":" ","632":"f","633":"r","634":"o","635":"m","636":" ","637":"\\","638":"\"","639":"v","640":"u","641":"e","642":"\\","643":"\"","644":";","645":"\\","646":"n","647":"i","648":"m","649":"p","650":"o","651":"r","652":"t","653":" ","654":"{","655":" ","656":"S","657":"c","658":"h","659":"e","660":"m","661":"a","662":",","663":" ","664":"F","665":"i","666":"l","667":"e","668":"d","669":"P","670":"r","671":"o","672":"p","673":"s","674":"D","675":"e","676":"f","677":"i","678":"n","679":"e","680":" ","681":"}","682":" ","683":"f","684":"r","685":"o","686":"m","687":" ","688":"\\","689":"\"","690":".","691":".","692":"/","693":"t","694":"y","695":"p","696":"e","697":"s","698":"\\","699":"\"","700":";","701":"\\","702":"n","703":"c","704":"o","705":"n","706":"s","707":"t","708":" ","709":"p","710":"r","711":"o","712":"p","713":"s","714":" ","715":"=","716":" ","717":"d","718":"e","719":"f","720":"i","721":"n","722":"e","723":"P","724":"r","725":"o","726":"p","727":"s","728":"(","729":"F","730":"i","731":"l","732":"e","733":"d","734":"P","735":"r","736":"o","737":"p","738":"s","739":"D","740":"e","741":"f","742":"i","743":"n","744":"e","745":")","746":";","747":"\\","748":"n","749":"c","750":"o","751":"n","752":"s","753":"t","754":" ","755":"h","756":"a","757":"n","758":"d","759":"l","760":"e","761":"C","762":"h","763":"a","764":"n","765":"g","766":"e","767":" ","768":"=","769":" ","770":"(","771":"e","772":":","773":" ","774":"a","775":"n","776":"y","777":")","778":" ","779":"=","780":">","781":" ","782":"{","783":"\\","784":"n","785":" ","786":" ","787":"c","788":"o","789":"n","790":"s","791":"t","792":" ","793":"v","794":"a","795":"l","796":"u","797":"e","798":" ","799":"=","800":" ","801":"e","802":".","803":"t","804":"a","805":"r","806":"g","807":"e","808":"t","809":".","810":"v","811":"a","812":"l","813":"u","814":"e","815":";","816":"\\","817":"n","818":" ","819":" ","820":"c","821":"o","822":"n","823":"s","824":"t","825":" ","826":"n","827":"u","828":"m","829":" ","830":"=","831":" ","832":"N","833":"u","834":"m","835":"b","836":"e","837":"r","838":"(","839":"v","840":"a","841":"l","842":"u","843":"e","844":")","845":";","846":"\\","847":"n","848":" ","849":" ","850":"i","851":"f","852":" ","853":"(","854":"N","855":"u","856":"m","857":"b","858":"e","859":"r","860":".","861":"i","862":"s","863":"N","864":"a","865":"N","866":"(","867":"n","868":"u","869":"m","870":")","871":")","872":" ","873":"{","874":"\\","875":"n","876":" ","877":" ","878":" ","879":" ","880":"p","881":"r","882":"o","883":"p","884":"s","885":".","886":"o","887":"n","888":"C","889":"h","890":"a","891":"n","892":"g","893":"e","894":"(","895":"u","896":"n","897":"d","898":"e","899":"f","900":"i","901":"n","902":"e","903":"d","904":")","905":";","906":"\\","907":"n","908":" ","909":" ","910":"}","911":" ","912":"e","913":"l","914":"s","915":"e","916":" ","917":"{","918":"\\","919":"n","920":" ","921":" ","922":" ","923":" ","924":"p","925":"r","926":"o","927":"p","928":"s","929":".","930":"o","931":"n","932":"C","933":"h","934":"a","935":"n","936":"g","937":"e","938":"(","939":"n","940":"u","941":"m","942":")","943":";","944":"\\","945":"n","946":" ","947":" ","948":"}","949":"\\","950":"n","951":"}","952":";","953":"\\","954":"n","955":"<","956":"/","957":"s","958":"c","959":"r","960":"i","961":"p","962":"t","963":">","964":"\\","965":"n","966":"\"","967":"]","968":"}"},"_coverageSchema":"1a1c01bbd47fc00a2c39e90264f33305004495a9","hash":"3785094ac844f194a98f41cdff58f7ac168c08ce"}
,"/Users/houyuanzhen/Hou_Work/vue3-cli-ts/lib/fields/ObjectField.tsx": {"path":"/Users/houyuanzhen/Hou_Work/vue3-cli-ts/lib/fields/ObjectField.tsx","statementMap":{"0":{"start":{"line":1,"column":0},"end":{"line":1,"column":null}},"1":{"start":{"line":3,"column":0},"end":{"line":3,"column":null}},"2":{"start":{"line":4,"column":0},"end":{"line":4,"column":null}},"3":{"start":{"line":5,"column":0},"end":{"line":5,"column":null}},"4":{"start":{"line":7,"column":0},"end":{"line":39,"column":null}},"5":{"start":{"line":11,"column":20},"end":{"line":11,"column":36}},"6":{"start":{"line":12,"column":36},"end":{"line":21,"column":5}},"7":{"start":{"line":13,"column":25},"end":{"line":13,"column":65}},"8":{"start":{"line":15,"column":8},"end":{"line":15,"column":null}},"9":{"start":{"line":16,"column":8},"end":{"line":16,"column":null}},"10":{"start":{"line":18,"column":8},"end":{"line":18,"column":null}},"11":{"start":{"line":20,"column":6},"end":{"line":20,"column":null}},"12":{"start":{"line":23,"column":4},"end":{"line":37,"column":null}},"13":{"start":{"line":24,"column":44},"end":{"line":24,"column":49}},"14":{"start":{"line":25,"column":34},"end":{"line":25,"column":41}},"15":{"start":{"line":26,"column":25},"end":{"line":26,"column":48}},"16":{"start":{"line":27,"column":28},"end":{"line":27,"column":56}},"17":{"start":{"line":28,"column":6},"end":{"line":36,"column":null}},"18":{"start":{"line":28,"column":66},"end":{"line":34,"column":null}},"19":{"start":{"line":34,"column":32},"end":{"line":34,"column":61}}},"fnMap":{"0":{"name":"(anonymous_0)","decl":{"start":{"line":10,"column":2},"end":{"line":10,"column":7}},"loc":{"start":{"line":10,"column":13},"end":{"line":38,"column":null}}},"1":{"name":"(anonymous_1)","decl":{"start":{"line":12,"column":36},"end":{"line":12,"column":37}},"loc":{"start":{"line":12,"column":60},"end":{"line":21,"column":5}}},"2":{"name":"(anonymous_2)","decl":{"start":{"line":23,"column":11},"end":{"line":23,"column":16}},"loc":{"start":{"line":23,"column":16},"end":{"line":37,"column":5}}},"3":{"name":"(anonymous_3)","decl":{"start":{"line":28,"column":41},"end":{"line":28,"column":42}},"loc":{"start":{"line":28,"column":66},"end":{"line":34,"column":null}}},"4":{"name":"(anonymous_4)","decl":{"start":{"line":34,"column":21},"end":{"line":34,"column":27}},"loc":{"start":{"line":34,"column":32},"end":{"line":34,"column":61}}}},"branchMap":{"0":{"loc":{"start":{"line":13,"column":25},"end":{"line":13,"column":65}},"type":"cond-expr","locations":[{"start":{"line":13,"column":49},"end":{"line":13,"column":60}},{"start":{"line":13,"column":63},"end":{"line":13,"column":65}}]},"1":{"loc":{"start":{"line":26,"column":25},"end":{"line":26,"column":48}},"type":"binary-expr","locations":[{"start":{"line":26,"column":25},"end":{"line":26,"column":42}},{"start":{"line":26,"column":46},"end":{"line":26,"column":48}}]},"2":{"loc":{"start":{"line":27,"column":28},"end":{"line":27,"column":56}},"type":"cond-expr","locations":[{"start":{"line":27,"column":46},"end":{"line":27,"column":51}},{"start":{"line":27,"column":54},"end":{"line":27,"column":56}}]}},"s":{"0":3,"1":3,"2":3,"3":3,"4":3,"5":7,"6":7,"7":4,"8":1,"9":1,"10":3,"11":4,"12":7,"13":12,"14":12,"15":12,"16":12,"17":12,"18":22,"19":4},"f":{"0":7,"1":4,"2":12,"3":22,"4":4},"b":{"0":[3,1],"1":[12,1],"2":[11,1]}}
,"/Users/houyuanzhen/Hou_Work/vue3-cli-ts/lib/fields/StringField.vue": {"path":"/Users/houyuanzhen/Hou_Work/vue3-cli-ts/lib/fields/StringField.vue","statementMap":{"0":{"start":{"line":3,"column":0},"end":{"line":5,"column":3}},"1":{"start":{"line":6,"column":12},"end":{"line":6,"column":26}},"2":{"start":{"line":7,"column":14},"end":{"line":7,"column":33}},"3":{"start":{"line":8,"column":0},"end":{"line":29,"column":3}},"4":{"start":{"line":12,"column":19},"end":{"line":12,"column":28}},"5":{"start":{"line":13,"column":4},"end":{"line":13,"column":15}},"6":{"start":{"line":14,"column":16},"end":{"line":14,"column":23}},"7":{"start":{"line":15,"column":23},"end":{"line":18,"column":5}},"8":{"start":{"line":17,"column":6},"end":{"line":17,"column":37}},"9":{"start":{"line":19,"column":23},"end":{"line":22,"column":5}},"10":{"start":{"line":23,"column":4},"end":{"line":26,"column":7}},"11":{"start":{"line":27,"column":4},"end":{"line":27,"column":24}},"12":{"start":{"line":31,"column":0},"end":{"line":31,"column":62}},"13":{"start":{"line":32,"column":0},"end":{"line":32,"column":24}},"14":{"start":{"line":33,"column":12},"end":{"line":33,"column":26}},"15":{"start":{"line":34,"column":17},"end":{"line":34,"column":26}},"16":{"start":{"line":36,"column":4},"end":{"line":40,"column":58}},"17":{"start":{"line":42,"column":0},"end":{"line":42,"column":24}},"18":{"start":{"line":43,"column":1},"end":{"line":43,"column":48}}},"fnMap":{"0":{"name":"(anonymous_0)","decl":{"start":{"line":11,"column":9},"end":{"line":11,"column":10}},"loc":{"start":{"line":11,"column":32},"end":{"line":28,"column":3}},"line":11},"1":{"name":"(anonymous_1)","decl":{"start":{"line":15,"column":23},"end":{"line":15,"column":24}},"loc":{"start":{"line":15,"column":36},"end":{"line":18,"column":5}},"line":15},"2":{"name":"render","decl":{"start":{"line":35,"column":9},"end":{"line":35,"column":15}},"loc":{"start":{"line":35,"column":63},"end":{"line":41,"column":1}},"line":35}},"branchMap":{},"s":{"0":3,"1":3,"2":3,"3":3,"4":9,"5":9,"6":9,"7":9,"8":0,"9":9,"10":9,"11":9,"12":3,"13":3,"14":3,"15":3,"16":14,"17":3,"18":3},"f":{"0":9,"1":0,"2":14},"b":{},"inputSourceMap":{"0":"{","1":"\"","2":"v","3":"e","4":"r","5":"s","6":"i","7":"o","8":"n","9":"\"","10":":","11":"3","12":",","13":"\"","14":"s","15":"o","16":"u","17":"r","18":"c","19":"e","20":"s","21":"\"","22":":","23":"[","24":"\"","25":"/","26":"U","27":"s","28":"e","29":"r","30":"s","31":"/","32":"h","33":"o","34":"u","35":"y","36":"u","37":"a","38":"n","39":"z","40":"h","41":"e","42":"n","43":"/","44":"H","45":"o","46":"u","47":"_","48":"W","49":"o","50":"r","51":"k","52":"/","53":"v","54":"u","55":"e","56":"3","57":"-","58":"c","59":"l","60":"i","61":"-","62":"t","63":"s","64":"/","65":"l","66":"i","67":"b","68":"/","69":"f","70":"i","71":"e","72":"l","73":"d","74":"s","75":"/","76":"S","77":"t","78":"r","79":"i","80":"n","81":"g","82":"F","83":"i","84":"e","85":"l","86":"d","87":".","88":"v","89":"u","90":"e","91":"\"","92":"]","93":",","94":"\"","95":"n","96":"a","97":"m","98":"e","99":"s","100":"\"","101":":","102":"[","103":"]","104":",","105":"\"","106":"m","107":"a","108":"p","109":"p","110":"i","111":"n","112":"g","113":"s","114":"\"","115":":","116":"\"","117":";","118":";","119":";","120":";","121":";","122":";","123":"A","124":"A","125":"K","126":"A","127":";","128":";","129":";","130":";","131":";","132":";","133":";","134":";","135":"I","136":"A","137":"E","138":"A","139":",","140":"I","141":"A","142":"A","143":"M","144":",","145":"Y","146":"A","147":"A","148":"Y","149":",","150":"G","151":"A","152":"A","153":"G","154":",","155":"U","156":"A","157":"A","158":"C","159":",","160":"C","161":"A","162":"A","163":"M","164":";","165":"M","166":"A","167":"C","168":"1","169":"B","170":";","171":"M","172":"A","173":"C","174":"A","175":",","176":"K","177":"A","178":"A","179":"K","180":",","181":"C","182":"A","183":"A","184":"C","185":",","186":"Q","187":"A","188":"A","189":"Q","190":",","191":"C","192":"A","193":"A","194":"C","195":",","196":"C","197":"A","198":"A","199":"C","200":",","201":"C","202":"A","203":"A","204":"C","205":",","206":"M","207":"A","208":"A","209":"M","210":",","211":"C","212":"A","213":"A","214":"C","215":",","216":"K","217":"A","218":"A","219":"K","220":",","221":"C","222":"A","223":"A","224":"C","225":";","226":"I","227":"A","228":"C","229":"h","230":"C","231":",","232":"C","233":"A","234":"A","235":"C","236":"\"","237":",","238":"\"","239":"f","240":"i","241":"l","242":"e","243":"\"","244":":","245":"\"","246":"/","247":"U","248":"s","249":"e","250":"r","251":"s","252":"/","253":"h","254":"o","255":"u","256":"y","257":"u","258":"a","259":"n","260":"z","261":"h","262":"e","263":"n","264":"/","265":"H","266":"o","267":"u","268":"_","269":"W","270":"o","271":"r","272":"k","273":"/","274":"v","275":"u","276":"e","277":"3","278":"-","279":"c","280":"l","281":"i","282":"-","283":"t","284":"s","285":"/","286":"l","287":"i","288":"b","289":"/","290":"f","291":"i","292":"e","293":"l","294":"d","295":"s","296":"/","297":"S","298":"t","299":"r","300":"i","301":"n","302":"g","303":"F","304":"i","305":"e","306":"l","307":"d","308":".","309":"v","310":"u","311":"e","312":"\"","313":",","314":"\"","315":"s","316":"o","317":"u","318":"r","319":"c","320":"e","321":"s","322":"C","323":"o","324":"n","325":"t","326":"e","327":"n","328":"t","329":"\"","330":":","331":"[","332":"\"","333":"<","334":"t","335":"e","336":"m","337":"p","338":"l","339":"a","340":"t","341":"e","342":">","343":"\\","344":"n","345":" ","346":" ","347":"<","348":"i","349":"n","350":"p","351":"u","352":"t","353":" ","354":"t","355":"y","356":"p","357":"e","358":"=","359":"\\","360":"\"","361":"t","362":"e","363":"x","364":"t","365":"\\","366":"\"","367":" ","368":":","369":"v","370":"a","371":"l","372":"u","373":"e","374":"=","375":"\\","376":"\"","377":"p","378":"r","379":"o","380":"p","381":"s","382":".","383":"v","384":"a","385":"l","386":"u","387":"e","388":"\\","389":"\"","390":" ","391":"@","392":"i","393":"n","394":"p","395":"u","396":"t","397":"=","398":"\\","399":"\"","400":"h","401":"a","402":"n","403":"d","404":"l","405":"e","406":"C","407":"h","408":"a","409":"n","410":"g","411":"e","412":"\\","413":"\"","414":" ","415":"/","416":">","417":"\\","418":"n","419":"<","420":"/","421":"t","422":"e","423":"m","424":"p","425":"l","426":"a","427":"t","428":"e","429":">","430":"\\","431":"n","432":"<","433":"s","434":"c","435":"r","436":"i","437":"p","438":"t","439":" ","440":"l","441":"a","442":"n","443":"g","444":"=","445":"\\","446":"\"","447":"t","448":"s","449":"\\","450":"\"","451":" ","452":"s","453":"e","454":"t","455":"u","456":"p","457":" ","458":"n","459":"a","460":"m","461":"e","462":"=","463":"\\","464":"\"","465":"S","466":"t","467":"r","468":"i","469":"n","470":"g","471":"F","472":"e","473":"i","474":"l","475":"d","476":"\\","477":"\"","478":">","479":"\\","480":"n","481":"i","482":"m","483":"p","484":"o","485":"r","486":"t","487":" ","488":"{","489":" ","490":"r","491":"e","492":"f","493":",","494":" ","495":"P","496":"r","497":"o","498":"p","499":"T","500":"y","501":"p","502":"e","503":" ","504":"}","505":" ","506":"f","507":"r","508":"o","509":"m","510":" ","511":"\\","512":"\"","513":"v","514":"u","515":"e","516":"\\","517":"\"","518":";","519":"\\","520":"n","521":"i","522":"m","523":"p","524":"o","525":"r","526":"t","527":" ","528":"{","529":" ","530":"S","531":"c","532":"h","533":"e","534":"m","535":"a","536":",","537":" ","538":"F","539":"i","540":"l","541":"e","542":"d","543":"P","544":"r","545":"o","546":"p","547":"s","548":"D","549":"e","550":"f","551":"i","552":"n","553":"e","554":" ","555":"}","556":" ","557":"f","558":"r","559":"o","560":"m","561":" ","562":"\\","563":"\"","564":".","565":".","566":"/","567":"t","568":"y","569":"p","570":"e","571":"s","572":"\\","573":"\"","574":";","575":"\\","576":"n","577":"c","578":"o","579":"n","580":"s","581":"t","582":" ","583":"p","584":"r","585":"o","586":"p","587":"s","588":" ","589":"=","590":" ","591":"d","592":"e","593":"f","594":"i","595":"n","596":"e","597":"P","598":"r","599":"o","600":"p","601":"s","602":"(","603":"F","604":"i","605":"l","606":"e","607":"d","608":"P","609":"r","610":"o","611":"p","612":"s","613":"D","614":"e","615":"f","616":"i","617":"n","618":"e","619":")","620":";","621":"\\","622":"n","623":"c","624":"o","625":"n","626":"s","627":"t","628":" ","629":"h","630":"a","631":"n","632":"d","633":"l","634":"e","635":"C","636":"h","637":"a","638":"n","639":"g","640":"e","641":" ","642":"=","643":" ","644":"(","645":"e","646":":","647":" ","648":"a","649":"n","650":"y","651":")","652":" ","653":"=","654":">","655":" ","656":"{","657":"\\","658":"n","659":" ","660":" ","661":"/","662":"/","663":" ","664":"c","665":"o","666":"n","667":"s","668":"o","669":"l","670":"e","671":".","672":"l","673":"o","674":"g","675":"(","676":"e","677":",","678":" ","679":"\\","680":"\"","681":"S","682":"t","683":"r","684":"i","685":"n","686":"g","687":"F","688":"i","689":"e","690":"l","691":"d","692":"\\","693":"\"","694":")","695":";","696":"\\","697":"n","698":" ","699":" ","700":"p","701":"r","702":"o","703":"p","704":"s","705":".","706":"o","707":"n","708":"C","709":"h","710":"a","711":"n","712":"g","713":"e","714":"(","715":"e","716":".","717":"t","718":"a","719":"r","720":"g","721":"e","722":"t","723":".","724":"v","725":"a","726":"l","727":"u","728":"e","729":")","730":";","731":"\\","732":"n","733":"}","734":";","735":"\\","736":"n","737":"<","738":"/","739":"s","740":"c","741":"r","742":"i","743":"p","744":"t","745":">","746":"\\","747":"n","748":"\"","749":"]","750":"}"},"_coverageSchema":"1a1c01bbd47fc00a2c39e90264f33305004495a9","hash":"d388b84e184a98aeea78f07dbc12f2a17caf75ff"}
,"/Users/houyuanzhen/Hou_Work/vue3-cli-ts/lib/widgets/Selection.tsx": {"path":"/Users/houyuanzhen/Hou_Work/vue3-cli-ts/lib/widgets/Selection.tsx","statementMap":{"0":{"start":{"line":1,"column":0},"end":{"line":1,"column":null}},"1":{"start":{"line":3,"column":0},"end":{"line":46,"column":null}},"2":{"start":{"line":20,"column":28},"end":{"line":20,"column":44}},"3":{"start":{"line":21,"column":4},"end":{"line":25,"column":null}},"4":{"start":{"line":23,"column":8},"end":{"line":23,"column":null}},"5":{"start":{"line":26,"column":4},"end":{"line":33,"column":null}},"6":{"start":{"line":27,"column":12},"end":{"line":27,"column":23}},"7":{"start":{"line":30,"column":10},"end":{"line":30,"column":null}},"8":{"start":{"line":34,"column":4},"end":{"line":44,"column":null}},"9":{"start":{"line":35,"column":26},"end":{"line":35,"column":31}},"10":{"start":{"line":37,"column":6},"end":{"line":38,"column":null}},"11":{"start":{"line":38,"column":41},"end":{"line":38,"column":null}},"12":{"start":{"line":39,"column":26},"end":{"line":40,"column":null}}},"fnMap":{"0":{"name":"(anonymous_0)","decl":{"start":{"line":19,"column":2},"end":{"line":19,"column":7}},"loc":{"start":{"line":19,"column":13},"end":{"line":45,"column":null}}},"1":{"name":"(anonymous_1)","decl":{"start":{"line":21,"column":28},"end":{"line":21,"column":32}},"loc":{"start":{"line":21,"column":36},"end":{"line":25,"column":5}}},"2":{"name":"(anonymous_2)","decl":{"start":{"line":27,"column":6},"end":{"line":27,"column":12}},"loc":{"start":{"line":27,"column":12},"end":{"line":27,"column":23}}},"3":{"name":"(anonymous_3)","decl":{"start":{"line":28,"column":7},"end":{"line":28,"column":11}},"loc":{"start":{"line":28,"column":15},"end":{"line":32,"column":7}}},"4":{"name":"(anonymous_4)","decl":{"start":{"line":34,"column":11},"end":{"line":34,"column":16}},"loc":{"start":{"line":34,"column":16},"end":{"line":44,"column":5}}},"5":{"name":"(anonymous_5)","decl":{"start":{"line":38,"column":30},"end":{"line":38,"column":41}},"loc":{"start":{"line":38,"column":41},"end":{"line":38,"column":null}}},"6":{"name":"(anonymous_6)","decl":{"start":{"line":39,"column":24},"end":{"line":39,"column":26}},"loc":{"start":{"line":39,"column":26},"end":{"line":40,"column":null}}}},"branchMap":{},"s":{"0":3,"1":3,"2":1,"3":1,"4":0,"5":1,"6":1,"7":0,"8":1,"9":1,"10":1,"11":0,"12":3},"f":{"0":1,"1":0,"2":1,"3":0,"4":1,"5":0,"6":3},"b":{}}
}
