TN:
SF:lib\SchemaForm.tsx
FN:20,(anonymous_1)
FN:26,(anonymous_2)
FNF:2
FNH:2
FNDA:8,(anonymous_1)
FNDA:8,(anonymous_2)
DA:1,2
DA:3,2
DA:4,2
DA:5,2
DA:21,8
DA:24,8
DA:26,8
DA:27,8
LF:8
LH:8
BRF:0
BRH:0
end_of_record
TN:
SF:lib\SchemaFormItems.tsx
FN:12,(anonymous_1)
FN:13,(anonymous_2)
FN:17,(anonymous_3)
FNF:3
FNH:3
FNDA:20,(anonymous_1)
FNDA:27,(anonymous_2)
FNDA:30,(anonymous_3)
DA:1,2
DA:2,2
DA:3,2
DA:4,2
DA:5,2
DA:6,2
DA:7,2
DA:9,2
DA:13,20
DA:14,27
DA:15,27
DA:17,20
DA:18,30
DA:19,30
DA:21,30
DA:25,11
DA:26,11
DA:28,12
DA:29,12
DA:31,7
DA:32,7
DA:34,0
DA:35,0
DA:37,0
DA:39,30
LF:25
LH:22
BRDA:24,0,0,11
BRDA:24,0,1,12
BRDA:24,0,2,7
BRDA:24,0,3,0
BRDA:24,0,4,0
BRF:5
BRH:3
end_of_record
TN:
SF:lib\context.ts
FN:5,useVJSFContext
FNF:1
FNH:1
FNDA:7,useVJSFContext
DA:2,2
DA:3,2
DA:5,2
DA:7,7
DA:9,0
DA:11,7
LF:6
LH:5
BRF:0
BRH:0
end_of_record
TN:
SF:lib\index.ts
FNF:0
FNH:0
DA:1,2
DA:2,2
DA:3,2
DA:4,2
DA:5,2
LF:5
LH:5
BRF:0
BRH:0
end_of_record
TN:
SF:lib\types.ts
FN:3,(anonymous_0)
FNF:1
FNH:1
FNDA:2,(anonymous_0)
DA:1,2
DA:3,2
DA:4,2
DA:5,2
DA:6,2
DA:7,2
DA:8,2
DA:9,2
DA:49,2
DA:67,2
LF:10
LH:10
BRDA:3,0,0,2
BRDA:3,0,1,2
BRF:2
BRH:2
end_of_record
TN:
SF:lib\utils.ts
FN:9,isObject
FN:13,isEmptyObject
FN:17,hasOwnProperty
FN:30,validateData
FN:40,resolveSchema
FN:49,(anonymous_6)
FN:59,retrieveSchema
FN:99,stubExistingAdditionalProperties
FN:110,(anonymous_9)
FN:151,resolveReference
FN:164,findSchemaDefinition
FN:183,resolveDependencies
FN:208,processDependencies
FN:250,withDependentProperties
FN:260,withDependentSchema
FN:281,(anonymous_16)
FN:295,withExactlyOneSubschema
FN:302,(anonymous_18)
FN:342,mergeSchemas
FN:344,(anonymous_20)
FN:376,getSchemaType
FN:393,(anonymous_22)
FN:425,guessType
FN:443,isConstant
FN:450,isSelect
FN:456,(anonymous_26)
FN:461,isMultiSelect
FN:469,getMatchingOption
FN:488,(anonymous_29)
FN:528,mergeDefaultsWithFormData
FN:533,(anonymous_31)
FN:541,(anonymous_32)
FN:553,getDefaultFormState
FNF:33
FNH:4
FNDA:43,isObject
FNDA:0,isEmptyObject
FNDA:81,hasOwnProperty
FNDA:0,validateData
FNDA:27,resolveSchema
FNDA:0,(anonymous_6)
FNDA:27,retrieveSchema
FNDA:0,stubExistingAdditionalProperties
FNDA:0,(anonymous_9)
FNDA:0,resolveReference
FNDA:0,findSchemaDefinition
FNDA:0,resolveDependencies
FNDA:0,processDependencies
FNDA:0,withDependentProperties
FNDA:0,withDependentSchema
FNDA:0,(anonymous_16)
FNDA:0,withExactlyOneSubschema
FNDA:0,(anonymous_18)
FNDA:0,mergeSchemas
FNDA:0,(anonymous_20)
FNDA:0,getSchemaType
FNDA:0,(anonymous_22)
FNDA:0,guessType
FNDA:0,isConstant
FNDA:0,isSelect
FNDA:0,(anonymous_26)
FNDA:0,isMultiSelect
FNDA:0,getMatchingOption
FNDA:0,(anonymous_29)
FNDA:0,mergeDefaultsWithFormData
FNDA:0,(anonymous_31)
FNDA:0,(anonymous_32)
FNDA:0,getDefaultFormState
DA:1,2
DA:5,2
DA:6,2
DA:7,2
DA:9,2
DA:10,43
DA:13,2
DA:14,0
DA:17,2
DA:22,81
DA:29,2
DA:30,2
DA:31,0
DA:32,0
DA:40,2
DA:42,0
DA:44,0
DA:45,0
DA:47,0
DA:50,0
DA:55,27
DA:59,2
DA:65,0
DA:67,27
DA:72,0
DA:78,0
DA:79,0
DA:80,0
DA:84,27
DA:88,0
DA:94,27
DA:97,2
DA:99,2
DA:105,0
DA:110,0
DA:113,0
DA:118,0
DA:124,0
DA:126,0
DA:130,0
DA:132,0
DA:135,0
DA:153,0
DA:155,0
DA:157,0
DA:164,2
DA:165,0
DA:168,0
DA:170,0
DA:172,0
DA:174,0
DA:178,0
DA:180,0
DA:189,0
DA:191,0
DA:196,0
DA:201,0
DA:218,0
DA:225,0
DA:228,0
DA:230,0
DA:232,0
DA:240,0
DA:247,0
DA:252,0
DA:254,0
DA:257,0
DA:268,0
DA:273,0
DA:276,0
DA:278,0
DA:281,0
DA:282,0
DA:286,0
DA:302,0
DA:304,0
DA:306,0
DA:308,0
DA:315,0
DA:316,0
DA:320,0
DA:323,0
DA:326,0
DA:328,0
DA:329,0
DA:330,0
DA:342,2
DA:343,0
DA:344,0
DA:345,0
DA:346,0
DA:348,0
DA:359,0
DA:361,0
DA:363,0
DA:376,2
DA:377,0
DA:380,0
DA:384,0
DA:388,0
DA:391,0
DA:393,0
DA:396,0
DA:425,2
DA:427,0
DA:429,0
DA:431,0
DA:433,0
DA:435,0
DA:437,0
DA:440,0
DA:443,2
DA:444,0
DA:450,2
DA:451,0
DA:452,0
DA:454,0
DA:456,0
DA:458,0
DA:461,2
DA:463,0
DA:465,0
DA:469,2
DA:474,0
DA:475,0
DA:487,0
DA:488,0
DA:498,0
DA:501,0
DA:504,0
DA:507,0
DA:509,0
DA:511,0
DA:516,0
DA:519,0
DA:522,0
DA:525,0
DA:528,2
DA:531,0
DA:533,0
DA:535,0
DA:537,0
DA:540,0
DA:541,0
DA:542,0
DA:546,0
DA:549,0
DA:553,2
DA:560,0
DA:563,0
DA:574,0
DA:577,0
DA:580,0
DA:582,0
LF:154
LH:29
BRDA:10,0,0,43
BRDA:10,0,1,41
BRDA:10,0,2,41
BRDA:14,1,0,0
BRDA:14,1,1,0
BRDA:40,2,0,0
BRDA:40,3,0,0
BRDA:46,4,0,27
BRDA:46,4,1,0
BRDA:61,5,0,0
BRDA:62,6,0,11
BRDA:84,7,0,27
BRDA:84,7,1,0
BRDA:101,8,0,0
BRDA:102,9,0,0
BRDA:164,10,0,0
BRDA:189,11,0,0
BRDA:222,12,0,0
BRDA:222,12,1,0
BRDA:254,13,0,0
BRDA:254,13,1,0
BRDA:282,14,0,0
BRDA:282,14,1,0
BRDA:316,15,0,0
BRDA:316,15,1,0
BRDA:345,16,0,0
BRDA:345,16,1,0
BRDA:347,17,0,0
BRDA:347,17,1,0
BRDA:347,17,2,0
BRDA:350,18,0,0
BRDA:350,18,1,0
BRDA:350,18,2,0
BRDA:350,18,3,0
BRDA:350,18,4,0
BRDA:350,18,5,0
BRDA:350,18,6,0
BRDA:379,19,0,0
BRDA:379,19,1,0
BRDA:383,20,0,0
BRDA:383,20,1,0
BRDA:387,21,0,0
BRDA:387,21,1,0
BRDA:387,21,2,0
BRDA:392,22,0,0
BRDA:392,22,1,0
BRDA:392,22,2,0
BRDA:445,23,0,0
BRDA:445,23,1,0
BRDA:445,23,2,0
BRDA:450,24,0,0
BRDA:452,25,0,0
BRDA:452,25,1,0
BRDA:461,26,0,0
BRDA:462,27,0,0
BRDA:462,27,1,0
BRDA:543,28,0,0
BRDA:543,28,1,0
BRDA:576,29,0,0
BRDA:576,29,1,0
BRDA:579,30,0,0
BRDA:579,30,1,0
BRDA:579,30,2,0
BRDA:582,31,0,0
BRDA:582,31,1,0
BRF:65
BRH:6
end_of_record
TN:
SF:lib\fields\ArrayField.tsx
FN:73,(anonymous_1)
FN:76,(anonymous_2)
FN:78,(anonymous_3)
FN:80,(anonymous_4)
FN:82,(anonymous_5)
FN:84,(anonymous_6)
FN:114,(anonymous_7)
FN:117,(anonymous_8)
FN:123,(anonymous_9)
FN:128,(anonymous_10)
FN:133,(anonymous_11)
FN:140,(anonymous_12)
FN:147,(anonymous_13)
FN:157,(anonymous_14)
FN:165,(anonymous_15)
FN:172,(anonymous_16)
FN:176,(anonymous_17)
FN:177,(anonymous_18)
FN:178,(anonymous_19)
FN:179,(anonymous_20)
FN:180,(anonymous_21)
FN:186,(anonymous_22)
FN:194,(anonymous_23)
FNF:23
FNH:0
FNDA:0,(anonymous_1)
FNDA:0,(anonymous_2)
FNDA:0,(anonymous_3)
FNDA:0,(anonymous_4)
FNDA:0,(anonymous_5)
FNDA:0,(anonymous_6)
FNDA:0,(anonymous_7)
FNDA:0,(anonymous_8)
FNDA:0,(anonymous_9)
FNDA:0,(anonymous_10)
FNDA:0,(anonymous_11)
FNDA:0,(anonymous_12)
FNDA:0,(anonymous_13)
FNDA:0,(anonymous_14)
FNDA:0,(anonymous_15)
FNDA:0,(anonymous_16)
FNDA:0,(anonymous_17)
FNDA:0,(anonymous_18)
FNDA:0,(anonymous_19)
FNDA:0,(anonymous_20)
FNDA:0,(anonymous_21)
FNDA:0,(anonymous_22)
FNDA:0,(anonymous_23)
DA:1,2
DA:2,2
DA:3,2
DA:4,2
DA:5,2
DA:24,2
DA:49,2
DA:74,0
DA:76,0
DA:78,0
DA:80,0
DA:82,0
DA:84,0
DA:85,0
DA:86,0
DA:111,2
DA:115,0
DA:117,0
DA:118,0
DA:119,0
DA:120,0
DA:121,0
DA:123,0
DA:124,0
DA:125,0
DA:126,0
DA:128,0
DA:129,0
DA:130,0
DA:131,0
DA:133,0
DA:134,0
DA:135,0
DA:136,0
DA:137,0
DA:138,0
DA:140,0
DA:141,0
DA:142,0
DA:143,0
DA:144,0
DA:145,0
DA:147,0
DA:148,0
DA:149,0
DA:151,0
DA:153,0
DA:155,0
DA:156,0
DA:157,0
DA:158,0
DA:159,0
DA:165,0
DA:171,0
DA:172,0
DA:173,0
DA:176,0
DA:177,0
DA:178,0
DA:179,0
DA:180,0
DA:186,0
DA:193,0
DA:194,0
DA:198,0
LF:65
LH:8
BRDA:103,0,0,0
BRDA:103,0,1,0
BRDA:119,1,0,0
BRDA:119,1,1,0
BRDA:124,2,0,0
BRDA:124,2,1,0
BRDA:129,3,0,0
BRDA:129,3,1,0
BRDA:134,4,0,0
BRDA:134,4,1,0
BRDA:135,5,0,0
BRDA:141,6,0,0
BRDA:141,6,1,0
BRDA:142,7,0,0
BRDA:153,8,0,0
BRDA:153,8,1,0
BRDA:156,9,0,0
BRDA:156,9,1,0
BRDA:171,10,0,0
BRDA:171,10,1,0
BRF:20
BRH:0
end_of_record
TN:
SF:lib\fields\NumberField.vue
FN:11,(anonymous_0)
FN:15,(anonymous_1)
FN:40,render
FNF:3
FNH:3
FNDA:7,(anonymous_0)
FNDA:1,(anonymous_1)
FNDA:12,render
DA:3,2
DA:6,2
DA:7,2
DA:8,2
DA:12,7
DA:13,7
DA:14,7
DA:15,7
DA:16,1
DA:17,1
DA:18,1
DA:19,0
DA:21,1
DA:24,7
DA:28,7
DA:32,7
DA:36,2
DA:37,2
DA:38,2
DA:39,2
DA:41,12
DA:47,2
DA:48,2
LF:23
LH:22
BRDA:18,0,0,0
BRDA:18,0,1,1
BRF:2
BRH:1
end_of_record
TN:
SF:lib\fields\ObjectField.tsx
FN:10,(anonymous_0)
FN:12,(anonymous_1)
FN:23,(anonymous_2)
FN:28,(anonymous_3)
FN:34,(anonymous_4)
FNF:5
FNH:5
FNDA:7,(anonymous_0)
FNDA:4,(anonymous_1)
FNDA:12,(anonymous_2)
FNDA:22,(anonymous_3)
FNDA:4,(anonymous_4)
DA:1,2
DA:3,2
DA:4,2
DA:5,2
DA:7,2
DA:11,7
DA:12,7
DA:13,4
DA:15,1
DA:16,1
DA:18,3
DA:20,4
DA:23,7
DA:24,12
DA:25,12
DA:26,12
DA:27,12
DA:28,22
DA:34,4
LF:19
LH:19
BRDA:13,0,0,3
BRDA:13,0,1,1
BRDA:26,1,0,12
BRDA:26,1,1,1
BRDA:27,2,0,11
BRDA:27,2,1,1
BRF:6
BRH:6
end_of_record
TN:
SF:lib\fields\StringField.vue
FN:11,(anonymous_0)
FN:15,(anonymous_1)
FN:35,render
FNF:3
FNH:2
FNDA:6,(anonymous_0)
FNDA:0,(anonymous_1)
FNDA:11,render
DA:3,2
DA:6,2
DA:7,2
DA:8,2
DA:12,6
DA:13,6
DA:14,6
DA:15,6
DA:17,0
DA:19,6
DA:23,6
DA:27,6
DA:31,2
DA:32,2
DA:33,2
DA:34,2
DA:36,11
DA:42,2
DA:43,2
LF:19
LH:18
BRF:0
BRH:0
end_of_record
TN:
SF:lib\widgets\Selection.tsx
FN:19,(anonymous_0)
FN:21,(anonymous_1)
FN:27,(anonymous_2)
FN:28,(anonymous_3)
FN:34,(anonymous_4)
FN:38,(anonymous_5)
FN:39,(anonymous_6)
FNF:7
FNH:0
FNDA:0,(anonymous_0)
FNDA:0,(anonymous_1)
FNDA:0,(anonymous_2)
FNDA:0,(anonymous_3)
FNDA:0,(anonymous_4)
FNDA:0,(anonymous_5)
FNDA:0,(anonymous_6)
DA:1,2
DA:3,2
DA:20,0
DA:21,0
DA:23,0
DA:26,0
DA:27,0
DA:30,0
DA:34,0
DA:35,0
DA:37,0
DA:38,0
DA:39,0
LF:13
LH:2
BRF:0
BRH:0
end_of_record
