TN:
SF:lib\SchemaForm.tsx
FN:94,(anonymous_1)
FN:101,(anonymous_2)
FN:111,(anonymous_3)
FN:121,(anonymous_4)
FN:126,(anonymous_5)
FN:134,(anonymous_6)
FN:145,(anonymous_7)
FN:146,(anonymous_8)
FN:160,(anonymous_9)
FN:188,(anonymous_10)
FN:189,(anonymous_11)
FN:193,(anonymous_12)
FN:194,(anonymous_13)
FN:208,(anonymous_14)
FN:213,(anonymous_15)
FN:215,(anonymous_16)
FN:223,(anonymous_17)
FN:235,(anonymous_18)
FNF:18
FNH:9
FNDA:11,(anonymous_1)
FNDA:11,(anonymous_2)
FNDA:0,(anonymous_3)
FNDA:0,(anonymous_4)
FNDA:0,(anonymous_5)
FNDA:0,(anonymous_6)
FNDA:16,(anonymous_7)
FNDA:5,(anonymous_8)
FNDA:0,(anonymous_9)
FNDA:11,(anonymous_10)
FNDA:11,(anonymous_11)
FNDA:0,(anonymous_12)
FNDA:0,(anonymous_13)
FNDA:11,(anonymous_14)
FNDA:0,(anonymous_15)
FNDA:0,(anonymous_16)
FNDA:34,(anonymous_17)
FNDA:11,(anonymous_18)
DA:1,3
DA:19,3
DA:20,3
DA:21,3
DA:22,3
DA:23,3
DA:24,3
DA:45,3
DA:49,3
DA:95,11
DA:98,11
DA:100,11
DA:101,11
DA:102,11
DA:108,0
DA:111,0
DA:113,0
DA:118,0
DA:121,0
DA:122,0
DA:126,11
DA:128,0
DA:134,0
DA:135,0
DA:136,0
DA:139,0
DA:142,11
DA:144,11
DA:145,16
DA:149,0
DA:157,11
DA:159,11
DA:160,11
DA:161,0
DA:162,0
DA:163,0
DA:164,0
DA:165,0
DA:176,0
DA:180,0
DA:181,0
DA:182,0
DA:183,0
DA:184,0
DA:185,0
DA:187,11
DA:188,11
DA:190,11
DA:192,0
DA:194,0
DA:196,0
DA:197,0
DA:208,11
DA:210,0
DA:213,0
DA:214,0
DA:215,0
DA:217,0
DA:220,0
DA:223,34
DA:226,11
DA:233,11
DA:235,11
DA:236,11
DA:237,11
LF:65
LH:31
BRDA:108,0,0,0
BRDA:108,0,1,0
BRDA:118,1,0,0
BRDA:118,1,1,0
BRDA:128,2,0,0
BRDA:128,2,1,0
BRDA:180,3,0,0
BRDA:210,4,0,0
BRDA:210,4,1,0
BRDA:238,5,0,0
BRDA:238,5,1,11
BRDA:243,6,0,11
BRDA:243,6,1,11
BRDA:245,7,0,11
BRDA:245,7,1,0
BRF:15
BRH:4
end_of_record
TN:
SF:lib\SchemaFormItems.tsx
FN:20,(anonymous_1)
FN:23,(anonymous_2)
FN:30,(anonymous_3)
FNF:3
FNH:3
FNDA:27,(anonymous_1)
FNDA:34,(anonymous_2)
FNDA:37,(anonymous_3)
DA:1,3
DA:2,3
DA:3,3
DA:4,3
DA:5,3
DA:6,3
DA:7,3
DA:8,3
DA:9,3
DA:10,3
DA:17,3
DA:21,27
DA:22,27
DA:23,27
DA:24,34
DA:26,34
DA:30,27
DA:31,37
DA:32,37
DA:34,37
DA:38,14
DA:39,14
DA:41,13
DA:42,13
DA:44,7
DA:45,7
DA:47,3
DA:48,3
DA:50,0
DA:53,37
LF:30
LH:29
BRDA:37,0,0,14
BRDA:37,0,1,13
BRDA:37,0,2,7
BRDA:37,0,3,3
BRDA:37,0,4,0
BRDA:58,1,0,0
BRDA:58,1,1,37
BRF:7
BRH:5
end_of_record
TN:
SF:lib\context.ts
FN:5,useVJSFContext
FNF:1
FNH:1
FNDA:57,useVJSFContext
DA:2,3
DA:3,3
DA:5,3
DA:12,57
DA:14,0
DA:16,57
LF:6
LH:5
BRF:0
BRH:0
end_of_record
TN:
SF:lib\index.ts
FNF:0
FNH:0
DA:1,3
DA:2,3
DA:3,3
DA:4,3
DA:5,3
DA:6,3
DA:7,3
DA:8,3
DA:9,3
LF:9
LH:9
BRF:0
BRH:0
end_of_record
TN:
SF:lib\theme.tsx
FN:33,(anonymous_0)
FN:34,(anonymous_1)
FN:36,(anonymous_2)
FN:40,(anonymous_3)
FN:67,(anonymous_4)
FNF:5
FNH:5
FNDA:11,(anonymous_0)
FNDA:10,(anonymous_1)
FNDA:11,(anonymous_2)
FNDA:20,(anonymous_3)
FNDA:20,(anonymous_4)
DA:1,3
DA:18,3
DA:19,3
DA:22,3
DA:23,3
DA:34,11
DA:35,11
DA:36,11
DA:40,3
DA:46,20
DA:48,0
DA:50,20
DA:52,9
DA:54,0
DA:59,0
DA:67,20
DA:68,20
DA:70,20
DA:72,3
LF:19
LH:16
BRDA:36,0,0,11
BRDA:36,0,1,0
BRDA:53,1,0,9
BRDA:53,1,1,0
BRF:4
BRH:2
end_of_record
TN:
SF:lib\types.ts
FN:4,(anonymous_0)
FN:128,(anonymous_1)
FN:131,(anonymous_2)
FNF:3
FNH:3
FNDA:3,(anonymous_0)
FNDA:3,(anonymous_1)
FNDA:3,(anonymous_2)
DA:1,3
DA:4,3
DA:5,3
DA:6,3
DA:7,3
DA:8,3
DA:9,3
DA:10,3
DA:52,3
DA:83,3
DA:91,3
DA:112,3
DA:128,3
DA:129,3
DA:131,3
DA:132,3
DA:133,3
LF:17
LH:17
BRDA:4,0,0,3
BRDA:4,0,1,3
BRDA:128,1,0,3
BRDA:128,1,1,3
BRDA:131,2,0,3
BRDA:131,2,1,3
BRF:6
BRH:6
end_of_record
TN:
SF:lib\utils.ts
FN:9,isObject
FN:13,isEmptyObject
FN:17,hasOwnProperty
FN:30,validateData
FN:40,resolveSchema
FN:49,(anonymous_6)
FN:59,retrieveSchema
FN:99,stubExistingAdditionalProperties
FN:110,(anonymous_9)
FN:151,resolveReference
FN:164,findSchemaDefinition
FN:183,resolveDependencies
FN:208,processDependencies
FN:250,withDependentProperties
FN:260,withDependentSchema
FN:281,(anonymous_16)
FN:295,withExactlyOneSubschema
FN:302,(anonymous_18)
FN:342,mergeSchemas
FN:344,(anonymous_20)
FN:376,getSchemaType
FN:393,(anonymous_22)
FN:425,guessType
FN:443,isConstant
FN:450,isSelect
FN:456,(anonymous_26)
FN:461,isMultiSelect
FN:469,getMatchingOption
FN:488,(anonymous_29)
FN:528,mergeDefaultsWithFormData
FN:533,(anonymous_31)
FN:541,(anonymous_32)
FN:553,getDefaultFormState
FNF:33
FNH:4
FNDA:50,isObject
FNDA:0,isEmptyObject
FNDA:102,hasOwnProperty
FNDA:0,validateData
FNDA:34,resolveSchema
FNDA:0,(anonymous_6)
FNDA:34,retrieveSchema
FNDA:0,stubExistingAdditionalProperties
FNDA:0,(anonymous_9)
FNDA:0,resolveReference
FNDA:0,findSchemaDefinition
FNDA:0,resolveDependencies
FNDA:0,processDependencies
FNDA:0,withDependentProperties
FNDA:0,withDependentSchema
FNDA:0,(anonymous_16)
FNDA:0,withExactlyOneSubschema
FNDA:0,(anonymous_18)
FNDA:0,mergeSchemas
FNDA:0,(anonymous_20)
FNDA:0,getSchemaType
FNDA:0,(anonymous_22)
FNDA:0,guessType
FNDA:0,isConstant
FNDA:0,isSelect
FNDA:0,(anonymous_26)
FNDA:0,isMultiSelect
FNDA:0,getMatchingOption
FNDA:0,(anonymous_29)
FNDA:0,mergeDefaultsWithFormData
FNDA:0,(anonymous_31)
FNDA:0,(anonymous_32)
FNDA:0,getDefaultFormState
DA:1,3
DA:5,3
DA:6,3
DA:7,3
DA:9,3
DA:10,50
DA:13,3
DA:14,0
DA:17,3
DA:22,102
DA:29,3
DA:30,3
DA:31,0
DA:32,0
DA:40,3
DA:42,0
DA:44,0
DA:45,0
DA:47,0
DA:50,0
DA:55,34
DA:59,3
DA:65,0
DA:67,34
DA:72,0
DA:78,0
DA:79,0
DA:80,0
DA:84,34
DA:88,0
DA:94,34
DA:97,3
DA:99,3
DA:105,0
DA:110,0
DA:113,0
DA:118,0
DA:124,0
DA:126,0
DA:130,0
DA:132,0
DA:135,0
DA:153,0
DA:155,0
DA:157,0
DA:164,3
DA:165,0
DA:168,0
DA:170,0
DA:172,0
DA:174,0
DA:178,0
DA:180,0
DA:189,0
DA:191,0
DA:196,0
DA:201,0
DA:218,0
DA:225,0
DA:228,0
DA:230,0
DA:232,0
DA:240,0
DA:247,0
DA:252,0
DA:254,0
DA:257,0
DA:268,0
DA:273,0
DA:276,0
DA:278,0
DA:281,0
DA:282,0
DA:286,0
DA:302,0
DA:304,0
DA:306,0
DA:308,0
DA:315,0
DA:316,0
DA:320,0
DA:323,0
DA:326,0
DA:328,0
DA:329,0
DA:330,0
DA:342,3
DA:343,0
DA:344,0
DA:345,0
DA:346,0
DA:348,0
DA:359,0
DA:361,0
DA:363,0
DA:376,3
DA:377,0
DA:380,0
DA:384,0
DA:388,0
DA:391,0
DA:393,0
DA:396,0
DA:425,3
DA:427,0
DA:429,0
DA:431,0
DA:433,0
DA:435,0
DA:437,0
DA:440,0
DA:443,3
DA:444,0
DA:450,3
DA:451,0
DA:452,0
DA:454,0
DA:456,0
DA:458,0
DA:461,3
DA:463,0
DA:465,0
DA:469,3
DA:474,0
DA:475,0
DA:487,0
DA:488,0
DA:498,0
DA:501,0
DA:504,0
DA:507,0
DA:509,0
DA:511,0
DA:516,0
DA:519,0
DA:522,0
DA:525,0
DA:528,3
DA:531,0
DA:533,0
DA:535,0
DA:537,0
DA:540,0
DA:541,0
DA:542,0
DA:546,0
DA:549,0
DA:553,3
DA:560,0
DA:563,0
DA:574,0
DA:577,0
DA:580,0
DA:582,0
LF:154
LH:29
BRDA:10,0,0,50
BRDA:10,0,1,48
BRDA:10,0,2,48
BRDA:14,1,0,0
BRDA:14,1,1,0
BRDA:40,2,0,0
BRDA:40,3,0,0
BRDA:46,4,0,34
BRDA:46,4,1,0
BRDA:61,5,0,0
BRDA:62,6,0,12
BRDA:84,7,0,34
BRDA:84,7,1,0
BRDA:101,8,0,0
BRDA:102,9,0,0
BRDA:164,10,0,0
BRDA:189,11,0,0
BRDA:222,12,0,0
BRDA:222,12,1,0
BRDA:254,13,0,0
BRDA:254,13,1,0
BRDA:282,14,0,0
BRDA:282,14,1,0
BRDA:316,15,0,0
BRDA:316,15,1,0
BRDA:345,16,0,0
BRDA:345,16,1,0
BRDA:347,17,0,0
BRDA:347,17,1,0
BRDA:347,17,2,0
BRDA:350,18,0,0
BRDA:350,18,1,0
BRDA:350,18,2,0
BRDA:350,18,3,0
BRDA:350,18,4,0
BRDA:350,18,5,0
BRDA:350,18,6,0
BRDA:379,19,0,0
BRDA:379,19,1,0
BRDA:383,20,0,0
BRDA:383,20,1,0
BRDA:387,21,0,0
BRDA:387,21,1,0
BRDA:387,21,2,0
BRDA:392,22,0,0
BRDA:392,22,1,0
BRDA:392,22,2,0
BRDA:445,23,0,0
BRDA:445,23,1,0
BRDA:445,23,2,0
BRDA:450,24,0,0
BRDA:452,25,0,0
BRDA:452,25,1,0
BRDA:461,26,0,0
BRDA:462,27,0,0
BRDA:462,27,1,0
BRDA:543,28,0,0
BRDA:543,28,1,0
BRDA:576,29,0,0
BRDA:576,29,1,0
BRDA:579,30,0,0
BRDA:579,30,1,0
BRDA:579,30,2,0
BRDA:582,31,0,0
BRDA:582,31,1,0
BRF:65
BRH:6
end_of_record
TN:
SF:lib\validator.ts
FN:22,toErrorSchema
FN:25,(anonymous_2)
FN:62,transformErros
FN:67,(anonymous_4)
FN:69,(anonymous_5)
FN:82,validatorFormData
FN:135,createErrorProxy
FN:138,(anonymous_8)
FN:141,(anonymous_9)
FN:163,mergeObjects
FN:166,(anonymous_11)
FNF:11
FNH:0
FNDA:0,toErrorSchema
FNDA:0,(anonymous_2)
FNDA:0,transformErros
FNDA:0,(anonymous_4)
FNDA:0,(anonymous_5)
FNDA:0,validatorFormData
FNDA:0,createErrorProxy
FNDA:0,(anonymous_8)
FNDA:0,(anonymous_9)
FNDA:0,mergeObjects
FNDA:0,(anonymous_11)
DA:2,3
DA:4,3
DA:5,3
DA:23,0
DA:25,0
DA:26,0
DA:27,0
DA:28,0
DA:33,0
DA:43,0
DA:45,0
DA:52,0
DA:55,0
DA:58,0
DA:65,0
DA:67,0
DA:68,0
DA:70,0
DA:71,0
DA:82,3
DA:89,0
DA:91,0
DA:93,0
DA:95,0
DA:96,0
DA:98,0
DA:105,0
DA:107,0
DA:123,0
DA:124,0
DA:125,0
DA:126,0
DA:127,0
DA:136,0
DA:137,0
DA:141,0
DA:142,0
DA:144,0
DA:146,0
DA:151,0
DA:153,0
DA:154,0
DA:155,0
DA:158,0
DA:163,3
DA:165,0
DA:166,0
DA:167,0
DA:168,0
DA:170,0
DA:172,0
DA:174,0
DA:176,0
LF:53
LH:5
BRDA:23,0,0,0
BRDA:32,1,0,0
BRDA:32,1,1,0
BRDA:52,2,0,0
BRDA:52,2,1,0
BRDA:65,3,0,0
BRDA:65,4,0,0
BRDA:65,4,1,0
BRDA:86,5,0,0
BRDA:143,6,0,0
BRDA:143,6,1,0
BRDA:163,7,0,0
BRDA:167,8,0,0
BRDA:167,8,1,0
BRDA:169,9,0,0
BRDA:169,9,1,0
BRDA:169,9,2,0
BRDA:171,10,0,0
BRDA:171,10,1,0
BRDA:171,10,2,0
BRF:20
BRH:0
end_of_record
TN:
SF:lib\fields\ArrayField.tsx
FN:82,(anonymous_0)
FN:85,(anonymous_1)
FN:87,(anonymous_2)
FN:89,(anonymous_3)
FN:91,(anonymous_4)
FN:93,(anonymous_5)
FN:123,(anonymous_6)
FN:126,(anonymous_7)
FN:132,(anonymous_8)
FN:137,(anonymous_9)
FN:142,(anonymous_10)
FN:149,(anonymous_11)
FN:159,(anonymous_12)
FN:170,(anonymous_13)
FN:183,(anonymous_14)
FN:190,(anonymous_15)
FN:194,(anonymous_16)
FN:195,(anonymous_17)
FN:196,(anonymous_18)
FN:197,(anonymous_19)
FN:198,(anonymous_20)
FN:206,(anonymous_21)
FN:214,(anonymous_22)
FNF:23
FNH:8
FNDA:2,(anonymous_0)
FNDA:0,(anonymous_1)
FNDA:0,(anonymous_2)
FNDA:0,(anonymous_3)
FNDA:0,(anonymous_4)
FNDA:2,(anonymous_5)
FNDA:3,(anonymous_6)
FNDA:0,(anonymous_7)
FNDA:0,(anonymous_8)
FNDA:0,(anonymous_9)
FNDA:0,(anonymous_10)
FNDA:0,(anonymous_11)
FNDA:3,(anonymous_12)
FNDA:2,(anonymous_13)
FNDA:0,(anonymous_14)
FNDA:2,(anonymous_15)
FNDA:0,(anonymous_16)
FNDA:0,(anonymous_17)
FNDA:0,(anonymous_18)
FNDA:0,(anonymous_19)
FNDA:2,(anonymous_20)
FNDA:0,(anonymous_21)
FNDA:3,(anonymous_22)
DA:1,3
DA:2,3
DA:3,3
DA:4,3
DA:5,3
DA:33,3
DA:58,3
DA:83,2
DA:85,2
DA:87,2
DA:89,2
DA:91,2
DA:93,2
DA:94,2
DA:95,2
DA:120,3
DA:124,3
DA:126,3
DA:127,0
DA:128,0
DA:129,0
DA:130,0
DA:132,3
DA:133,0
DA:134,0
DA:135,0
DA:137,3
DA:138,0
DA:139,0
DA:140,0
DA:142,3
DA:143,0
DA:144,0
DA:145,0
DA:146,0
DA:147,0
DA:149,3
DA:150,0
DA:151,0
DA:152,0
DA:153,0
DA:154,0
DA:156,3
DA:159,3
DA:160,3
DA:161,3
DA:164,3
DA:166,3
DA:168,1
DA:169,1
DA:170,1
DA:171,2
DA:172,2
DA:175,2
DA:183,0
DA:189,1
DA:190,1
DA:191,2
DA:194,0
DA:195,0
DA:196,0
DA:197,0
DA:198,2
DA:206,0
DA:213,1
DA:214,3
DA:219,1
LF:67
LH:41
BRDA:112,0,0,2
BRDA:112,0,1,2
BRDA:128,1,0,0
BRDA:128,1,1,0
BRDA:133,2,0,0
BRDA:133,2,1,0
BRDA:138,3,0,0
BRDA:138,3,1,0
BRDA:143,4,0,0
BRDA:143,4,1,0
BRDA:144,5,0,0
BRDA:150,6,0,0
BRDA:150,6,1,0
BRDA:151,7,0,0
BRDA:166,8,0,3
BRDA:166,8,1,3
BRDA:169,9,0,1
BRDA:169,9,1,0
BRDA:172,10,0,0
BRDA:172,10,1,2
BRDA:173,11,0,0
BRDA:173,11,1,0
BRDA:174,12,0,2
BRDA:174,12,1,2
BRDA:182,13,0,2
BRDA:182,13,1,2
BRDA:189,14,0,1
BRDA:189,14,1,0
BRDA:203,15,0,2
BRDA:203,15,1,2
BRDA:205,16,0,2
BRDA:205,16,1,2
BRDA:216,17,0,0
BRDA:216,17,1,3
BRDA:217,18,0,0
BRDA:217,18,1,3
BRF:36
BRH:17
end_of_record
TN:
SF:lib\fields\NumberField.tsx
FN:7,(anonymous_0)
FN:8,(anonymous_1)
FN:17,(anonymous_2)
FNF:3
FNH:3
FNDA:8,(anonymous_0)
FNDA:1,(anonymous_1)
FNDA:13,(anonymous_2)
DA:1,3
DA:2,3
DA:3,3
DA:4,3
DA:8,8
DA:9,1
DA:11,0
DA:13,1
DA:16,8
DA:17,8
DA:19,13
DA:20,13
DA:23,13
LF:13
LH:12
BRF:0
BRH:0
end_of_record
TN:
SF:lib\fields\ObjectField.tsx
FN:10,(anonymous_0)
FN:12,(anonymous_1)
FN:22,(anonymous_2)
FN:29,(anonymous_3)
FN:39,(anonymous_4)
FNF:5
FNH:5
FNDA:7,(anonymous_0)
FNDA:4,(anonymous_1)
FNDA:12,(anonymous_2)
FNDA:22,(anonymous_3)
FNDA:4,(anonymous_4)
DA:1,3
DA:3,3
DA:4,3
DA:5,3
DA:7,3
DA:11,7
DA:12,7
DA:13,4
DA:15,1
DA:17,3
DA:19,4
DA:22,7
DA:24,12
DA:25,12
DA:26,12
DA:27,12
DA:29,12
DA:30,22
DA:31,22
DA:39,4
LF:20
LH:20
BRDA:13,0,0,3
BRDA:13,0,1,1
BRDA:26,1,0,12
BRDA:26,1,1,1
BRDA:27,2,0,11
BRDA:27,2,1,1
BRDA:30,3,0,0
BRDA:30,3,1,22
BRDA:30,4,0,0
BRDA:30,4,1,0
BRDA:38,5,0,22
BRDA:38,5,1,22
BRF:12
BRH:9
end_of_record
TN:
SF:lib\fields\StringField.tsx
FN:8,(anonymous_0)
FN:9,(anonymous_1)
FN:13,(anonymous_2)
FN:18,(anonymous_3)
FN:22,(anonymous_4)
FNF:5
FNH:4
FNDA:9,(anonymous_0)
FNDA:0,(anonymous_1)
FNDA:9,(anonymous_2)
FNDA:14,(anonymous_3)
FNDA:14,(anonymous_4)
DA:1,3
DA:2,3
DA:3,3
DA:5,3
DA:9,9
DA:10,0
DA:13,9
DA:14,9
DA:15,9
DA:17,9
DA:18,9
DA:19,14
DA:20,14
DA:22,9
DA:23,14
DA:24,14
LF:16
LH:15
BRF:0
BRH:0
end_of_record
TN:
SF:lib\theme-default\FormItem.tsx
FN:20,(anonymous_0)
FN:22,(anonymous_1)
FN:33,(anonymous_2)
FN:47,WithFormItem
FN:51,(anonymous_4)
FN:52,(anonymous_5)
FN:54,(anonymous_6)
FNF:7
FNH:6
FNDA:18,(anonymous_0)
FNDA:28,(anonymous_1)
FNDA:0,(anonymous_2)
FNDA:9,WithFormItem
FNDA:18,(anonymous_4)
FNDA:28,(anonymous_5)
FNDA:28,(anonymous_6)
DA:1,3
DA:2,3
DA:3,3
DA:4,3
DA:17,3
DA:21,18
DA:22,18
DA:23,28
DA:24,28
DA:25,28
DA:26,28
DA:33,0
DA:42,3
DA:47,3
DA:48,9
DA:52,18
DA:53,28
DA:54,28
LF:18
LH:17
BRDA:31,0,0,28
BRDA:31,0,1,28
BRF:2
BRH:2
end_of_record
TN:
SF:lib\theme-default\NumberWidget.tsx
FN:7,(anonymous_0)
FN:8,(anonymous_1)
FN:13,(anonymous_2)
FNF:3
FNH:3
FNDA:8,(anonymous_0)
FNDA:1,(anonymous_1)
FNDA:13,(anonymous_2)
DA:1,3
DA:2,3
DA:3,3
DA:4,3
DA:8,8
DA:9,1
DA:10,1
DA:11,1
DA:13,8
DA:14,13
DA:24,3
DA:25,3
LF:12
LH:12
BRF:0
BRH:0
end_of_record
TN:
SF:lib\theme-default\SelectionWidget.tsx
FN:7,(anonymous_0)
FN:9,(anonymous_1)
FN:15,(anonymous_2)
FN:16,(anonymous_3)
FN:22,(anonymous_4)
FN:26,(anonymous_5)
FN:27,(anonymous_6)
FNF:7
FNH:4
FNDA:1,(anonymous_0)
FNDA:0,(anonymous_1)
FNDA:1,(anonymous_2)
FNDA:0,(anonymous_3)
FNDA:1,(anonymous_4)
FNDA:0,(anonymous_5)
FNDA:3,(anonymous_6)
DA:1,3
DA:2,3
DA:3,3
DA:4,3
DA:8,1
DA:9,1
DA:11,0
DA:14,1
DA:15,1
DA:18,0
DA:22,1
DA:23,1
DA:25,1
DA:26,0
DA:27,3
DA:37,3
DA:38,3
LF:17
LH:14
BRF:0
BRH:0
end_of_record
TN:
SF:lib\theme-default\TextWidget.tsx
FN:7,(anonymous_0)
FN:8,(anonymous_1)
FN:14,(anonymous_2)
FN:17,(anonymous_3)
FNF:4
FNH:3
FNDA:9,(anonymous_0)
FNDA:0,(anonymous_1)
FNDA:14,(anonymous_2)
FNDA:14,(anonymous_3)
DA:1,3
DA:2,3
DA:3,3
DA:4,3
DA:8,9
DA:9,0
DA:10,0
DA:11,0
DA:12,0
DA:14,9
DA:15,14
DA:17,9
DA:18,14
DA:30,3
DA:31,3
LF:15
LH:11
BRDA:15,0,0,14
BRDA:15,0,1,14
BRF:2
BRH:2
end_of_record
TN:
SF:lib\theme-default\index.tsx
FNF:0
FNH:0
DA:1,3
DA:2,3
DA:3,3
DA:5,3
LF:4
LH:4
BRF:0
BRH:0
end_of_record
TN:
SF:tests\unit\utils\TestComponent.tsx
FN:6,(anonymous_7)
FN:7,(anonymous_8)
FN:8,(anonymous_9)
FN:29,(anonymous_10)
FN:30,(anonymous_11)
FNF:5
FNH:5
FNDA:11,(anonymous_7)
FNDA:11,(anonymous_8)
FNDA:11,(anonymous_9)
FNDA:11,(anonymous_10)
FNDA:22,(anonymous_11)
DA:1,3
DA:2,3
DA:3,3
DA:4,3
DA:7,11
DA:8,11
DA:14,3
DA:30,22
LF:8
LH:8
BRDA:9,0,0,11
BRDA:9,0,1,11
BRF:2
BRH:2
end_of_record
